[2026-02-19T19:05:35.900+0000] {processor.py:161} INFO - Started process (PID=29) to work on /opt/airflow/dags/minio_to_snowflake.py
[2026-02-19T19:05:35.901+0000] {processor.py:830} INFO - Processing file /opt/airflow/dags/minio_to_snowflake.py for tasks to queue
[2026-02-19T19:05:35.907+0000] {logging_mixin.py:188} INFO - [2026-02-19T19:05:35.906+0000] {dagbag.py:545} INFO - Filling up the DagBag from /opt/airflow/dags/minio_to_snowflake.py
[2026-02-19T19:05:39.353+0000] {processor.py:840} INFO - DAG(s) 'spotify_minio_to_snowflake_bronze' retrieved from /opt/airflow/dags/minio_to_snowflake.py
[2026-02-19T19:05:39.623+0000] {logging_mixin.py:188} INFO - [2026-02-19T19:05:39.623+0000] {dag.py:3089} INFO - Sync 1 DAGs
[2026-02-19T19:05:39.649+0000] {logging_mixin.py:188} INFO - [2026-02-19T19:05:39.649+0000] {dag.py:3947} INFO - Setting next_dagrun for spotify_minio_to_snowflake_bronze to 2026-02-19 18:00:00+00:00, run_after=2026-02-19 19:00:00+00:00
[2026-02-19T19:05:39.678+0000] {processor.py:183} INFO - Processing /opt/airflow/dags/minio_to_snowflake.py took 3.791 seconds
[2026-02-19T19:06:09.973+0000] {processor.py:161} INFO - Started process (PID=47) to work on /opt/airflow/dags/minio_to_snowflake.py
[2026-02-19T19:06:09.974+0000] {processor.py:830} INFO - Processing file /opt/airflow/dags/minio_to_snowflake.py for tasks to queue
[2026-02-19T19:06:09.976+0000] {logging_mixin.py:188} INFO - [2026-02-19T19:06:09.976+0000] {dagbag.py:545} INFO - Filling up the DagBag from /opt/airflow/dags/minio_to_snowflake.py
[2026-02-19T19:06:10.711+0000] {processor.py:840} INFO - DAG(s) 'spotify_minio_to_snowflake_bronze' retrieved from /opt/airflow/dags/minio_to_snowflake.py
[2026-02-19T19:06:10.735+0000] {logging_mixin.py:188} INFO - [2026-02-19T19:06:10.735+0000] {dag.py:3089} INFO - Sync 1 DAGs
[2026-02-19T19:06:10.752+0000] {logging_mixin.py:188} INFO - [2026-02-19T19:06:10.751+0000] {dag.py:3947} INFO - Setting next_dagrun for spotify_minio_to_snowflake_bronze to 2026-02-19 19:00:00+00:00, run_after=2026-02-19 20:00:00+00:00
[2026-02-19T19:06:10.770+0000] {processor.py:183} INFO - Processing /opt/airflow/dags/minio_to_snowflake.py took 0.805 seconds
[2026-02-19T19:06:41.031+0000] {processor.py:161} INFO - Started process (PID=50) to work on /opt/airflow/dags/minio_to_snowflake.py
[2026-02-19T19:06:41.033+0000] {processor.py:830} INFO - Processing file /opt/airflow/dags/minio_to_snowflake.py for tasks to queue
[2026-02-19T19:06:41.035+0000] {logging_mixin.py:188} INFO - [2026-02-19T19:06:41.035+0000] {dagbag.py:545} INFO - Filling up the DagBag from /opt/airflow/dags/minio_to_snowflake.py
[2026-02-19T19:06:41.867+0000] {processor.py:840} INFO - DAG(s) 'spotify_minio_to_snowflake_bronze' retrieved from /opt/airflow/dags/minio_to_snowflake.py
[2026-02-19T19:06:41.891+0000] {logging_mixin.py:188} INFO - [2026-02-19T19:06:41.891+0000] {dag.py:3089} INFO - Sync 1 DAGs
[2026-02-19T19:06:41.908+0000] {logging_mixin.py:188} INFO - [2026-02-19T19:06:41.908+0000] {dag.py:3947} INFO - Setting next_dagrun for spotify_minio_to_snowflake_bronze to 2026-02-19 19:00:00+00:00, run_after=2026-02-19 20:00:00+00:00
[2026-02-19T19:06:41.927+0000] {processor.py:183} INFO - Processing /opt/airflow/dags/minio_to_snowflake.py took 0.907 seconds
[2026-02-19T19:07:12.174+0000] {processor.py:161} INFO - Started process (PID=53) to work on /opt/airflow/dags/minio_to_snowflake.py
[2026-02-19T19:07:12.175+0000] {processor.py:830} INFO - Processing file /opt/airflow/dags/minio_to_snowflake.py for tasks to queue
[2026-02-19T19:07:12.178+0000] {logging_mixin.py:188} INFO - [2026-02-19T19:07:12.177+0000] {dagbag.py:545} INFO - Filling up the DagBag from /opt/airflow/dags/minio_to_snowflake.py
[2026-02-19T19:07:12.931+0000] {processor.py:840} INFO - DAG(s) 'spotify_minio_to_snowflake_bronze' retrieved from /opt/airflow/dags/minio_to_snowflake.py
[2026-02-19T19:07:12.956+0000] {logging_mixin.py:188} INFO - [2026-02-19T19:07:12.955+0000] {dag.py:3089} INFO - Sync 1 DAGs
[2026-02-19T19:07:12.973+0000] {logging_mixin.py:188} INFO - [2026-02-19T19:07:12.973+0000] {dag.py:3947} INFO - Setting next_dagrun for spotify_minio_to_snowflake_bronze to 2026-02-19 19:00:00+00:00, run_after=2026-02-19 20:00:00+00:00
[2026-02-19T19:07:12.989+0000] {processor.py:183} INFO - Processing /opt/airflow/dags/minio_to_snowflake.py took 0.823 seconds
[2026-02-19T19:07:43.276+0000] {processor.py:161} INFO - Started process (PID=56) to work on /opt/airflow/dags/minio_to_snowflake.py
[2026-02-19T19:07:43.278+0000] {processor.py:830} INFO - Processing file /opt/airflow/dags/minio_to_snowflake.py for tasks to queue
[2026-02-19T19:07:43.280+0000] {logging_mixin.py:188} INFO - [2026-02-19T19:07:43.279+0000] {dagbag.py:545} INFO - Filling up the DagBag from /opt/airflow/dags/minio_to_snowflake.py
[2026-02-19T19:07:44.032+0000] {processor.py:840} INFO - DAG(s) 'spotify_minio_to_snowflake_bronze' retrieved from /opt/airflow/dags/minio_to_snowflake.py
[2026-02-19T19:07:44.059+0000] {logging_mixin.py:188} INFO - [2026-02-19T19:07:44.059+0000] {dag.py:3089} INFO - Sync 1 DAGs
[2026-02-19T19:07:44.079+0000] {logging_mixin.py:188} INFO - [2026-02-19T19:07:44.079+0000] {dag.py:3947} INFO - Setting next_dagrun for spotify_minio_to_snowflake_bronze to 2026-02-19 19:00:00+00:00, run_after=2026-02-19 20:00:00+00:00
[2026-02-19T19:07:44.095+0000] {processor.py:183} INFO - Processing /opt/airflow/dags/minio_to_snowflake.py took 0.826 seconds
[2026-02-19T19:08:14.335+0000] {processor.py:161} INFO - Started process (PID=59) to work on /opt/airflow/dags/minio_to_snowflake.py
[2026-02-19T19:08:14.337+0000] {processor.py:830} INFO - Processing file /opt/airflow/dags/minio_to_snowflake.py for tasks to queue
[2026-02-19T19:08:14.345+0000] {logging_mixin.py:188} INFO - [2026-02-19T19:08:14.344+0000] {dagbag.py:545} INFO - Filling up the DagBag from /opt/airflow/dags/minio_to_snowflake.py
[2026-02-19T19:08:15.138+0000] {processor.py:840} INFO - DAG(s) 'spotify_minio_to_snowflake_bronze' retrieved from /opt/airflow/dags/minio_to_snowflake.py
[2026-02-19T19:08:15.162+0000] {logging_mixin.py:188} INFO - [2026-02-19T19:08:15.162+0000] {dag.py:3089} INFO - Sync 1 DAGs
[2026-02-19T19:08:15.184+0000] {logging_mixin.py:188} INFO - [2026-02-19T19:08:15.183+0000] {dag.py:3947} INFO - Setting next_dagrun for spotify_minio_to_snowflake_bronze to 2026-02-19 19:00:00+00:00, run_after=2026-02-19 20:00:00+00:00
[2026-02-19T19:08:15.205+0000] {processor.py:183} INFO - Processing /opt/airflow/dags/minio_to_snowflake.py took 0.879 seconds
[2026-02-19T19:08:45.254+0000] {processor.py:161} INFO - Started process (PID=62) to work on /opt/airflow/dags/minio_to_snowflake.py
[2026-02-19T19:08:45.255+0000] {processor.py:830} INFO - Processing file /opt/airflow/dags/minio_to_snowflake.py for tasks to queue
[2026-02-19T19:08:45.258+0000] {logging_mixin.py:188} INFO - [2026-02-19T19:08:45.257+0000] {dagbag.py:545} INFO - Filling up the DagBag from /opt/airflow/dags/minio_to_snowflake.py
[2026-02-19T19:08:45.975+0000] {processor.py:840} INFO - DAG(s) 'spotify_minio_to_snowflake_bronze' retrieved from /opt/airflow/dags/minio_to_snowflake.py
[2026-02-19T19:08:46.007+0000] {logging_mixin.py:188} INFO - [2026-02-19T19:08:46.007+0000] {dag.py:3089} INFO - Sync 1 DAGs
[2026-02-19T19:08:46.030+0000] {logging_mixin.py:188} INFO - [2026-02-19T19:08:46.030+0000] {dag.py:3947} INFO - Setting next_dagrun for spotify_minio_to_snowflake_bronze to 2026-02-19 19:00:00+00:00, run_after=2026-02-19 20:00:00+00:00
[2026-02-19T19:08:46.051+0000] {processor.py:183} INFO - Processing /opt/airflow/dags/minio_to_snowflake.py took 0.804 seconds
[2026-02-19T19:09:16.355+0000] {processor.py:161} INFO - Started process (PID=65) to work on /opt/airflow/dags/minio_to_snowflake.py
[2026-02-19T19:09:16.358+0000] {processor.py:830} INFO - Processing file /opt/airflow/dags/minio_to_snowflake.py for tasks to queue
[2026-02-19T19:09:16.363+0000] {logging_mixin.py:188} INFO - [2026-02-19T19:09:16.362+0000] {dagbag.py:545} INFO - Filling up the DagBag from /opt/airflow/dags/minio_to_snowflake.py
[2026-02-19T19:09:17.209+0000] {processor.py:840} INFO - DAG(s) 'spotify_minio_to_snowflake_bronze' retrieved from /opt/airflow/dags/minio_to_snowflake.py
[2026-02-19T19:09:17.241+0000] {logging_mixin.py:188} INFO - [2026-02-19T19:09:17.240+0000] {dag.py:3089} INFO - Sync 1 DAGs
[2026-02-19T19:09:17.266+0000] {logging_mixin.py:188} INFO - [2026-02-19T19:09:17.266+0000] {dag.py:3947} INFO - Setting next_dagrun for spotify_minio_to_snowflake_bronze to 2026-02-19 19:00:00+00:00, run_after=2026-02-19 20:00:00+00:00
[2026-02-19T19:09:17.289+0000] {processor.py:183} INFO - Processing /opt/airflow/dags/minio_to_snowflake.py took 0.943 seconds
[2026-02-19T19:09:47.546+0000] {processor.py:161} INFO - Started process (PID=68) to work on /opt/airflow/dags/minio_to_snowflake.py
[2026-02-19T19:09:47.548+0000] {processor.py:830} INFO - Processing file /opt/airflow/dags/minio_to_snowflake.py for tasks to queue
[2026-02-19T19:09:47.552+0000] {logging_mixin.py:188} INFO - [2026-02-19T19:09:47.551+0000] {dagbag.py:545} INFO - Filling up the DagBag from /opt/airflow/dags/minio_to_snowflake.py
[2026-02-19T19:09:48.600+0000] {processor.py:840} INFO - DAG(s) 'spotify_minio_to_snowflake_bronze' retrieved from /opt/airflow/dags/minio_to_snowflake.py
[2026-02-19T19:09:48.636+0000] {logging_mixin.py:188} INFO - [2026-02-19T19:09:48.635+0000] {dag.py:3089} INFO - Sync 1 DAGs
[2026-02-19T19:09:48.660+0000] {logging_mixin.py:188} INFO - [2026-02-19T19:09:48.660+0000] {dag.py:3947} INFO - Setting next_dagrun for spotify_minio_to_snowflake_bronze to 2026-02-19 19:00:00+00:00, run_after=2026-02-19 20:00:00+00:00
[2026-02-19T19:09:48.678+0000] {processor.py:183} INFO - Processing /opt/airflow/dags/minio_to_snowflake.py took 1.141 seconds
[2026-02-19T19:10:18.757+0000] {processor.py:161} INFO - Started process (PID=71) to work on /opt/airflow/dags/minio_to_snowflake.py
[2026-02-19T19:10:18.758+0000] {processor.py:830} INFO - Processing file /opt/airflow/dags/minio_to_snowflake.py for tasks to queue
[2026-02-19T19:10:18.761+0000] {logging_mixin.py:188} INFO - [2026-02-19T19:10:18.760+0000] {dagbag.py:545} INFO - Filling up the DagBag from /opt/airflow/dags/minio_to_snowflake.py
[2026-02-19T19:10:19.622+0000] {processor.py:840} INFO - DAG(s) 'spotify_minio_to_snowflake_bronze' retrieved from /opt/airflow/dags/minio_to_snowflake.py
[2026-02-19T19:10:19.647+0000] {logging_mixin.py:188} INFO - [2026-02-19T19:10:19.647+0000] {dag.py:3089} INFO - Sync 1 DAGs
[2026-02-19T19:10:19.665+0000] {logging_mixin.py:188} INFO - [2026-02-19T19:10:19.665+0000] {dag.py:3947} INFO - Setting next_dagrun for spotify_minio_to_snowflake_bronze to 2026-02-19 19:00:00+00:00, run_after=2026-02-19 20:00:00+00:00
[2026-02-19T19:10:19.683+0000] {processor.py:183} INFO - Processing /opt/airflow/dags/minio_to_snowflake.py took 0.934 seconds
[2026-02-19T19:10:49.984+0000] {processor.py:161} INFO - Started process (PID=119) to work on /opt/airflow/dags/minio_to_snowflake.py
[2026-02-19T19:10:49.986+0000] {processor.py:830} INFO - Processing file /opt/airflow/dags/minio_to_snowflake.py for tasks to queue
[2026-02-19T19:10:49.993+0000] {logging_mixin.py:188} INFO - [2026-02-19T19:10:49.992+0000] {dagbag.py:545} INFO - Filling up the DagBag from /opt/airflow/dags/minio_to_snowflake.py
[2026-02-19T19:10:50.918+0000] {processor.py:840} INFO - DAG(s) 'spotify_minio_to_snowflake_bronze' retrieved from /opt/airflow/dags/minio_to_snowflake.py
[2026-02-19T19:10:50.945+0000] {logging_mixin.py:188} INFO - [2026-02-19T19:10:50.945+0000] {dag.py:3089} INFO - Sync 1 DAGs
[2026-02-19T19:10:50.966+0000] {logging_mixin.py:188} INFO - [2026-02-19T19:10:50.966+0000] {dag.py:3947} INFO - Setting next_dagrun for spotify_minio_to_snowflake_bronze to 2026-02-19 19:00:00+00:00, run_after=2026-02-19 20:00:00+00:00
[2026-02-19T19:10:50.986+0000] {processor.py:183} INFO - Processing /opt/airflow/dags/minio_to_snowflake.py took 1.017 seconds
[2026-02-19T19:11:21.171+0000] {processor.py:161} INFO - Started process (PID=137) to work on /opt/airflow/dags/minio_to_snowflake.py
[2026-02-19T19:11:21.172+0000] {processor.py:830} INFO - Processing file /opt/airflow/dags/minio_to_snowflake.py for tasks to queue
[2026-02-19T19:11:21.175+0000] {logging_mixin.py:188} INFO - [2026-02-19T19:11:21.175+0000] {dagbag.py:545} INFO - Filling up the DagBag from /opt/airflow/dags/minio_to_snowflake.py
[2026-02-19T19:11:22.172+0000] {processor.py:840} INFO - DAG(s) 'spotify_minio_to_snowflake_bronze' retrieved from /opt/airflow/dags/minio_to_snowflake.py
[2026-02-19T19:11:22.200+0000] {logging_mixin.py:188} INFO - [2026-02-19T19:11:22.199+0000] {dag.py:3089} INFO - Sync 1 DAGs
[2026-02-19T19:11:22.223+0000] {logging_mixin.py:188} INFO - [2026-02-19T19:11:22.223+0000] {dag.py:3947} INFO - Setting next_dagrun for spotify_minio_to_snowflake_bronze to 2026-02-19 19:00:00+00:00, run_after=2026-02-19 20:00:00+00:00
[2026-02-19T19:11:22.241+0000] {processor.py:183} INFO - Processing /opt/airflow/dags/minio_to_snowflake.py took 1.076 seconds
[2026-02-19T19:11:52.402+0000] {processor.py:161} INFO - Started process (PID=140) to work on /opt/airflow/dags/minio_to_snowflake.py
[2026-02-19T19:11:52.404+0000] {processor.py:830} INFO - Processing file /opt/airflow/dags/minio_to_snowflake.py for tasks to queue
[2026-02-19T19:11:52.406+0000] {logging_mixin.py:188} INFO - [2026-02-19T19:11:52.406+0000] {dagbag.py:545} INFO - Filling up the DagBag from /opt/airflow/dags/minio_to_snowflake.py
[2026-02-19T19:11:53.124+0000] {processor.py:840} INFO - DAG(s) 'spotify_minio_to_snowflake_bronze' retrieved from /opt/airflow/dags/minio_to_snowflake.py
[2026-02-19T19:11:53.147+0000] {logging_mixin.py:188} INFO - [2026-02-19T19:11:53.147+0000] {dag.py:3089} INFO - Sync 1 DAGs
[2026-02-19T19:11:53.165+0000] {logging_mixin.py:188} INFO - [2026-02-19T19:11:53.165+0000] {dag.py:3947} INFO - Setting next_dagrun for spotify_minio_to_snowflake_bronze to 2026-02-19 19:00:00+00:00, run_after=2026-02-19 20:00:00+00:00
[2026-02-19T19:11:53.182+0000] {processor.py:183} INFO - Processing /opt/airflow/dags/minio_to_snowflake.py took 0.787 seconds
[2026-02-19T19:12:23.449+0000] {processor.py:161} INFO - Started process (PID=143) to work on /opt/airflow/dags/minio_to_snowflake.py
[2026-02-19T19:12:23.451+0000] {processor.py:830} INFO - Processing file /opt/airflow/dags/minio_to_snowflake.py for tasks to queue
[2026-02-19T19:12:23.454+0000] {logging_mixin.py:188} INFO - [2026-02-19T19:12:23.453+0000] {dagbag.py:545} INFO - Filling up the DagBag from /opt/airflow/dags/minio_to_snowflake.py
[2026-02-19T19:12:24.155+0000] {processor.py:840} INFO - DAG(s) 'spotify_minio_to_snowflake_bronze' retrieved from /opt/airflow/dags/minio_to_snowflake.py
[2026-02-19T19:12:24.179+0000] {logging_mixin.py:188} INFO - [2026-02-19T19:12:24.178+0000] {dag.py:3089} INFO - Sync 1 DAGs
[2026-02-19T19:12:24.196+0000] {logging_mixin.py:188} INFO - [2026-02-19T19:12:24.196+0000] {dag.py:3947} INFO - Setting next_dagrun for spotify_minio_to_snowflake_bronze to 2026-02-19 19:00:00+00:00, run_after=2026-02-19 20:00:00+00:00
[2026-02-19T19:12:24.213+0000] {processor.py:183} INFO - Processing /opt/airflow/dags/minio_to_snowflake.py took 0.773 seconds
[2026-02-19T19:12:54.475+0000] {processor.py:161} INFO - Started process (PID=146) to work on /opt/airflow/dags/minio_to_snowflake.py
[2026-02-19T19:12:54.476+0000] {processor.py:830} INFO - Processing file /opt/airflow/dags/minio_to_snowflake.py for tasks to queue
[2026-02-19T19:12:54.479+0000] {logging_mixin.py:188} INFO - [2026-02-19T19:12:54.478+0000] {dagbag.py:545} INFO - Filling up the DagBag from /opt/airflow/dags/minio_to_snowflake.py
[2026-02-19T19:12:55.132+0000] {processor.py:840} INFO - DAG(s) 'spotify_minio_to_snowflake_bronze' retrieved from /opt/airflow/dags/minio_to_snowflake.py
[2026-02-19T19:12:55.155+0000] {logging_mixin.py:188} INFO - [2026-02-19T19:12:55.154+0000] {dag.py:3089} INFO - Sync 1 DAGs
[2026-02-19T19:12:55.171+0000] {logging_mixin.py:188} INFO - [2026-02-19T19:12:55.171+0000] {dag.py:3947} INFO - Setting next_dagrun for spotify_minio_to_snowflake_bronze to 2026-02-19 19:00:00+00:00, run_after=2026-02-19 20:00:00+00:00
[2026-02-19T19:12:55.189+0000] {processor.py:183} INFO - Processing /opt/airflow/dags/minio_to_snowflake.py took 0.721 seconds
[2026-02-19T19:13:25.423+0000] {processor.py:161} INFO - Started process (PID=149) to work on /opt/airflow/dags/minio_to_snowflake.py
[2026-02-19T19:13:25.424+0000] {processor.py:830} INFO - Processing file /opt/airflow/dags/minio_to_snowflake.py for tasks to queue
[2026-02-19T19:13:25.427+0000] {logging_mixin.py:188} INFO - [2026-02-19T19:13:25.426+0000] {dagbag.py:545} INFO - Filling up the DagBag from /opt/airflow/dags/minio_to_snowflake.py
[2026-02-19T19:13:26.145+0000] {processor.py:840} INFO - DAG(s) 'spotify_minio_to_snowflake_bronze' retrieved from /opt/airflow/dags/minio_to_snowflake.py
[2026-02-19T19:13:26.168+0000] {logging_mixin.py:188} INFO - [2026-02-19T19:13:26.168+0000] {dag.py:3089} INFO - Sync 1 DAGs
[2026-02-19T19:13:26.186+0000] {logging_mixin.py:188} INFO - [2026-02-19T19:13:26.186+0000] {dag.py:3947} INFO - Setting next_dagrun for spotify_minio_to_snowflake_bronze to 2026-02-19 19:00:00+00:00, run_after=2026-02-19 20:00:00+00:00
[2026-02-19T19:13:26.203+0000] {processor.py:183} INFO - Processing /opt/airflow/dags/minio_to_snowflake.py took 0.787 seconds
[2026-02-19T19:13:56.291+0000] {processor.py:161} INFO - Started process (PID=152) to work on /opt/airflow/dags/minio_to_snowflake.py
[2026-02-19T19:13:56.293+0000] {processor.py:830} INFO - Processing file /opt/airflow/dags/minio_to_snowflake.py for tasks to queue
[2026-02-19T19:13:56.296+0000] {logging_mixin.py:188} INFO - [2026-02-19T19:13:56.295+0000] {dagbag.py:545} INFO - Filling up the DagBag from /opt/airflow/dags/minio_to_snowflake.py
[2026-02-19T19:13:56.986+0000] {processor.py:840} INFO - DAG(s) 'spotify_minio_to_snowflake_bronze' retrieved from /opt/airflow/dags/minio_to_snowflake.py
[2026-02-19T19:13:57.011+0000] {logging_mixin.py:188} INFO - [2026-02-19T19:13:57.010+0000] {dag.py:3089} INFO - Sync 1 DAGs
[2026-02-19T19:13:57.028+0000] {logging_mixin.py:188} INFO - [2026-02-19T19:13:57.027+0000] {dag.py:3947} INFO - Setting next_dagrun for spotify_minio_to_snowflake_bronze to 2026-02-19 19:00:00+00:00, run_after=2026-02-19 20:00:00+00:00
[2026-02-19T19:13:57.045+0000] {processor.py:183} INFO - Processing /opt/airflow/dags/minio_to_snowflake.py took 0.762 seconds
[2026-02-19T19:14:27.375+0000] {processor.py:161} INFO - Started process (PID=155) to work on /opt/airflow/dags/minio_to_snowflake.py
[2026-02-19T19:14:27.376+0000] {processor.py:830} INFO - Processing file /opt/airflow/dags/minio_to_snowflake.py for tasks to queue
[2026-02-19T19:14:27.379+0000] {logging_mixin.py:188} INFO - [2026-02-19T19:14:27.378+0000] {dagbag.py:545} INFO - Filling up the DagBag from /opt/airflow/dags/minio_to_snowflake.py
[2026-02-19T19:14:28.127+0000] {processor.py:840} INFO - DAG(s) 'spotify_minio_to_snowflake_bronze' retrieved from /opt/airflow/dags/minio_to_snowflake.py
[2026-02-19T19:14:28.157+0000] {logging_mixin.py:188} INFO - [2026-02-19T19:14:28.157+0000] {dag.py:3089} INFO - Sync 1 DAGs
[2026-02-19T19:14:28.181+0000] {logging_mixin.py:188} INFO - [2026-02-19T19:14:28.181+0000] {dag.py:3947} INFO - Setting next_dagrun for spotify_minio_to_snowflake_bronze to 2026-02-19 19:00:00+00:00, run_after=2026-02-19 20:00:00+00:00
[2026-02-19T19:14:28.206+0000] {processor.py:183} INFO - Processing /opt/airflow/dags/minio_to_snowflake.py took 0.836 seconds
[2026-02-19T19:14:58.458+0000] {processor.py:161} INFO - Started process (PID=158) to work on /opt/airflow/dags/minio_to_snowflake.py
[2026-02-19T19:14:58.459+0000] {processor.py:830} INFO - Processing file /opt/airflow/dags/minio_to_snowflake.py for tasks to queue
[2026-02-19T19:14:58.461+0000] {logging_mixin.py:188} INFO - [2026-02-19T19:14:58.461+0000] {dagbag.py:545} INFO - Filling up the DagBag from /opt/airflow/dags/minio_to_snowflake.py
[2026-02-19T19:14:59.332+0000] {processor.py:840} INFO - DAG(s) 'spotify_minio_to_snowflake_bronze' retrieved from /opt/airflow/dags/minio_to_snowflake.py
[2026-02-19T19:14:59.357+0000] {logging_mixin.py:188} INFO - [2026-02-19T19:14:59.357+0000] {dag.py:3089} INFO - Sync 1 DAGs
[2026-02-19T19:14:59.376+0000] {logging_mixin.py:188} INFO - [2026-02-19T19:14:59.376+0000] {dag.py:3947} INFO - Setting next_dagrun for spotify_minio_to_snowflake_bronze to 2026-02-19 19:00:00+00:00, run_after=2026-02-19 20:00:00+00:00
[2026-02-19T19:14:59.394+0000] {processor.py:183} INFO - Processing /opt/airflow/dags/minio_to_snowflake.py took 0.943 seconds
[2026-02-19T19:15:29.631+0000] {processor.py:161} INFO - Started process (PID=161) to work on /opt/airflow/dags/minio_to_snowflake.py
[2026-02-19T19:15:29.632+0000] {processor.py:830} INFO - Processing file /opt/airflow/dags/minio_to_snowflake.py for tasks to queue
[2026-02-19T19:15:29.634+0000] {logging_mixin.py:188} INFO - [2026-02-19T19:15:29.634+0000] {dagbag.py:545} INFO - Filling up the DagBag from /opt/airflow/dags/minio_to_snowflake.py
[2026-02-19T19:15:30.430+0000] {processor.py:840} INFO - DAG(s) 'spotify_minio_to_snowflake_bronze' retrieved from /opt/airflow/dags/minio_to_snowflake.py
[2026-02-19T19:15:30.454+0000] {logging_mixin.py:188} INFO - [2026-02-19T19:15:30.454+0000] {dag.py:3089} INFO - Sync 1 DAGs
[2026-02-19T19:15:30.474+0000] {logging_mixin.py:188} INFO - [2026-02-19T19:15:30.474+0000] {dag.py:3947} INFO - Setting next_dagrun for spotify_minio_to_snowflake_bronze to 2026-02-19 19:00:00+00:00, run_after=2026-02-19 20:00:00+00:00
[2026-02-19T19:15:30.494+0000] {processor.py:183} INFO - Processing /opt/airflow/dags/minio_to_snowflake.py took 0.869 seconds
[2026-02-19T19:16:00.777+0000] {processor.py:161} INFO - Started process (PID=194) to work on /opt/airflow/dags/minio_to_snowflake.py
[2026-02-19T19:16:00.778+0000] {processor.py:830} INFO - Processing file /opt/airflow/dags/minio_to_snowflake.py for tasks to queue
[2026-02-19T19:16:00.780+0000] {logging_mixin.py:188} INFO - [2026-02-19T19:16:00.779+0000] {dagbag.py:545} INFO - Filling up the DagBag from /opt/airflow/dags/minio_to_snowflake.py
[2026-02-19T19:16:01.414+0000] {processor.py:840} INFO - DAG(s) 'spotify_minio_to_snowflake_bronze' retrieved from /opt/airflow/dags/minio_to_snowflake.py
[2026-02-19T19:16:01.437+0000] {logging_mixin.py:188} INFO - [2026-02-19T19:16:01.436+0000] {dag.py:3089} INFO - Sync 1 DAGs
[2026-02-19T19:16:01.456+0000] {logging_mixin.py:188} INFO - [2026-02-19T19:16:01.456+0000] {dag.py:3947} INFO - Setting next_dagrun for spotify_minio_to_snowflake_bronze to 2026-02-19 19:00:00+00:00, run_after=2026-02-19 20:00:00+00:00
[2026-02-19T19:16:01.473+0000] {processor.py:183} INFO - Processing /opt/airflow/dags/minio_to_snowflake.py took 0.702 seconds
[2026-02-19T19:16:31.684+0000] {processor.py:161} INFO - Started process (PID=197) to work on /opt/airflow/dags/minio_to_snowflake.py
[2026-02-19T19:16:31.686+0000] {processor.py:830} INFO - Processing file /opt/airflow/dags/minio_to_snowflake.py for tasks to queue
[2026-02-19T19:16:31.688+0000] {logging_mixin.py:188} INFO - [2026-02-19T19:16:31.688+0000] {dagbag.py:545} INFO - Filling up the DagBag from /opt/airflow/dags/minio_to_snowflake.py
[2026-02-19T19:16:32.511+0000] {processor.py:840} INFO - DAG(s) 'spotify_minio_to_snowflake_bronze' retrieved from /opt/airflow/dags/minio_to_snowflake.py
[2026-02-19T19:16:32.535+0000] {logging_mixin.py:188} INFO - [2026-02-19T19:16:32.535+0000] {dag.py:3089} INFO - Sync 1 DAGs
[2026-02-19T19:16:32.551+0000] {logging_mixin.py:188} INFO - [2026-02-19T19:16:32.551+0000] {dag.py:3947} INFO - Setting next_dagrun for spotify_minio_to_snowflake_bronze to 2026-02-19 19:00:00+00:00, run_after=2026-02-19 20:00:00+00:00
[2026-02-19T19:16:32.567+0000] {processor.py:183} INFO - Processing /opt/airflow/dags/minio_to_snowflake.py took 0.891 seconds
[2026-02-19T19:17:02.854+0000] {processor.py:161} INFO - Started process (PID=200) to work on /opt/airflow/dags/minio_to_snowflake.py
[2026-02-19T19:17:02.856+0000] {processor.py:830} INFO - Processing file /opt/airflow/dags/minio_to_snowflake.py for tasks to queue
[2026-02-19T19:17:02.858+0000] {logging_mixin.py:188} INFO - [2026-02-19T19:17:02.858+0000] {dagbag.py:545} INFO - Filling up the DagBag from /opt/airflow/dags/minio_to_snowflake.py
[2026-02-19T19:17:03.571+0000] {processor.py:840} INFO - DAG(s) 'spotify_minio_to_snowflake_bronze' retrieved from /opt/airflow/dags/minio_to_snowflake.py
[2026-02-19T19:17:03.598+0000] {logging_mixin.py:188} INFO - [2026-02-19T19:17:03.598+0000] {dag.py:3089} INFO - Sync 1 DAGs
[2026-02-19T19:17:03.616+0000] {logging_mixin.py:188} INFO - [2026-02-19T19:17:03.616+0000] {dag.py:3947} INFO - Setting next_dagrun for spotify_minio_to_snowflake_bronze to 2026-02-19 19:00:00+00:00, run_after=2026-02-19 20:00:00+00:00
[2026-02-19T19:17:03.634+0000] {processor.py:183} INFO - Processing /opt/airflow/dags/minio_to_snowflake.py took 0.789 seconds
[2026-02-19T19:17:33.901+0000] {processor.py:161} INFO - Started process (PID=203) to work on /opt/airflow/dags/minio_to_snowflake.py
[2026-02-19T19:17:33.902+0000] {processor.py:830} INFO - Processing file /opt/airflow/dags/minio_to_snowflake.py for tasks to queue
[2026-02-19T19:17:33.904+0000] {logging_mixin.py:188} INFO - [2026-02-19T19:17:33.904+0000] {dagbag.py:545} INFO - Filling up the DagBag from /opt/airflow/dags/minio_to_snowflake.py
[2026-02-19T19:17:34.729+0000] {processor.py:840} INFO - DAG(s) 'spotify_minio_to_snowflake_bronze' retrieved from /opt/airflow/dags/minio_to_snowflake.py
[2026-02-19T19:17:34.755+0000] {logging_mixin.py:188} INFO - [2026-02-19T19:17:34.755+0000] {dag.py:3089} INFO - Sync 1 DAGs
[2026-02-19T19:17:34.774+0000] {logging_mixin.py:188} INFO - [2026-02-19T19:17:34.774+0000] {dag.py:3947} INFO - Setting next_dagrun for spotify_minio_to_snowflake_bronze to 2026-02-19 19:00:00+00:00, run_after=2026-02-19 20:00:00+00:00
[2026-02-19T19:17:34.794+0000] {processor.py:183} INFO - Processing /opt/airflow/dags/minio_to_snowflake.py took 0.900 seconds
[2026-02-19T19:18:05.068+0000] {processor.py:161} INFO - Started process (PID=206) to work on /opt/airflow/dags/minio_to_snowflake.py
[2026-02-19T19:18:05.069+0000] {processor.py:830} INFO - Processing file /opt/airflow/dags/minio_to_snowflake.py for tasks to queue
[2026-02-19T19:18:05.071+0000] {logging_mixin.py:188} INFO - [2026-02-19T19:18:05.071+0000] {dagbag.py:545} INFO - Filling up the DagBag from /opt/airflow/dags/minio_to_snowflake.py
[2026-02-19T19:18:05.837+0000] {processor.py:840} INFO - DAG(s) 'spotify_minio_to_snowflake_bronze' retrieved from /opt/airflow/dags/minio_to_snowflake.py
[2026-02-19T19:18:05.860+0000] {logging_mixin.py:188} INFO - [2026-02-19T19:18:05.859+0000] {dag.py:3089} INFO - Sync 1 DAGs
[2026-02-19T19:18:05.879+0000] {logging_mixin.py:188} INFO - [2026-02-19T19:18:05.879+0000] {dag.py:3947} INFO - Setting next_dagrun for spotify_minio_to_snowflake_bronze to 2026-02-19 19:00:00+00:00, run_after=2026-02-19 20:00:00+00:00
[2026-02-19T19:18:05.929+0000] {processor.py:183} INFO - Processing /opt/airflow/dags/minio_to_snowflake.py took 0.869 seconds
[2026-02-19T19:18:36.248+0000] {processor.py:161} INFO - Started process (PID=209) to work on /opt/airflow/dags/minio_to_snowflake.py
[2026-02-19T19:18:36.250+0000] {processor.py:830} INFO - Processing file /opt/airflow/dags/minio_to_snowflake.py for tasks to queue
[2026-02-19T19:18:36.252+0000] {logging_mixin.py:188} INFO - [2026-02-19T19:18:36.251+0000] {dagbag.py:545} INFO - Filling up the DagBag from /opt/airflow/dags/minio_to_snowflake.py
[2026-02-19T19:18:36.962+0000] {processor.py:840} INFO - DAG(s) 'spotify_minio_to_snowflake_bronze' retrieved from /opt/airflow/dags/minio_to_snowflake.py
[2026-02-19T19:18:36.989+0000] {logging_mixin.py:188} INFO - [2026-02-19T19:18:36.989+0000] {dag.py:3089} INFO - Sync 1 DAGs
[2026-02-19T19:18:37.011+0000] {logging_mixin.py:188} INFO - [2026-02-19T19:18:37.011+0000] {dag.py:3947} INFO - Setting next_dagrun for spotify_minio_to_snowflake_bronze to 2026-02-19 19:00:00+00:00, run_after=2026-02-19 20:00:00+00:00
[2026-02-19T19:18:37.031+0000] {processor.py:183} INFO - Processing /opt/airflow/dags/minio_to_snowflake.py took 0.790 seconds
[2026-02-19T19:19:07.312+0000] {processor.py:161} INFO - Started process (PID=242) to work on /opt/airflow/dags/minio_to_snowflake.py
[2026-02-19T19:19:07.314+0000] {processor.py:830} INFO - Processing file /opt/airflow/dags/minio_to_snowflake.py for tasks to queue
[2026-02-19T19:19:07.316+0000] {logging_mixin.py:188} INFO - [2026-02-19T19:19:07.316+0000] {dagbag.py:545} INFO - Filling up the DagBag from /opt/airflow/dags/minio_to_snowflake.py
[2026-02-19T19:19:08.145+0000] {processor.py:840} INFO - DAG(s) 'spotify_minio_to_snowflake_bronze' retrieved from /opt/airflow/dags/minio_to_snowflake.py
[2026-02-19T19:19:08.169+0000] {logging_mixin.py:188} INFO - [2026-02-19T19:19:08.169+0000] {dag.py:3089} INFO - Sync 1 DAGs
[2026-02-19T19:19:08.187+0000] {logging_mixin.py:188} INFO - [2026-02-19T19:19:08.187+0000] {dag.py:3947} INFO - Setting next_dagrun for spotify_minio_to_snowflake_bronze to 2026-02-19 19:00:00+00:00, run_after=2026-02-19 20:00:00+00:00
[2026-02-19T19:19:08.203+0000] {processor.py:183} INFO - Processing /opt/airflow/dags/minio_to_snowflake.py took 0.902 seconds
[2026-02-19T19:19:38.492+0000] {processor.py:161} INFO - Started process (PID=245) to work on /opt/airflow/dags/minio_to_snowflake.py
[2026-02-19T19:19:38.494+0000] {processor.py:830} INFO - Processing file /opt/airflow/dags/minio_to_snowflake.py for tasks to queue
[2026-02-19T19:19:38.497+0000] {logging_mixin.py:188} INFO - [2026-02-19T19:19:38.496+0000] {dagbag.py:545} INFO - Filling up the DagBag from /opt/airflow/dags/minio_to_snowflake.py
[2026-02-19T19:19:39.277+0000] {processor.py:840} INFO - DAG(s) 'spotify_minio_to_snowflake_bronze' retrieved from /opt/airflow/dags/minio_to_snowflake.py
[2026-02-19T19:19:39.307+0000] {logging_mixin.py:188} INFO - [2026-02-19T19:19:39.306+0000] {dag.py:3089} INFO - Sync 1 DAGs
[2026-02-19T19:19:39.331+0000] {logging_mixin.py:188} INFO - [2026-02-19T19:19:39.330+0000] {dag.py:3947} INFO - Setting next_dagrun for spotify_minio_to_snowflake_bronze to 2026-02-19 19:00:00+00:00, run_after=2026-02-19 20:00:00+00:00
[2026-02-19T19:19:39.352+0000] {processor.py:183} INFO - Processing /opt/airflow/dags/minio_to_snowflake.py took 0.868 seconds
[2026-02-19T19:20:09.606+0000] {processor.py:161} INFO - Started process (PID=248) to work on /opt/airflow/dags/minio_to_snowflake.py
[2026-02-19T19:20:09.607+0000] {processor.py:830} INFO - Processing file /opt/airflow/dags/minio_to_snowflake.py for tasks to queue
[2026-02-19T19:20:09.609+0000] {logging_mixin.py:188} INFO - [2026-02-19T19:20:09.609+0000] {dagbag.py:545} INFO - Filling up the DagBag from /opt/airflow/dags/minio_to_snowflake.py
[2026-02-19T19:20:10.436+0000] {processor.py:840} INFO - DAG(s) 'spotify_minio_to_snowflake_bronze' retrieved from /opt/airflow/dags/minio_to_snowflake.py
[2026-02-19T19:20:10.461+0000] {logging_mixin.py:188} INFO - [2026-02-19T19:20:10.460+0000] {dag.py:3089} INFO - Sync 1 DAGs
[2026-02-19T19:20:10.480+0000] {logging_mixin.py:188} INFO - [2026-02-19T19:20:10.479+0000] {dag.py:3947} INFO - Setting next_dagrun for spotify_minio_to_snowflake_bronze to 2026-02-19 19:00:00+00:00, run_after=2026-02-19 20:00:00+00:00
[2026-02-19T19:20:10.500+0000] {processor.py:183} INFO - Processing /opt/airflow/dags/minio_to_snowflake.py took 0.901 seconds
[2026-02-19T19:20:40.781+0000] {processor.py:161} INFO - Started process (PID=251) to work on /opt/airflow/dags/minio_to_snowflake.py
[2026-02-19T19:20:40.782+0000] {processor.py:830} INFO - Processing file /opt/airflow/dags/minio_to_snowflake.py for tasks to queue
[2026-02-19T19:20:40.784+0000] {logging_mixin.py:188} INFO - [2026-02-19T19:20:40.784+0000] {dagbag.py:545} INFO - Filling up the DagBag from /opt/airflow/dags/minio_to_snowflake.py
[2026-02-19T19:20:41.446+0000] {processor.py:840} INFO - DAG(s) 'spotify_minio_to_snowflake_bronze' retrieved from /opt/airflow/dags/minio_to_snowflake.py
[2026-02-19T19:20:41.470+0000] {logging_mixin.py:188} INFO - [2026-02-19T19:20:41.469+0000] {dag.py:3089} INFO - Sync 1 DAGs
[2026-02-19T19:20:41.487+0000] {logging_mixin.py:188} INFO - [2026-02-19T19:20:41.487+0000] {dag.py:3947} INFO - Setting next_dagrun for spotify_minio_to_snowflake_bronze to 2026-02-19 19:00:00+00:00, run_after=2026-02-19 20:00:00+00:00
[2026-02-19T19:20:41.504+0000] {processor.py:183} INFO - Processing /opt/airflow/dags/minio_to_snowflake.py took 0.730 seconds
[2026-02-19T19:21:11.755+0000] {processor.py:161} INFO - Started process (PID=254) to work on /opt/airflow/dags/minio_to_snowflake.py
[2026-02-19T19:21:11.756+0000] {processor.py:830} INFO - Processing file /opt/airflow/dags/minio_to_snowflake.py for tasks to queue
[2026-02-19T19:21:11.758+0000] {logging_mixin.py:188} INFO - [2026-02-19T19:21:11.758+0000] {dagbag.py:545} INFO - Filling up the DagBag from /opt/airflow/dags/minio_to_snowflake.py
[2026-02-19T19:21:12.518+0000] {processor.py:840} INFO - DAG(s) 'spotify_minio_to_snowflake_bronze' retrieved from /opt/airflow/dags/minio_to_snowflake.py
[2026-02-19T19:21:12.542+0000] {logging_mixin.py:188} INFO - [2026-02-19T19:21:12.541+0000] {dag.py:3089} INFO - Sync 1 DAGs
[2026-02-19T19:21:12.559+0000] {logging_mixin.py:188} INFO - [2026-02-19T19:21:12.559+0000] {dag.py:3947} INFO - Setting next_dagrun for spotify_minio_to_snowflake_bronze to 2026-02-19 19:00:00+00:00, run_after=2026-02-19 20:00:00+00:00
[2026-02-19T19:21:12.575+0000] {processor.py:183} INFO - Processing /opt/airflow/dags/minio_to_snowflake.py took 0.827 seconds
[2026-02-19T19:21:42.865+0000] {processor.py:161} INFO - Started process (PID=272) to work on /opt/airflow/dags/minio_to_snowflake.py
[2026-02-19T19:21:42.866+0000] {processor.py:830} INFO - Processing file /opt/airflow/dags/minio_to_snowflake.py for tasks to queue
[2026-02-19T19:21:42.870+0000] {logging_mixin.py:188} INFO - [2026-02-19T19:21:42.869+0000] {dagbag.py:545} INFO - Filling up the DagBag from /opt/airflow/dags/minio_to_snowflake.py
[2026-02-19T19:21:43.681+0000] {processor.py:840} INFO - DAG(s) 'spotify_minio_to_snowflake_bronze' retrieved from /opt/airflow/dags/minio_to_snowflake.py
[2026-02-19T19:21:43.707+0000] {logging_mixin.py:188} INFO - [2026-02-19T19:21:43.707+0000] {dag.py:3089} INFO - Sync 1 DAGs
[2026-02-19T19:21:43.725+0000] {logging_mixin.py:188} INFO - [2026-02-19T19:21:43.725+0000] {dag.py:3947} INFO - Setting next_dagrun for spotify_minio_to_snowflake_bronze to 2026-02-19 19:00:00+00:00, run_after=2026-02-19 20:00:00+00:00
[2026-02-19T19:21:43.741+0000] {processor.py:183} INFO - Processing /opt/airflow/dags/minio_to_snowflake.py took 0.886 seconds
[2026-02-19T19:22:14.006+0000] {processor.py:161} INFO - Started process (PID=275) to work on /opt/airflow/dags/minio_to_snowflake.py
[2026-02-19T19:22:14.008+0000] {processor.py:830} INFO - Processing file /opt/airflow/dags/minio_to_snowflake.py for tasks to queue
[2026-02-19T19:22:14.010+0000] {logging_mixin.py:188} INFO - [2026-02-19T19:22:14.009+0000] {dagbag.py:545} INFO - Filling up the DagBag from /opt/airflow/dags/minio_to_snowflake.py
[2026-02-19T19:22:14.722+0000] {processor.py:840} INFO - DAG(s) 'spotify_minio_to_snowflake_bronze' retrieved from /opt/airflow/dags/minio_to_snowflake.py
[2026-02-19T19:22:14.744+0000] {logging_mixin.py:188} INFO - [2026-02-19T19:22:14.744+0000] {dag.py:3089} INFO - Sync 1 DAGs
[2026-02-19T19:22:14.763+0000] {logging_mixin.py:188} INFO - [2026-02-19T19:22:14.763+0000] {dag.py:3947} INFO - Setting next_dagrun for spotify_minio_to_snowflake_bronze to 2026-02-19 19:00:00+00:00, run_after=2026-02-19 20:00:00+00:00
[2026-02-19T19:22:14.780+0000] {processor.py:183} INFO - Processing /opt/airflow/dags/minio_to_snowflake.py took 0.781 seconds
[2026-02-19T19:22:45.026+0000] {processor.py:161} INFO - Started process (PID=278) to work on /opt/airflow/dags/minio_to_snowflake.py
[2026-02-19T19:22:45.027+0000] {processor.py:830} INFO - Processing file /opt/airflow/dags/minio_to_snowflake.py for tasks to queue
[2026-02-19T19:22:45.028+0000] {logging_mixin.py:188} INFO - [2026-02-19T19:22:45.028+0000] {dagbag.py:545} INFO - Filling up the DagBag from /opt/airflow/dags/minio_to_snowflake.py
[2026-02-19T19:22:45.681+0000] {processor.py:840} INFO - DAG(s) 'spotify_minio_to_snowflake_bronze' retrieved from /opt/airflow/dags/minio_to_snowflake.py
[2026-02-19T19:22:45.706+0000] {logging_mixin.py:188} INFO - [2026-02-19T19:22:45.705+0000] {dag.py:3089} INFO - Sync 1 DAGs
[2026-02-19T19:22:45.722+0000] {logging_mixin.py:188} INFO - [2026-02-19T19:22:45.722+0000] {dag.py:3947} INFO - Setting next_dagrun for spotify_minio_to_snowflake_bronze to 2026-02-19 19:00:00+00:00, run_after=2026-02-19 20:00:00+00:00
[2026-02-19T19:22:45.737+0000] {processor.py:183} INFO - Processing /opt/airflow/dags/minio_to_snowflake.py took 0.717 seconds
[2026-02-19T19:23:16.036+0000] {processor.py:161} INFO - Started process (PID=281) to work on /opt/airflow/dags/minio_to_snowflake.py
[2026-02-19T19:23:16.037+0000] {processor.py:830} INFO - Processing file /opt/airflow/dags/minio_to_snowflake.py for tasks to queue
[2026-02-19T19:23:16.039+0000] {logging_mixin.py:188} INFO - [2026-02-19T19:23:16.039+0000] {dagbag.py:545} INFO - Filling up the DagBag from /opt/airflow/dags/minio_to_snowflake.py
[2026-02-19T19:23:16.764+0000] {processor.py:840} INFO - DAG(s) 'spotify_minio_to_snowflake_bronze' retrieved from /opt/airflow/dags/minio_to_snowflake.py
[2026-02-19T19:23:16.788+0000] {logging_mixin.py:188} INFO - [2026-02-19T19:23:16.787+0000] {dag.py:3089} INFO - Sync 1 DAGs
[2026-02-19T19:23:16.805+0000] {logging_mixin.py:188} INFO - [2026-02-19T19:23:16.804+0000] {dag.py:3947} INFO - Setting next_dagrun for spotify_minio_to_snowflake_bronze to 2026-02-19 19:00:00+00:00, run_after=2026-02-19 20:00:00+00:00
[2026-02-19T19:23:16.823+0000] {processor.py:183} INFO - Processing /opt/airflow/dags/minio_to_snowflake.py took 0.793 seconds
[2026-02-19T19:23:47.088+0000] {processor.py:161} INFO - Started process (PID=284) to work on /opt/airflow/dags/minio_to_snowflake.py
[2026-02-19T19:23:47.089+0000] {processor.py:830} INFO - Processing file /opt/airflow/dags/minio_to_snowflake.py for tasks to queue
[2026-02-19T19:23:47.093+0000] {logging_mixin.py:188} INFO - [2026-02-19T19:23:47.093+0000] {dagbag.py:545} INFO - Filling up the DagBag from /opt/airflow/dags/minio_to_snowflake.py
[2026-02-19T19:23:47.800+0000] {processor.py:840} INFO - DAG(s) 'spotify_minio_to_snowflake_bronze' retrieved from /opt/airflow/dags/minio_to_snowflake.py
[2026-02-19T19:23:47.826+0000] {logging_mixin.py:188} INFO - [2026-02-19T19:23:47.826+0000] {dag.py:3089} INFO - Sync 1 DAGs
[2026-02-19T19:23:47.848+0000] {logging_mixin.py:188} INFO - [2026-02-19T19:23:47.848+0000] {dag.py:3947} INFO - Setting next_dagrun for spotify_minio_to_snowflake_bronze to 2026-02-19 19:00:00+00:00, run_after=2026-02-19 20:00:00+00:00
[2026-02-19T19:23:47.867+0000] {processor.py:183} INFO - Processing /opt/airflow/dags/minio_to_snowflake.py took 0.789 seconds
[2026-02-19T19:23:53.908+0000] {processor.py:161} INFO - Started process (PID=287) to work on /opt/airflow/dags/minio_to_snowflake.py
[2026-02-19T19:23:53.910+0000] {processor.py:830} INFO - Processing file /opt/airflow/dags/minio_to_snowflake.py for tasks to queue
[2026-02-19T19:23:53.913+0000] {logging_mixin.py:188} INFO - [2026-02-19T19:23:53.913+0000] {dagbag.py:545} INFO - Filling up the DagBag from /opt/airflow/dags/minio_to_snowflake.py
[2026-02-19T19:23:54.754+0000] {processor.py:840} INFO - DAG(s) 'spotify_minio_to_snowflake_bronze' retrieved from /opt/airflow/dags/minio_to_snowflake.py
[2026-02-19T19:23:54.780+0000] {logging_mixin.py:188} INFO - [2026-02-19T19:23:54.779+0000] {dag.py:3089} INFO - Sync 1 DAGs
[2026-02-19T19:23:54.797+0000] {logging_mixin.py:188} INFO - [2026-02-19T19:23:54.796+0000] {dag.py:3947} INFO - Setting next_dagrun for spotify_minio_to_snowflake_bronze to 2026-02-19 19:00:00+00:00, run_after=2026-02-19 20:00:00+00:00
[2026-02-19T19:23:54.822+0000] {processor.py:183} INFO - Processing /opt/airflow/dags/minio_to_snowflake.py took 0.922 seconds
[2026-02-19T19:23:57.893+0000] {processor.py:161} INFO - Started process (PID=290) to work on /opt/airflow/dags/minio_to_snowflake.py
[2026-02-19T19:23:57.894+0000] {processor.py:830} INFO - Processing file /opt/airflow/dags/minio_to_snowflake.py for tasks to queue
[2026-02-19T19:23:57.896+0000] {logging_mixin.py:188} INFO - [2026-02-19T19:23:57.896+0000] {dagbag.py:545} INFO - Filling up the DagBag from /opt/airflow/dags/minio_to_snowflake.py
[2026-02-19T19:23:58.779+0000] {processor.py:840} INFO - DAG(s) 'spotify_minio_to_snowflake_bronze' retrieved from /opt/airflow/dags/minio_to_snowflake.py
[2026-02-19T19:23:58.806+0000] {logging_mixin.py:188} INFO - [2026-02-19T19:23:58.805+0000] {dag.py:3089} INFO - Sync 1 DAGs
[2026-02-19T19:23:58.825+0000] {logging_mixin.py:188} INFO - [2026-02-19T19:23:58.825+0000] {dag.py:3947} INFO - Setting next_dagrun for spotify_minio_to_snowflake_bronze to 2026-02-19 19:00:00+00:00, run_after=2026-02-19 20:00:00+00:00
[2026-02-19T19:23:58.850+0000] {processor.py:183} INFO - Processing /opt/airflow/dags/minio_to_snowflake.py took 0.964 seconds
[2026-02-19T19:24:29.144+0000] {processor.py:161} INFO - Started process (PID=308) to work on /opt/airflow/dags/minio_to_snowflake.py
[2026-02-19T19:24:29.145+0000] {processor.py:830} INFO - Processing file /opt/airflow/dags/minio_to_snowflake.py for tasks to queue
[2026-02-19T19:24:29.148+0000] {logging_mixin.py:188} INFO - [2026-02-19T19:24:29.148+0000] {dagbag.py:545} INFO - Filling up the DagBag from /opt/airflow/dags/minio_to_snowflake.py
[2026-02-19T19:24:29.884+0000] {processor.py:840} INFO - DAG(s) 'spotify_minio_to_snowflake_bronze' retrieved from /opt/airflow/dags/minio_to_snowflake.py
[2026-02-19T19:24:29.916+0000] {logging_mixin.py:188} INFO - [2026-02-19T19:24:29.915+0000] {dag.py:3089} INFO - Sync 1 DAGs
[2026-02-19T19:24:29.950+0000] {logging_mixin.py:188} INFO - [2026-02-19T19:24:29.950+0000] {dag.py:3947} INFO - Setting next_dagrun for spotify_minio_to_snowflake_bronze to 2026-02-19 19:00:00+00:00, run_after=2026-02-19 20:00:00+00:00
[2026-02-19T19:24:29.981+0000] {processor.py:183} INFO - Processing /opt/airflow/dags/minio_to_snowflake.py took 0.845 seconds
[2026-02-19T19:25:00.305+0000] {processor.py:161} INFO - Started process (PID=311) to work on /opt/airflow/dags/minio_to_snowflake.py
[2026-02-19T19:25:00.306+0000] {processor.py:830} INFO - Processing file /opt/airflow/dags/minio_to_snowflake.py for tasks to queue
[2026-02-19T19:25:00.309+0000] {logging_mixin.py:188} INFO - [2026-02-19T19:25:00.309+0000] {dagbag.py:545} INFO - Filling up the DagBag from /opt/airflow/dags/minio_to_snowflake.py
[2026-02-19T19:25:00.977+0000] {processor.py:840} INFO - DAG(s) 'spotify_minio_to_snowflake_bronze' retrieved from /opt/airflow/dags/minio_to_snowflake.py
[2026-02-19T19:25:01.006+0000] {logging_mixin.py:188} INFO - [2026-02-19T19:25:01.006+0000] {dag.py:3089} INFO - Sync 1 DAGs
[2026-02-19T19:25:01.024+0000] {logging_mixin.py:188} INFO - [2026-02-19T19:25:01.024+0000] {dag.py:3947} INFO - Setting next_dagrun for spotify_minio_to_snowflake_bronze to 2026-02-19 19:00:00+00:00, run_after=2026-02-19 20:00:00+00:00
[2026-02-19T19:25:01.041+0000] {processor.py:183} INFO - Processing /opt/airflow/dags/minio_to_snowflake.py took 0.743 seconds
[2026-02-19T19:25:31.302+0000] {processor.py:161} INFO - Started process (PID=314) to work on /opt/airflow/dags/minio_to_snowflake.py
[2026-02-19T19:25:31.304+0000] {processor.py:830} INFO - Processing file /opt/airflow/dags/minio_to_snowflake.py for tasks to queue
[2026-02-19T19:25:31.306+0000] {logging_mixin.py:188} INFO - [2026-02-19T19:25:31.306+0000] {dagbag.py:545} INFO - Filling up the DagBag from /opt/airflow/dags/minio_to_snowflake.py
[2026-02-19T19:25:32.006+0000] {processor.py:840} INFO - DAG(s) 'spotify_minio_to_snowflake_bronze' retrieved from /opt/airflow/dags/minio_to_snowflake.py
[2026-02-19T19:25:32.030+0000] {logging_mixin.py:188} INFO - [2026-02-19T19:25:32.030+0000] {dag.py:3089} INFO - Sync 1 DAGs
[2026-02-19T19:25:32.049+0000] {logging_mixin.py:188} INFO - [2026-02-19T19:25:32.048+0000] {dag.py:3947} INFO - Setting next_dagrun for spotify_minio_to_snowflake_bronze to 2026-02-19 19:00:00+00:00, run_after=2026-02-19 20:00:00+00:00
[2026-02-19T19:25:32.075+0000] {processor.py:183} INFO - Processing /opt/airflow/dags/minio_to_snowflake.py took 0.781 seconds
[2026-02-19T19:26:02.344+0000] {processor.py:161} INFO - Started process (PID=317) to work on /opt/airflow/dags/minio_to_snowflake.py
[2026-02-19T19:26:02.345+0000] {processor.py:830} INFO - Processing file /opt/airflow/dags/minio_to_snowflake.py for tasks to queue
[2026-02-19T19:26:02.348+0000] {logging_mixin.py:188} INFO - [2026-02-19T19:26:02.347+0000] {dagbag.py:545} INFO - Filling up the DagBag from /opt/airflow/dags/minio_to_snowflake.py
[2026-02-19T19:26:03.067+0000] {processor.py:840} INFO - DAG(s) 'spotify_minio_to_snowflake_bronze' retrieved from /opt/airflow/dags/minio_to_snowflake.py
[2026-02-19T19:26:03.100+0000] {logging_mixin.py:188} INFO - [2026-02-19T19:26:03.099+0000] {dag.py:3089} INFO - Sync 1 DAGs
[2026-02-19T19:26:03.121+0000] {logging_mixin.py:188} INFO - [2026-02-19T19:26:03.121+0000] {dag.py:3947} INFO - Setting next_dagrun for spotify_minio_to_snowflake_bronze to 2026-02-19 19:00:00+00:00, run_after=2026-02-19 20:00:00+00:00
[2026-02-19T19:26:03.143+0000] {processor.py:183} INFO - Processing /opt/airflow/dags/minio_to_snowflake.py took 0.807 seconds
[2026-02-19T19:26:33.394+0000] {processor.py:161} INFO - Started process (PID=320) to work on /opt/airflow/dags/minio_to_snowflake.py
[2026-02-19T19:26:33.395+0000] {processor.py:830} INFO - Processing file /opt/airflow/dags/minio_to_snowflake.py for tasks to queue
[2026-02-19T19:26:33.397+0000] {logging_mixin.py:188} INFO - [2026-02-19T19:26:33.397+0000] {dagbag.py:545} INFO - Filling up the DagBag from /opt/airflow/dags/minio_to_snowflake.py
[2026-02-19T19:26:34.247+0000] {processor.py:840} INFO - DAG(s) 'spotify_minio_to_snowflake_bronze' retrieved from /opt/airflow/dags/minio_to_snowflake.py
[2026-02-19T19:26:34.271+0000] {logging_mixin.py:188} INFO - [2026-02-19T19:26:34.270+0000] {dag.py:3089} INFO - Sync 1 DAGs
[2026-02-19T19:26:34.290+0000] {logging_mixin.py:188} INFO - [2026-02-19T19:26:34.290+0000] {dag.py:3947} INFO - Setting next_dagrun for spotify_minio_to_snowflake_bronze to 2026-02-19 19:00:00+00:00, run_after=2026-02-19 20:00:00+00:00
[2026-02-19T19:26:34.305+0000] {processor.py:183} INFO - Processing /opt/airflow/dags/minio_to_snowflake.py took 0.921 seconds
[2026-02-19T19:27:04.571+0000] {processor.py:161} INFO - Started process (PID=323) to work on /opt/airflow/dags/minio_to_snowflake.py
[2026-02-19T19:27:04.572+0000] {processor.py:830} INFO - Processing file /opt/airflow/dags/minio_to_snowflake.py for tasks to queue
[2026-02-19T19:27:04.575+0000] {logging_mixin.py:188} INFO - [2026-02-19T19:27:04.574+0000] {dagbag.py:545} INFO - Filling up the DagBag from /opt/airflow/dags/minio_to_snowflake.py
[2026-02-19T19:27:05.295+0000] {processor.py:840} INFO - DAG(s) 'spotify_minio_to_snowflake_bronze' retrieved from /opt/airflow/dags/minio_to_snowflake.py
[2026-02-19T19:27:05.322+0000] {logging_mixin.py:188} INFO - [2026-02-19T19:27:05.322+0000] {dag.py:3089} INFO - Sync 1 DAGs
[2026-02-19T19:27:05.343+0000] {logging_mixin.py:188} INFO - [2026-02-19T19:27:05.343+0000] {dag.py:3947} INFO - Setting next_dagrun for spotify_minio_to_snowflake_bronze to 2026-02-19 19:00:00+00:00, run_after=2026-02-19 20:00:00+00:00
[2026-02-19T19:27:05.363+0000] {processor.py:183} INFO - Processing /opt/airflow/dags/minio_to_snowflake.py took 0.799 seconds
[2026-02-19T19:27:35.534+0000] {processor.py:161} INFO - Started process (PID=326) to work on /opt/airflow/dags/minio_to_snowflake.py
[2026-02-19T19:27:35.535+0000] {processor.py:830} INFO - Processing file /opt/airflow/dags/minio_to_snowflake.py for tasks to queue
[2026-02-19T19:27:35.538+0000] {logging_mixin.py:188} INFO - [2026-02-19T19:27:35.537+0000] {dagbag.py:545} INFO - Filling up the DagBag from /opt/airflow/dags/minio_to_snowflake.py
[2026-02-19T19:27:36.329+0000] {processor.py:840} INFO - DAG(s) 'spotify_minio_to_snowflake_bronze' retrieved from /opt/airflow/dags/minio_to_snowflake.py
[2026-02-19T19:27:36.357+0000] {logging_mixin.py:188} INFO - [2026-02-19T19:27:36.356+0000] {dag.py:3089} INFO - Sync 1 DAGs
[2026-02-19T19:27:36.379+0000] {logging_mixin.py:188} INFO - [2026-02-19T19:27:36.379+0000] {dag.py:3947} INFO - Setting next_dagrun for spotify_minio_to_snowflake_bronze to 2026-02-19 19:00:00+00:00, run_after=2026-02-19 20:00:00+00:00
[2026-02-19T19:27:36.402+0000] {processor.py:183} INFO - Processing /opt/airflow/dags/minio_to_snowflake.py took 0.878 seconds
[2026-02-19T19:28:06.705+0000] {processor.py:161} INFO - Started process (PID=329) to work on /opt/airflow/dags/minio_to_snowflake.py
[2026-02-19T19:28:06.706+0000] {processor.py:830} INFO - Processing file /opt/airflow/dags/minio_to_snowflake.py for tasks to queue
[2026-02-19T19:28:06.708+0000] {logging_mixin.py:188} INFO - [2026-02-19T19:28:06.708+0000] {dagbag.py:545} INFO - Filling up the DagBag from /opt/airflow/dags/minio_to_snowflake.py
[2026-02-19T19:28:07.398+0000] {processor.py:840} INFO - DAG(s) 'spotify_minio_to_snowflake_bronze' retrieved from /opt/airflow/dags/minio_to_snowflake.py
[2026-02-19T19:28:07.420+0000] {logging_mixin.py:188} INFO - [2026-02-19T19:28:07.420+0000] {dag.py:3089} INFO - Sync 1 DAGs
[2026-02-19T19:28:07.437+0000] {logging_mixin.py:188} INFO - [2026-02-19T19:28:07.437+0000] {dag.py:3947} INFO - Setting next_dagrun for spotify_minio_to_snowflake_bronze to 2026-02-19 19:00:00+00:00, run_after=2026-02-19 20:00:00+00:00
[2026-02-19T19:28:07.455+0000] {processor.py:183} INFO - Processing /opt/airflow/dags/minio_to_snowflake.py took 0.755 seconds
[2026-02-19T19:28:37.750+0000] {processor.py:161} INFO - Started process (PID=332) to work on /opt/airflow/dags/minio_to_snowflake.py
[2026-02-19T19:28:37.752+0000] {processor.py:830} INFO - Processing file /opt/airflow/dags/minio_to_snowflake.py for tasks to queue
[2026-02-19T19:28:37.754+0000] {logging_mixin.py:188} INFO - [2026-02-19T19:28:37.754+0000] {dagbag.py:545} INFO - Filling up the DagBag from /opt/airflow/dags/minio_to_snowflake.py
[2026-02-19T19:28:38.430+0000] {processor.py:840} INFO - DAG(s) 'spotify_minio_to_snowflake_bronze' retrieved from /opt/airflow/dags/minio_to_snowflake.py
[2026-02-19T19:28:38.454+0000] {logging_mixin.py:188} INFO - [2026-02-19T19:28:38.453+0000] {dag.py:3089} INFO - Sync 1 DAGs
[2026-02-19T19:28:38.471+0000] {logging_mixin.py:188} INFO - [2026-02-19T19:28:38.471+0000] {dag.py:3947} INFO - Setting next_dagrun for spotify_minio_to_snowflake_bronze to 2026-02-19 19:00:00+00:00, run_after=2026-02-19 20:00:00+00:00
[2026-02-19T19:28:38.487+0000] {processor.py:183} INFO - Processing /opt/airflow/dags/minio_to_snowflake.py took 0.742 seconds
[2026-02-19T19:29:08.784+0000] {processor.py:161} INFO - Started process (PID=335) to work on /opt/airflow/dags/minio_to_snowflake.py
[2026-02-19T19:29:08.785+0000] {processor.py:830} INFO - Processing file /opt/airflow/dags/minio_to_snowflake.py for tasks to queue
[2026-02-19T19:29:08.787+0000] {logging_mixin.py:188} INFO - [2026-02-19T19:29:08.787+0000] {dagbag.py:545} INFO - Filling up the DagBag from /opt/airflow/dags/minio_to_snowflake.py
[2026-02-19T19:29:09.652+0000] {processor.py:840} INFO - DAG(s) 'spotify_minio_to_snowflake_bronze' retrieved from /opt/airflow/dags/minio_to_snowflake.py
[2026-02-19T19:29:09.684+0000] {logging_mixin.py:188} INFO - [2026-02-19T19:29:09.684+0000] {dag.py:3089} INFO - Sync 1 DAGs
[2026-02-19T19:29:09.706+0000] {logging_mixin.py:188} INFO - [2026-02-19T19:29:09.706+0000] {dag.py:3947} INFO - Setting next_dagrun for spotify_minio_to_snowflake_bronze to 2026-02-19 19:00:00+00:00, run_after=2026-02-19 20:00:00+00:00
[2026-02-19T19:29:09.728+0000] {processor.py:183} INFO - Processing /opt/airflow/dags/minio_to_snowflake.py took 0.951 seconds
[2026-02-19T19:29:23.423+0000] {processor.py:161} INFO - Started process (PID=338) to work on /opt/airflow/dags/minio_to_snowflake.py
[2026-02-19T19:29:23.424+0000] {processor.py:830} INFO - Processing file /opt/airflow/dags/minio_to_snowflake.py for tasks to queue
[2026-02-19T19:29:23.426+0000] {logging_mixin.py:188} INFO - [2026-02-19T19:29:23.425+0000] {dagbag.py:545} INFO - Filling up the DagBag from /opt/airflow/dags/minio_to_snowflake.py
[2026-02-19T19:29:24.111+0000] {processor.py:840} INFO - DAG(s) 'spotify_minio_to_snowflake_bronze' retrieved from /opt/airflow/dags/minio_to_snowflake.py
[2026-02-19T19:29:24.135+0000] {logging_mixin.py:188} INFO - [2026-02-19T19:29:24.134+0000] {dag.py:3089} INFO - Sync 1 DAGs
[2026-02-19T19:29:24.153+0000] {logging_mixin.py:188} INFO - [2026-02-19T19:29:24.153+0000] {dag.py:3947} INFO - Setting next_dagrun for spotify_minio_to_snowflake_bronze to 2026-02-19 19:00:00+00:00, run_after=2026-02-19 20:00:00+00:00
[2026-02-19T19:29:24.173+0000] {processor.py:183} INFO - Processing /opt/airflow/dags/minio_to_snowflake.py took 0.756 seconds
[2026-02-19T19:29:54.405+0000] {processor.py:161} INFO - Started process (PID=341) to work on /opt/airflow/dags/minio_to_snowflake.py
[2026-02-19T19:29:54.406+0000] {processor.py:830} INFO - Processing file /opt/airflow/dags/minio_to_snowflake.py for tasks to queue
[2026-02-19T19:29:54.408+0000] {logging_mixin.py:188} INFO - [2026-02-19T19:29:54.407+0000] {dagbag.py:545} INFO - Filling up the DagBag from /opt/airflow/dags/minio_to_snowflake.py
[2026-02-19T19:29:55.179+0000] {processor.py:840} INFO - DAG(s) 'spotify_minio_to_snowflake_bronze' retrieved from /opt/airflow/dags/minio_to_snowflake.py
[2026-02-19T19:29:55.202+0000] {logging_mixin.py:188} INFO - [2026-02-19T19:29:55.202+0000] {dag.py:3089} INFO - Sync 1 DAGs
[2026-02-19T19:29:55.219+0000] {logging_mixin.py:188} INFO - [2026-02-19T19:29:55.219+0000] {dag.py:3947} INFO - Setting next_dagrun for spotify_minio_to_snowflake_bronze to 2026-02-19 19:00:00+00:00, run_after=2026-02-19 20:00:00+00:00
[2026-02-19T19:29:55.235+0000] {processor.py:183} INFO - Processing /opt/airflow/dags/minio_to_snowflake.py took 0.838 seconds
[2026-02-19T19:30:25.334+0000] {processor.py:161} INFO - Started process (PID=344) to work on /opt/airflow/dags/minio_to_snowflake.py
[2026-02-19T19:30:25.336+0000] {processor.py:830} INFO - Processing file /opt/airflow/dags/minio_to_snowflake.py for tasks to queue
[2026-02-19T19:30:25.338+0000] {logging_mixin.py:188} INFO - [2026-02-19T19:30:25.338+0000] {dagbag.py:545} INFO - Filling up the DagBag from /opt/airflow/dags/minio_to_snowflake.py
[2026-02-19T19:30:26.248+0000] {processor.py:840} INFO - DAG(s) 'spotify_minio_to_snowflake_bronze' retrieved from /opt/airflow/dags/minio_to_snowflake.py
[2026-02-19T19:30:26.274+0000] {logging_mixin.py:188} INFO - [2026-02-19T19:30:26.274+0000] {dag.py:3089} INFO - Sync 1 DAGs
[2026-02-19T19:30:26.295+0000] {logging_mixin.py:188} INFO - [2026-02-19T19:30:26.295+0000] {dag.py:3947} INFO - Setting next_dagrun for spotify_minio_to_snowflake_bronze to 2026-02-19 19:00:00+00:00, run_after=2026-02-19 20:00:00+00:00
[2026-02-19T19:30:26.319+0000] {processor.py:183} INFO - Processing /opt/airflow/dags/minio_to_snowflake.py took 0.995 seconds
[2026-02-19T19:30:56.613+0000] {processor.py:161} INFO - Started process (PID=347) to work on /opt/airflow/dags/minio_to_snowflake.py
[2026-02-19T19:30:56.614+0000] {processor.py:830} INFO - Processing file /opt/airflow/dags/minio_to_snowflake.py for tasks to queue
[2026-02-19T19:30:56.616+0000] {logging_mixin.py:188} INFO - [2026-02-19T19:30:56.615+0000] {dagbag.py:545} INFO - Filling up the DagBag from /opt/airflow/dags/minio_to_snowflake.py
[2026-02-19T19:30:57.323+0000] {processor.py:840} INFO - DAG(s) 'spotify_minio_to_snowflake_bronze' retrieved from /opt/airflow/dags/minio_to_snowflake.py
[2026-02-19T19:30:57.349+0000] {logging_mixin.py:188} INFO - [2026-02-19T19:30:57.348+0000] {dag.py:3089} INFO - Sync 1 DAGs
[2026-02-19T19:30:57.372+0000] {logging_mixin.py:188} INFO - [2026-02-19T19:30:57.372+0000] {dag.py:3947} INFO - Setting next_dagrun for spotify_minio_to_snowflake_bronze to 2026-02-19 19:00:00+00:00, run_after=2026-02-19 20:00:00+00:00
[2026-02-19T19:30:57.390+0000] {processor.py:183} INFO - Processing /opt/airflow/dags/minio_to_snowflake.py took 0.783 seconds
[2026-02-19T19:31:27.681+0000] {processor.py:161} INFO - Started process (PID=350) to work on /opt/airflow/dags/minio_to_snowflake.py
[2026-02-19T19:31:27.682+0000] {processor.py:830} INFO - Processing file /opt/airflow/dags/minio_to_snowflake.py for tasks to queue
[2026-02-19T19:31:27.685+0000] {logging_mixin.py:188} INFO - [2026-02-19T19:31:27.685+0000] {dagbag.py:545} INFO - Filling up the DagBag from /opt/airflow/dags/minio_to_snowflake.py
[2026-02-19T19:31:28.478+0000] {processor.py:840} INFO - DAG(s) 'spotify_minio_to_snowflake_bronze' retrieved from /opt/airflow/dags/minio_to_snowflake.py
[2026-02-19T19:31:28.507+0000] {logging_mixin.py:188} INFO - [2026-02-19T19:31:28.506+0000] {dag.py:3089} INFO - Sync 1 DAGs
[2026-02-19T19:31:28.532+0000] {logging_mixin.py:188} INFO - [2026-02-19T19:31:28.532+0000] {dag.py:3947} INFO - Setting next_dagrun for spotify_minio_to_snowflake_bronze to 2026-02-19 19:00:00+00:00, run_after=2026-02-19 20:00:00+00:00
[2026-02-19T19:31:28.554+0000] {processor.py:183} INFO - Processing /opt/airflow/dags/minio_to_snowflake.py took 0.879 seconds
[2026-02-19T19:31:58.901+0000] {processor.py:161} INFO - Started process (PID=353) to work on /opt/airflow/dags/minio_to_snowflake.py
[2026-02-19T19:31:58.903+0000] {processor.py:830} INFO - Processing file /opt/airflow/dags/minio_to_snowflake.py for tasks to queue
[2026-02-19T19:31:58.905+0000] {logging_mixin.py:188} INFO - [2026-02-19T19:31:58.904+0000] {dagbag.py:545} INFO - Filling up the DagBag from /opt/airflow/dags/minio_to_snowflake.py
[2026-02-19T19:31:59.574+0000] {processor.py:840} INFO - DAG(s) 'spotify_minio_to_snowflake_bronze' retrieved from /opt/airflow/dags/minio_to_snowflake.py
[2026-02-19T19:31:59.596+0000] {logging_mixin.py:188} INFO - [2026-02-19T19:31:59.596+0000] {dag.py:3089} INFO - Sync 1 DAGs
[2026-02-19T19:31:59.613+0000] {logging_mixin.py:188} INFO - [2026-02-19T19:31:59.613+0000] {dag.py:3947} INFO - Setting next_dagrun for spotify_minio_to_snowflake_bronze to 2026-02-19 19:00:00+00:00, run_after=2026-02-19 20:00:00+00:00
[2026-02-19T19:31:59.631+0000] {processor.py:183} INFO - Processing /opt/airflow/dags/minio_to_snowflake.py took 0.736 seconds
[2026-02-19T19:32:29.962+0000] {processor.py:161} INFO - Started process (PID=356) to work on /opt/airflow/dags/minio_to_snowflake.py
[2026-02-19T19:32:29.963+0000] {processor.py:830} INFO - Processing file /opt/airflow/dags/minio_to_snowflake.py for tasks to queue
[2026-02-19T19:32:29.965+0000] {logging_mixin.py:188} INFO - [2026-02-19T19:32:29.965+0000] {dagbag.py:545} INFO - Filling up the DagBag from /opt/airflow/dags/minio_to_snowflake.py
[2026-02-19T19:32:30.712+0000] {processor.py:840} INFO - DAG(s) 'spotify_minio_to_snowflake_bronze' retrieved from /opt/airflow/dags/minio_to_snowflake.py
[2026-02-19T19:32:30.740+0000] {logging_mixin.py:188} INFO - [2026-02-19T19:32:30.739+0000] {dag.py:3089} INFO - Sync 1 DAGs
[2026-02-19T19:32:30.762+0000] {logging_mixin.py:188} INFO - [2026-02-19T19:32:30.762+0000] {dag.py:3947} INFO - Setting next_dagrun for spotify_minio_to_snowflake_bronze to 2026-02-19 19:00:00+00:00, run_after=2026-02-19 20:00:00+00:00
[2026-02-19T19:32:30.782+0000] {processor.py:183} INFO - Processing /opt/airflow/dags/minio_to_snowflake.py took 0.826 seconds
[2026-02-19T19:33:01.054+0000] {processor.py:161} INFO - Started process (PID=359) to work on /opt/airflow/dags/minio_to_snowflake.py
[2026-02-19T19:33:01.055+0000] {processor.py:830} INFO - Processing file /opt/airflow/dags/minio_to_snowflake.py for tasks to queue
[2026-02-19T19:33:01.057+0000] {logging_mixin.py:188} INFO - [2026-02-19T19:33:01.056+0000] {dagbag.py:545} INFO - Filling up the DagBag from /opt/airflow/dags/minio_to_snowflake.py
[2026-02-19T19:33:01.712+0000] {processor.py:840} INFO - DAG(s) 'spotify_minio_to_snowflake_bronze' retrieved from /opt/airflow/dags/minio_to_snowflake.py
[2026-02-19T19:33:01.740+0000] {logging_mixin.py:188} INFO - [2026-02-19T19:33:01.739+0000] {dag.py:3089} INFO - Sync 1 DAGs
[2026-02-19T19:33:01.768+0000] {logging_mixin.py:188} INFO - [2026-02-19T19:33:01.767+0000] {dag.py:3947} INFO - Setting next_dagrun for spotify_minio_to_snowflake_bronze to 2026-02-19 19:00:00+00:00, run_after=2026-02-19 20:00:00+00:00
[2026-02-19T19:33:01.789+0000] {processor.py:183} INFO - Processing /opt/airflow/dags/minio_to_snowflake.py took 0.742 seconds
[2026-02-19T19:33:32.049+0000] {processor.py:161} INFO - Started process (PID=362) to work on /opt/airflow/dags/minio_to_snowflake.py
[2026-02-19T19:33:32.050+0000] {processor.py:830} INFO - Processing file /opt/airflow/dags/minio_to_snowflake.py for tasks to queue
[2026-02-19T19:33:32.052+0000] {logging_mixin.py:188} INFO - [2026-02-19T19:33:32.051+0000] {dagbag.py:545} INFO - Filling up the DagBag from /opt/airflow/dags/minio_to_snowflake.py
[2026-02-19T19:33:32.800+0000] {processor.py:840} INFO - DAG(s) 'spotify_minio_to_snowflake_bronze' retrieved from /opt/airflow/dags/minio_to_snowflake.py
[2026-02-19T19:33:32.824+0000] {logging_mixin.py:188} INFO - [2026-02-19T19:33:32.823+0000] {dag.py:3089} INFO - Sync 1 DAGs
[2026-02-19T19:33:32.841+0000] {logging_mixin.py:188} INFO - [2026-02-19T19:33:32.841+0000] {dag.py:3947} INFO - Setting next_dagrun for spotify_minio_to_snowflake_bronze to 2026-02-19 19:00:00+00:00, run_after=2026-02-19 20:00:00+00:00
[2026-02-19T19:33:32.861+0000] {processor.py:183} INFO - Processing /opt/airflow/dags/minio_to_snowflake.py took 0.818 seconds
[2026-02-19T19:34:03.015+0000] {processor.py:161} INFO - Started process (PID=365) to work on /opt/airflow/dags/minio_to_snowflake.py
[2026-02-19T19:34:03.016+0000] {processor.py:830} INFO - Processing file /opt/airflow/dags/minio_to_snowflake.py for tasks to queue
[2026-02-19T19:34:03.017+0000] {logging_mixin.py:188} INFO - [2026-02-19T19:34:03.017+0000] {dagbag.py:545} INFO - Filling up the DagBag from /opt/airflow/dags/minio_to_snowflake.py
[2026-02-19T19:34:03.692+0000] {processor.py:840} INFO - DAG(s) 'spotify_minio_to_snowflake_bronze' retrieved from /opt/airflow/dags/minio_to_snowflake.py
[2026-02-19T19:34:03.716+0000] {logging_mixin.py:188} INFO - [2026-02-19T19:34:03.715+0000] {dag.py:3089} INFO - Sync 1 DAGs
[2026-02-19T19:34:03.733+0000] {logging_mixin.py:188} INFO - [2026-02-19T19:34:03.733+0000] {dag.py:3947} INFO - Setting next_dagrun for spotify_minio_to_snowflake_bronze to 2026-02-19 19:00:00+00:00, run_after=2026-02-19 20:00:00+00:00
[2026-02-19T19:34:03.752+0000] {processor.py:183} INFO - Processing /opt/airflow/dags/minio_to_snowflake.py took 0.742 seconds
[2026-02-19T19:34:34.072+0000] {processor.py:161} INFO - Started process (PID=368) to work on /opt/airflow/dags/minio_to_snowflake.py
[2026-02-19T19:34:34.073+0000] {processor.py:830} INFO - Processing file /opt/airflow/dags/minio_to_snowflake.py for tasks to queue
[2026-02-19T19:34:34.075+0000] {logging_mixin.py:188} INFO - [2026-02-19T19:34:34.075+0000] {dagbag.py:545} INFO - Filling up the DagBag from /opt/airflow/dags/minio_to_snowflake.py
[2026-02-19T19:34:34.716+0000] {processor.py:840} INFO - DAG(s) 'spotify_minio_to_snowflake_bronze' retrieved from /opt/airflow/dags/minio_to_snowflake.py
[2026-02-19T19:34:34.741+0000] {logging_mixin.py:188} INFO - [2026-02-19T19:34:34.741+0000] {dag.py:3089} INFO - Sync 1 DAGs
[2026-02-19T19:34:34.758+0000] {logging_mixin.py:188} INFO - [2026-02-19T19:34:34.758+0000] {dag.py:3947} INFO - Setting next_dagrun for spotify_minio_to_snowflake_bronze to 2026-02-19 19:00:00+00:00, run_after=2026-02-19 20:00:00+00:00
[2026-02-19T19:34:34.775+0000] {processor.py:183} INFO - Processing /opt/airflow/dags/minio_to_snowflake.py took 0.710 seconds
[2026-02-19T19:35:05.053+0000] {processor.py:161} INFO - Started process (PID=371) to work on /opt/airflow/dags/minio_to_snowflake.py
[2026-02-19T19:35:05.054+0000] {processor.py:830} INFO - Processing file /opt/airflow/dags/minio_to_snowflake.py for tasks to queue
[2026-02-19T19:35:05.056+0000] {logging_mixin.py:188} INFO - [2026-02-19T19:35:05.055+0000] {dagbag.py:545} INFO - Filling up the DagBag from /opt/airflow/dags/minio_to_snowflake.py
[2026-02-19T19:35:05.705+0000] {processor.py:840} INFO - DAG(s) 'spotify_minio_to_snowflake_bronze' retrieved from /opt/airflow/dags/minio_to_snowflake.py
[2026-02-19T19:35:05.729+0000] {logging_mixin.py:188} INFO - [2026-02-19T19:35:05.729+0000] {dag.py:3089} INFO - Sync 1 DAGs
[2026-02-19T19:35:05.746+0000] {logging_mixin.py:188} INFO - [2026-02-19T19:35:05.746+0000] {dag.py:3947} INFO - Setting next_dagrun for spotify_minio_to_snowflake_bronze to 2026-02-19 19:00:00+00:00, run_after=2026-02-19 20:00:00+00:00
[2026-02-19T19:35:05.764+0000] {processor.py:183} INFO - Processing /opt/airflow/dags/minio_to_snowflake.py took 0.717 seconds
[2026-02-19T19:35:35.917+0000] {processor.py:161} INFO - Started process (PID=374) to work on /opt/airflow/dags/minio_to_snowflake.py
[2026-02-19T19:35:35.918+0000] {processor.py:830} INFO - Processing file /opt/airflow/dags/minio_to_snowflake.py for tasks to queue
[2026-02-19T19:35:35.920+0000] {logging_mixin.py:188} INFO - [2026-02-19T19:35:35.919+0000] {dagbag.py:545} INFO - Filling up the DagBag from /opt/airflow/dags/minio_to_snowflake.py
[2026-02-19T19:35:36.600+0000] {processor.py:840} INFO - DAG(s) 'spotify_minio_to_snowflake_bronze' retrieved from /opt/airflow/dags/minio_to_snowflake.py
[2026-02-19T19:35:36.623+0000] {logging_mixin.py:188} INFO - [2026-02-19T19:35:36.623+0000] {dag.py:3089} INFO - Sync 1 DAGs
[2026-02-19T19:35:36.640+0000] {logging_mixin.py:188} INFO - [2026-02-19T19:35:36.639+0000] {dag.py:3947} INFO - Setting next_dagrun for spotify_minio_to_snowflake_bronze to 2026-02-19 19:00:00+00:00, run_after=2026-02-19 20:00:00+00:00
[2026-02-19T19:35:36.655+0000] {processor.py:183} INFO - Processing /opt/airflow/dags/minio_to_snowflake.py took 0.744 seconds
[2026-02-19T19:36:07.062+0000] {processor.py:161} INFO - Started process (PID=377) to work on /opt/airflow/dags/minio_to_snowflake.py
[2026-02-19T19:36:07.064+0000] {processor.py:830} INFO - Processing file /opt/airflow/dags/minio_to_snowflake.py for tasks to queue
[2026-02-19T19:36:07.066+0000] {logging_mixin.py:188} INFO - [2026-02-19T19:36:07.065+0000] {dagbag.py:545} INFO - Filling up the DagBag from /opt/airflow/dags/minio_to_snowflake.py
[2026-02-19T19:36:07.882+0000] {processor.py:840} INFO - DAG(s) 'spotify_minio_to_snowflake_bronze' retrieved from /opt/airflow/dags/minio_to_snowflake.py
[2026-02-19T19:36:07.905+0000] {logging_mixin.py:188} INFO - [2026-02-19T19:36:07.905+0000] {dag.py:3089} INFO - Sync 1 DAGs
[2026-02-19T19:36:07.925+0000] {logging_mixin.py:188} INFO - [2026-02-19T19:36:07.925+0000] {dag.py:3947} INFO - Setting next_dagrun for spotify_minio_to_snowflake_bronze to 2026-02-19 19:00:00+00:00, run_after=2026-02-19 20:00:00+00:00
[2026-02-19T19:36:07.943+0000] {processor.py:183} INFO - Processing /opt/airflow/dags/minio_to_snowflake.py took 0.888 seconds
[2026-02-19T19:36:38.241+0000] {processor.py:161} INFO - Started process (PID=380) to work on /opt/airflow/dags/minio_to_snowflake.py
[2026-02-19T19:36:38.243+0000] {processor.py:830} INFO - Processing file /opt/airflow/dags/minio_to_snowflake.py for tasks to queue
[2026-02-19T19:36:38.245+0000] {logging_mixin.py:188} INFO - [2026-02-19T19:36:38.244+0000] {dagbag.py:545} INFO - Filling up the DagBag from /opt/airflow/dags/minio_to_snowflake.py
[2026-02-19T19:36:38.882+0000] {processor.py:840} INFO - DAG(s) 'spotify_minio_to_snowflake_bronze' retrieved from /opt/airflow/dags/minio_to_snowflake.py
[2026-02-19T19:36:38.905+0000] {logging_mixin.py:188} INFO - [2026-02-19T19:36:38.905+0000] {dag.py:3089} INFO - Sync 1 DAGs
[2026-02-19T19:36:38.926+0000] {logging_mixin.py:188} INFO - [2026-02-19T19:36:38.926+0000] {dag.py:3947} INFO - Setting next_dagrun for spotify_minio_to_snowflake_bronze to 2026-02-19 19:00:00+00:00, run_after=2026-02-19 20:00:00+00:00
[2026-02-19T19:36:38.944+0000] {processor.py:183} INFO - Processing /opt/airflow/dags/minio_to_snowflake.py took 0.708 seconds
[2026-02-19T19:37:09.255+0000] {processor.py:161} INFO - Started process (PID=383) to work on /opt/airflow/dags/minio_to_snowflake.py
[2026-02-19T19:37:09.256+0000] {processor.py:830} INFO - Processing file /opt/airflow/dags/minio_to_snowflake.py for tasks to queue
[2026-02-19T19:37:09.258+0000] {logging_mixin.py:188} INFO - [2026-02-19T19:37:09.258+0000] {dagbag.py:545} INFO - Filling up the DagBag from /opt/airflow/dags/minio_to_snowflake.py
[2026-02-19T19:37:09.961+0000] {processor.py:840} INFO - DAG(s) 'spotify_minio_to_snowflake_bronze' retrieved from /opt/airflow/dags/minio_to_snowflake.py
[2026-02-19T19:37:09.986+0000] {logging_mixin.py:188} INFO - [2026-02-19T19:37:09.986+0000] {dag.py:3089} INFO - Sync 1 DAGs
[2026-02-19T19:37:10.004+0000] {logging_mixin.py:188} INFO - [2026-02-19T19:37:10.004+0000] {dag.py:3947} INFO - Setting next_dagrun for spotify_minio_to_snowflake_bronze to 2026-02-19 19:00:00+00:00, run_after=2026-02-19 20:00:00+00:00
[2026-02-19T19:37:10.024+0000] {processor.py:183} INFO - Processing /opt/airflow/dags/minio_to_snowflake.py took 0.776 seconds
[2026-02-19T19:37:40.281+0000] {processor.py:161} INFO - Started process (PID=386) to work on /opt/airflow/dags/minio_to_snowflake.py
[2026-02-19T19:37:40.282+0000] {processor.py:830} INFO - Processing file /opt/airflow/dags/minio_to_snowflake.py for tasks to queue
[2026-02-19T19:37:40.284+0000] {logging_mixin.py:188} INFO - [2026-02-19T19:37:40.284+0000] {dagbag.py:545} INFO - Filling up the DagBag from /opt/airflow/dags/minio_to_snowflake.py
[2026-02-19T19:37:41.192+0000] {processor.py:840} INFO - DAG(s) 'spotify_minio_to_snowflake_bronze' retrieved from /opt/airflow/dags/minio_to_snowflake.py
[2026-02-19T19:37:41.222+0000] {logging_mixin.py:188} INFO - [2026-02-19T19:37:41.221+0000] {dag.py:3089} INFO - Sync 1 DAGs
[2026-02-19T19:37:41.248+0000] {logging_mixin.py:188} INFO - [2026-02-19T19:37:41.248+0000] {dag.py:3947} INFO - Setting next_dagrun for spotify_minio_to_snowflake_bronze to 2026-02-19 19:00:00+00:00, run_after=2026-02-19 20:00:00+00:00
[2026-02-19T19:37:41.272+0000] {processor.py:183} INFO - Processing /opt/airflow/dags/minio_to_snowflake.py took 0.997 seconds
[2026-02-19T19:38:11.567+0000] {processor.py:161} INFO - Started process (PID=389) to work on /opt/airflow/dags/minio_to_snowflake.py
[2026-02-19T19:38:11.568+0000] {processor.py:830} INFO - Processing file /opt/airflow/dags/minio_to_snowflake.py for tasks to queue
[2026-02-19T19:38:11.570+0000] {logging_mixin.py:188} INFO - [2026-02-19T19:38:11.570+0000] {dagbag.py:545} INFO - Filling up the DagBag from /opt/airflow/dags/minio_to_snowflake.py
[2026-02-19T19:38:12.238+0000] {processor.py:840} INFO - DAG(s) 'spotify_minio_to_snowflake_bronze' retrieved from /opt/airflow/dags/minio_to_snowflake.py
[2026-02-19T19:38:12.270+0000] {logging_mixin.py:188} INFO - [2026-02-19T19:38:12.270+0000] {dag.py:3089} INFO - Sync 1 DAGs
[2026-02-19T19:38:12.292+0000] {logging_mixin.py:188} INFO - [2026-02-19T19:38:12.292+0000] {dag.py:3947} INFO - Setting next_dagrun for spotify_minio_to_snowflake_bronze to 2026-02-19 19:00:00+00:00, run_after=2026-02-19 20:00:00+00:00
[2026-02-19T19:38:12.309+0000] {processor.py:183} INFO - Processing /opt/airflow/dags/minio_to_snowflake.py took 0.747 seconds
[2026-02-19T19:38:42.552+0000] {processor.py:161} INFO - Started process (PID=392) to work on /opt/airflow/dags/minio_to_snowflake.py
[2026-02-19T19:38:42.553+0000] {processor.py:830} INFO - Processing file /opt/airflow/dags/minio_to_snowflake.py for tasks to queue
[2026-02-19T19:38:42.555+0000] {logging_mixin.py:188} INFO - [2026-02-19T19:38:42.554+0000] {dagbag.py:545} INFO - Filling up the DagBag from /opt/airflow/dags/minio_to_snowflake.py
[2026-02-19T19:38:43.251+0000] {processor.py:840} INFO - DAG(s) 'spotify_minio_to_snowflake_bronze' retrieved from /opt/airflow/dags/minio_to_snowflake.py
[2026-02-19T19:38:43.274+0000] {logging_mixin.py:188} INFO - [2026-02-19T19:38:43.274+0000] {dag.py:3089} INFO - Sync 1 DAGs
[2026-02-19T19:38:43.291+0000] {logging_mixin.py:188} INFO - [2026-02-19T19:38:43.291+0000] {dag.py:3947} INFO - Setting next_dagrun for spotify_minio_to_snowflake_bronze to 2026-02-19 19:00:00+00:00, run_after=2026-02-19 20:00:00+00:00
[2026-02-19T19:38:43.309+0000] {processor.py:183} INFO - Processing /opt/airflow/dags/minio_to_snowflake.py took 0.763 seconds
[2026-02-19T19:39:13.634+0000] {processor.py:161} INFO - Started process (PID=395) to work on /opt/airflow/dags/minio_to_snowflake.py
[2026-02-19T19:39:13.635+0000] {processor.py:830} INFO - Processing file /opt/airflow/dags/minio_to_snowflake.py for tasks to queue
[2026-02-19T19:39:13.637+0000] {logging_mixin.py:188} INFO - [2026-02-19T19:39:13.636+0000] {dagbag.py:545} INFO - Filling up the DagBag from /opt/airflow/dags/minio_to_snowflake.py
[2026-02-19T19:39:14.294+0000] {processor.py:840} INFO - DAG(s) 'spotify_minio_to_snowflake_bronze' retrieved from /opt/airflow/dags/minio_to_snowflake.py
[2026-02-19T19:39:14.317+0000] {logging_mixin.py:188} INFO - [2026-02-19T19:39:14.316+0000] {dag.py:3089} INFO - Sync 1 DAGs
[2026-02-19T19:39:14.334+0000] {logging_mixin.py:188} INFO - [2026-02-19T19:39:14.333+0000] {dag.py:3947} INFO - Setting next_dagrun for spotify_minio_to_snowflake_bronze to 2026-02-19 19:00:00+00:00, run_after=2026-02-19 20:00:00+00:00
[2026-02-19T19:39:14.351+0000] {processor.py:183} INFO - Processing /opt/airflow/dags/minio_to_snowflake.py took 0.722 seconds
