[2026-02-19T19:21:25.897+0000] {local_task_job_runner.py:120} INFO - ::group::Pre task execution logs
[2026-02-19T19:21:25.929+0000] {taskinstance.py:2076} INFO - Dependencies all met for dep_context=non-requeueable deps ti=<TaskInstance: spotify_minio_to_snowflake_bronze.load_data manual__2026-02-19T19:18:54.155348+00:00 [queued]>
[2026-02-19T19:21:25.936+0000] {taskinstance.py:2076} INFO - Dependencies all met for dep_context=requeueable deps ti=<TaskInstance: spotify_minio_to_snowflake_bronze.load_data manual__2026-02-19T19:18:54.155348+00:00 [queued]>
[2026-02-19T19:21:25.937+0000] {taskinstance.py:2306} INFO - Starting attempt 2 of 3
[2026-02-19T19:21:25.947+0000] {taskinstance.py:2330} INFO - Executing <Task(PythonOperator): load_data> on 2026-02-19 19:18:54.155348+00:00
[2026-02-19T19:21:25.955+0000] {standard_task_runner.py:90} INFO - Running: ['airflow', 'tasks', 'run', 'spotify_minio_to_snowflake_bronze', 'load_data', 'manual__2026-02-19T19:18:54.155348+00:00', '--job-id', '22', '--raw', '--subdir', 'DAGS_FOLDER/minio_to_snowflake.py', '--cfg-path', '/tmp/tmp95miqhr0']
[2026-02-19T19:21:25.959+0000] {standard_task_runner.py:91} INFO - Job 22: Subtask load_data
[2026-02-19T19:21:25.959+0000] {logging_mixin.py:188} WARNING - /home/airflow/.local/lib/python3.12/site-packages/airflow/task/task_runner/standard_task_runner.py:62 DeprecationWarning: This process (pid=257) is multi-threaded, use of fork() may lead to deadlocks in the child.
[2026-02-19T19:21:25.962+0000] {standard_task_runner.py:64} INFO - Started process 271 to run task
[2026-02-19T19:21:26.028+0000] {task_command.py:426} INFO - Running <TaskInstance: spotify_minio_to_snowflake_bronze.load_data manual__2026-02-19T19:18:54.155348+00:00 [running]> on host fdce163c0245
[2026-02-19T19:21:26.131+0000] {taskinstance.py:2648} INFO - Exporting env vars: AIRFLOW_CTX_DAG_OWNER='airflow' AIRFLOW_CTX_DAG_ID='spotify_minio_to_snowflake_bronze' AIRFLOW_CTX_TASK_ID='load_data' AIRFLOW_CTX_EXECUTION_DATE='2026-02-19T19:18:54.155348+00:00' AIRFLOW_CTX_TRY_NUMBER='2' AIRFLOW_CTX_DAG_RUN_ID='manual__2026-02-19T19:18:54.155348+00:00'
[2026-02-19T19:21:26.133+0000] {taskinstance.py:430} INFO - ::endgroup::
[2026-02-19T19:21:26.161+0000] {connection.py:408} INFO - Snowflake Connector for Python Version: 3.11.0, Python Version: 3.12.4, Platform: Linux-6.6.87.1-microsoft-standard-WSL2-x86_64-with-glibc2.36
[2026-02-19T19:21:26.163+0000] {connection.py:1258} INFO - This connection is in OCSP Fail Open Mode. TLS Certificates would be checked for validity and revocation status. Any other Certificate Revocation related exceptions or OCSP Responder failures would be disregarded in favor of connectivity.
[2026-02-19T19:21:28.019+0000] {cursor.py:1149} INFO - Number of results in first chunk: 1
[2026-02-19T19:21:28.403+0000] {cursor.py:1149} INFO - Number of results in first chunk: 1
[2026-02-19T19:21:28.777+0000] {cursor.py:1149} INFO - Number of results in first chunk: 1
[2026-02-19T19:21:29.392+0000] {cursor.py:1149} INFO - Number of results in first chunk: 1
[2026-02-19T19:21:29.777+0000] {taskinstance.py:441} INFO - ::group::Post task execution logs
[2026-02-19T19:21:29.779+0000] {taskinstance.py:2905} ERROR - Task failed with exception
Traceback (most recent call last):
  File "/home/airflow/.local/lib/python3.12/site-packages/airflow/models/taskinstance.py", line 465, in _execute_task
    result = _execute_callable(context=context, **execute_callable_kwargs)
             ^^^^^^^^^^^^^^^^^^^^^^^^^^^^^^^^^^^^^^^^^^^^^^^^^^^^^^^^^^^^^
  File "/home/airflow/.local/lib/python3.12/site-packages/airflow/models/taskinstance.py", line 432, in _execute_callable
    return execute_callable(context=context, **execute_callable_kwargs)
           ^^^^^^^^^^^^^^^^^^^^^^^^^^^^^^^^^^^^^^^^^^^^^^^^^^^^^^^^^^^^
  File "/home/airflow/.local/lib/python3.12/site-packages/airflow/models/baseoperator.py", line 401, in wrapper
    return func(self, *args, **kwargs)
           ^^^^^^^^^^^^^^^^^^^^^^^^^^^
  File "/home/airflow/.local/lib/python3.12/site-packages/airflow/operators/python.py", line 235, in execute
    return_value = self.execute_callable()
                   ^^^^^^^^^^^^^^^^^^^^^^^
  File "/home/airflow/.local/lib/python3.12/site-packages/airflow/operators/python.py", line 252, in execute_callable
    return self.python_callable(*self.op_args, **self.op_kwargs)
           ^^^^^^^^^^^^^^^^^^^^^^^^^^^^^^^^^^^^^^^^^^^^^^^^^^^^^
  File "/opt/airflow/dags/minio_to_snowflake.py", line 150, in load_to_snowflake
    cur.execute(insert_sql, (
  File "/home/airflow/.local/lib/python3.12/site-packages/snowflake/connector/cursor.py", line 1080, in execute
    Error.errorhandler_wrapper(self.connection, self, error_class, errvalue)
  File "/home/airflow/.local/lib/python3.12/site-packages/snowflake/connector/errors.py", line 290, in errorhandler_wrapper
    handed_over = Error.hand_to_other_handler(
                  ^^^^^^^^^^^^^^^^^^^^^^^^^^^^
  File "/home/airflow/.local/lib/python3.12/site-packages/snowflake/connector/errors.py", line 345, in hand_to_other_handler
    cursor.errorhandler(connection, cursor, error_class, error_value)
  File "/home/airflow/.local/lib/python3.12/site-packages/snowflake/connector/errors.py", line 221, in default_errorhandler
    raise error_class(
snowflake.connector.errors.ProgrammingError: 001003 (42000): 01c285e9-0107-d4ed-001a-cbe30012f062: SQL compilation error:
syntax error line 1 at position 12 unexpected '{'.
[2026-02-19T19:21:29.801+0000] {taskinstance.py:1206} INFO - Marking task as UP_FOR_RETRY. dag_id=spotify_minio_to_snowflake_bronze, task_id=load_data, run_id=manual__2026-02-19T19:18:54.155348+00:00, execution_date=20260219T191854, start_date=20260219T192125, end_date=20260219T192129
[2026-02-19T19:21:29.820+0000] {standard_task_runner.py:110} ERROR - Failed to execute job 22 for task load_data (001003 (42000): 01c285e9-0107-d4ed-001a-cbe30012f062: SQL compilation error:
syntax error line 1 at position 12 unexpected '{'.; 271)
[2026-02-19T19:21:29.847+0000] {local_task_job_runner.py:243} INFO - Task exited with return code 1
[2026-02-19T19:21:29.880+0000] {taskinstance.py:3503} INFO - 0 downstream tasks scheduled from follow-on schedule check
[2026-02-19T19:21:29.882+0000] {local_task_job_runner.py:222} INFO - ::endgroup::
