[2026-02-19T19:24:08.236+0000] {local_task_job_runner.py:120} INFO - ::group::Pre task execution logs
[2026-02-19T19:24:08.264+0000] {taskinstance.py:2076} INFO - Dependencies all met for dep_context=non-requeueable deps ti=<TaskInstance: spotify_minio_to_snowflake_bronze.load_data manual__2026-02-19T19:18:54.155348+00:00 [queued]>
[2026-02-19T19:24:08.274+0000] {taskinstance.py:2076} INFO - Dependencies all met for dep_context=requeueable deps ti=<TaskInstance: spotify_minio_to_snowflake_bronze.load_data manual__2026-02-19T19:18:54.155348+00:00 [queued]>
[2026-02-19T19:24:08.275+0000] {taskinstance.py:2306} INFO - Starting attempt 3 of 4
[2026-02-19T19:24:08.286+0000] {taskinstance.py:2330} INFO - Executing <Task(PythonOperator): load_data> on 2026-02-19 19:18:54.155348+00:00
[2026-02-19T19:24:08.294+0000] {standard_task_runner.py:90} INFO - Running: ['airflow', 'tasks', 'run', 'spotify_minio_to_snowflake_bronze', 'load_data', 'manual__2026-02-19T19:18:54.155348+00:00', '--job-id', '23', '--raw', '--subdir', 'DAGS_FOLDER/minio_to_snowflake.py', '--cfg-path', '/tmp/tmp08dra9kt']
[2026-02-19T19:24:08.297+0000] {standard_task_runner.py:91} INFO - Job 23: Subtask load_data
[2026-02-19T19:24:08.298+0000] {logging_mixin.py:188} WARNING - /home/airflow/.local/lib/python3.12/site-packages/airflow/task/task_runner/standard_task_runner.py:62 DeprecationWarning: This process (pid=293) is multi-threaded, use of fork() may lead to deadlocks in the child.
[2026-02-19T19:24:08.298+0000] {standard_task_runner.py:64} INFO - Started process 307 to run task
[2026-02-19T19:24:08.360+0000] {task_command.py:426} INFO - Running <TaskInstance: spotify_minio_to_snowflake_bronze.load_data manual__2026-02-19T19:18:54.155348+00:00 [running]> on host fdce163c0245
[2026-02-19T19:24:08.443+0000] {taskinstance.py:2648} INFO - Exporting env vars: AIRFLOW_CTX_DAG_OWNER='airflow' AIRFLOW_CTX_DAG_ID='spotify_minio_to_snowflake_bronze' AIRFLOW_CTX_TASK_ID='load_data' AIRFLOW_CTX_EXECUTION_DATE='2026-02-19T19:18:54.155348+00:00' AIRFLOW_CTX_TRY_NUMBER='3' AIRFLOW_CTX_DAG_RUN_ID='manual__2026-02-19T19:18:54.155348+00:00'
[2026-02-19T19:24:08.444+0000] {taskinstance.py:430} INFO - ::endgroup::
[2026-02-19T19:24:08.469+0000] {connection.py:408} INFO - Snowflake Connector for Python Version: 3.11.0, Python Version: 3.12.4, Platform: Linux-6.6.87.1-microsoft-standard-WSL2-x86_64-with-glibc2.36
[2026-02-19T19:24:08.471+0000] {connection.py:1258} INFO - This connection is in OCSP Fail Open Mode. TLS Certificates would be checked for validity and revocation status. Any other Certificate Revocation related exceptions or OCSP Responder failures would be disregarded in favor of connectivity.
[2026-02-19T19:24:10.378+0000] {cursor.py:1149} INFO - Number of results in first chunk: 1
[2026-02-19T19:24:10.761+0000] {cursor.py:1149} INFO - Number of results in first chunk: 1
[2026-02-19T19:24:11.262+0000] {cursor.py:1149} INFO - Number of results in first chunk: 1
[2026-02-19T19:24:11.989+0000] {cursor.py:1149} INFO - Number of results in first chunk: 1
[2026-02-19T19:26:48.292+0000] {cursor.py:1149} INFO - Number of results in first chunk: 1
[2026-02-19T19:26:48.296+0000] {connection.py:773} INFO - closed
[2026-02-19T19:26:48.589+0000] {connection.py:779} INFO - No async queries seem to be running, deleting session
[2026-02-19T19:26:48.907+0000] {logging_mixin.py:188} INFO - Loaded 190 raw records into Snowflake table: SPOTIFY_EVENTS_BRONZE
[2026-02-19T19:26:48.908+0000] {python.py:237} INFO - Done. Returned value was: None
[2026-02-19T19:26:48.909+0000] {taskinstance.py:441} INFO - ::group::Post task execution logs
[2026-02-19T19:26:48.925+0000] {taskinstance.py:1206} INFO - Marking task as SUCCESS. dag_id=spotify_minio_to_snowflake_bronze, task_id=load_data, run_id=manual__2026-02-19T19:18:54.155348+00:00, execution_date=20260219T191854, start_date=20260219T192408, end_date=20260219T192648
[2026-02-19T19:26:49.105+0000] {local_task_job_runner.py:243} INFO - Task exited with return code 0
[2026-02-19T19:26:49.122+0000] {taskinstance.py:3503} INFO - 0 downstream tasks scheduled from follow-on schedule check
[2026-02-19T19:26:49.124+0000] {local_task_job_runner.py:222} INFO - ::endgroup::
