[2026-02-20T17:26:28.115+0000] {local_task_job_runner.py:120} INFO - ::group::Pre task execution logs
[2026-02-20T17:26:28.205+0000] {taskinstance.py:2076} INFO - Dependencies all met for dep_context=non-requeueable deps ti=<TaskInstance: spotify_minio_to_snowflake_bronze.extract_data scheduled__2026-02-20T16:00:00+00:00 [queued]>
[2026-02-20T17:26:28.213+0000] {taskinstance.py:2076} INFO - Dependencies all met for dep_context=requeueable deps ti=<TaskInstance: spotify_minio_to_snowflake_bronze.extract_data scheduled__2026-02-20T16:00:00+00:00 [queued]>
[2026-02-20T17:26:28.214+0000] {taskinstance.py:2306} INFO - Starting attempt 2 of 2
[2026-02-20T17:26:28.225+0000] {taskinstance.py:2330} INFO - Executing <Task(PythonOperator): extract_data> on 2026-02-20 16:00:00+00:00
[2026-02-20T17:26:28.239+0000] {logging_mixin.py:188} WARNING - /home/airflow/.local/lib/python3.12/site-packages/airflow/task/task_runner/standard_task_runner.py:62 DeprecationWarning: This process (pid=89) is multi-threaded, use of fork() may lead to deadlocks in the child.
[2026-02-20T17:26:28.233+0000] {standard_task_runner.py:90} INFO - Running: ['airflow', 'tasks', 'run', 'spotify_minio_to_snowflake_bronze', 'extract_data', 'scheduled__2026-02-20T16:00:00+00:00', '--job-id', '34', '--raw', '--subdir', 'DAGS_FOLDER/minio_to_snowflake.py', '--cfg-path', '/tmp/tmp8k8x_fly']
[2026-02-20T17:26:28.241+0000] {standard_task_runner.py:64} INFO - Started process 103 to run task
[2026-02-20T17:26:28.241+0000] {standard_task_runner.py:91} INFO - Job 34: Subtask extract_data
[2026-02-20T17:26:28.348+0000] {task_command.py:426} INFO - Running <TaskInstance: spotify_minio_to_snowflake_bronze.extract_data scheduled__2026-02-20T16:00:00+00:00 [running]> on host 790058b06d27
[2026-02-20T17:26:28.455+0000] {taskinstance.py:2648} INFO - Exporting env vars: AIRFLOW_CTX_DAG_OWNER='airflow' AIRFLOW_CTX_DAG_ID='spotify_minio_to_snowflake_bronze' AIRFLOW_CTX_TASK_ID='extract_data' AIRFLOW_CTX_EXECUTION_DATE='2026-02-20T16:00:00+00:00' AIRFLOW_CTX_TRY_NUMBER='2' AIRFLOW_CTX_DAG_RUN_ID='scheduled__2026-02-20T16:00:00+00:00'
[2026-02-20T17:26:28.456+0000] {taskinstance.py:430} INFO - ::endgroup::
[2026-02-20T17:26:28.669+0000] {taskinstance.py:441} INFO - ::group::Post task execution logs
[2026-02-20T17:26:28.671+0000] {taskinstance.py:2905} ERROR - Task failed with exception
Traceback (most recent call last):
  File "/home/airflow/.local/lib/python3.12/site-packages/airflow/models/taskinstance.py", line 465, in _execute_task
    result = _execute_callable(context=context, **execute_callable_kwargs)
             ^^^^^^^^^^^^^^^^^^^^^^^^^^^^^^^^^^^^^^^^^^^^^^^^^^^^^^^^^^^^^
  File "/home/airflow/.local/lib/python3.12/site-packages/airflow/models/taskinstance.py", line 432, in _execute_callable
    return execute_callable(context=context, **execute_callable_kwargs)
           ^^^^^^^^^^^^^^^^^^^^^^^^^^^^^^^^^^^^^^^^^^^^^^^^^^^^^^^^^^^^
  File "/home/airflow/.local/lib/python3.12/site-packages/airflow/models/baseoperator.py", line 401, in wrapper
    return func(self, *args, **kwargs)
           ^^^^^^^^^^^^^^^^^^^^^^^^^^^
  File "/home/airflow/.local/lib/python3.12/site-packages/airflow/operators/python.py", line 235, in execute
    return_value = self.execute_callable()
                   ^^^^^^^^^^^^^^^^^^^^^^^
  File "/home/airflow/.local/lib/python3.12/site-packages/airflow/operators/python.py", line 252, in execute_callable
    return self.python_callable(*self.op_args, **self.op_kwargs)
           ^^^^^^^^^^^^^^^^^^^^^^^^^^^^^^^^^^^^^^^^^^^^^^^^^^^^^
  File "/opt/airflow/dags/minio_to_snowflake.py", line 54, in extract_from_minio
    response = s3.list_objects_v2(Bucket=MINIO_BUCKET, Prefix=MINIO_PREFIX)
               ^^^^^^^^^^^^^^^^^^^^^^^^^^^^^^^^^^^^^^^^^^^^^^^^^^^^^^^^^^^^
  File "/home/airflow/.local/lib/python3.12/site-packages/botocore/client.py", line 565, in _api_call
    return self._make_api_call(operation_name, kwargs)
           ^^^^^^^^^^^^^^^^^^^^^^^^^^^^^^^^^^^^^^^^^^^
  File "/home/airflow/.local/lib/python3.12/site-packages/botocore/client.py", line 1021, in _make_api_call
    raise error_class(parsed_response, operation_name)
botocore.errorfactory.NoSuchBucket: An error occurred (NoSuchBucket) when calling the ListObjectsV2 operation: The specified bucket does not exist
[2026-02-20T17:26:29.087+0000] {taskinstance.py:1206} INFO - Marking task as FAILED. dag_id=spotify_minio_to_snowflake_bronze, task_id=extract_data, run_id=scheduled__2026-02-20T16:00:00+00:00, execution_date=20260220T160000, start_date=20260220T172628, end_date=20260220T172629
[2026-02-20T17:26:29.102+0000] {standard_task_runner.py:110} ERROR - Failed to execute job 34 for task extract_data (An error occurred (NoSuchBucket) when calling the ListObjectsV2 operation: The specified bucket does not exist; 103)
[2026-02-20T17:26:29.142+0000] {local_task_job_runner.py:243} INFO - Task exited with return code 1
[2026-02-20T17:26:29.175+0000] {taskinstance.py:3503} INFO - 0 downstream tasks scheduled from follow-on schedule check
[2026-02-20T17:26:29.181+0000] {local_task_job_runner.py:222} INFO - ::endgroup::
