[2026-02-18T19:25:04.032+0000] {local_task_job_runner.py:120} INFO - ::group::Pre task execution logs
[2026-02-18T19:25:04.117+0000] {taskinstance.py:2076} INFO - Dependencies all met for dep_context=non-requeueable deps ti=<TaskInstance: spotify_minio_to_snowflake_bronze.extract_data manual__2026-02-18T19:25:00.992471+00:00 [queued]>
[2026-02-18T19:25:04.125+0000] {taskinstance.py:2076} INFO - Dependencies all met for dep_context=requeueable deps ti=<TaskInstance: spotify_minio_to_snowflake_bronze.extract_data manual__2026-02-18T19:25:00.992471+00:00 [queued]>
[2026-02-18T19:25:04.126+0000] {taskinstance.py:2306} INFO - Starting attempt 1 of 2
[2026-02-18T19:25:04.137+0000] {taskinstance.py:2330} INFO - Executing <Task(PythonOperator): extract_data> on 2026-02-18 19:25:00.992471+00:00
[2026-02-18T19:25:04.142+0000] {standard_task_runner.py:64} INFO - Started process 137 to run task
[2026-02-18T19:25:04.144+0000] {standard_task_runner.py:90} INFO - Running: ['airflow', 'tasks', 'run', 'spotify_minio_to_snowflake_bronze', 'extract_data', 'manual__2026-02-18T19:25:00.992471+00:00', '--job-id', '6', '--raw', '--subdir', 'DAGS_FOLDER/minio_to_snowflake.py', '--cfg-path', '/tmp/tmp3kj660et']
[2026-02-18T19:25:04.146+0000] {standard_task_runner.py:91} INFO - Job 6: Subtask extract_data
[2026-02-18T19:25:04.225+0000] {task_command.py:426} INFO - Running <TaskInstance: spotify_minio_to_snowflake_bronze.extract_data manual__2026-02-18T19:25:00.992471+00:00 [running]> on host 5a7b4c34d34d
[2026-02-18T19:25:04.321+0000] {taskinstance.py:2648} INFO - Exporting env vars: AIRFLOW_CTX_DAG_OWNER='airflow' AIRFLOW_CTX_DAG_ID='spotify_minio_to_snowflake_bronze' AIRFLOW_CTX_TASK_ID='extract_data' AIRFLOW_CTX_EXECUTION_DATE='2026-02-18T19:25:00.992471+00:00' AIRFLOW_CTX_TRY_NUMBER='1' AIRFLOW_CTX_DAG_RUN_ID='manual__2026-02-18T19:25:00.992471+00:00'
[2026-02-18T19:25:04.322+0000] {taskinstance.py:430} INFO - ::endgroup::
[2026-02-18T19:25:04.479+0000] {taskinstance.py:441} INFO - ::group::Post task execution logs
[2026-02-18T19:25:04.480+0000] {taskinstance.py:2905} ERROR - Task failed with exception
Traceback (most recent call last):
  File "/home/airflow/.local/lib/python3.12/site-packages/airflow/models/taskinstance.py", line 465, in _execute_task
    result = _execute_callable(context=context, **execute_callable_kwargs)
             ^^^^^^^^^^^^^^^^^^^^^^^^^^^^^^^^^^^^^^^^^^^^^^^^^^^^^^^^^^^^^
  File "/home/airflow/.local/lib/python3.12/site-packages/airflow/models/taskinstance.py", line 432, in _execute_callable
    return execute_callable(context=context, **execute_callable_kwargs)
           ^^^^^^^^^^^^^^^^^^^^^^^^^^^^^^^^^^^^^^^^^^^^^^^^^^^^^^^^^^^^
  File "/home/airflow/.local/lib/python3.12/site-packages/airflow/models/baseoperator.py", line 401, in wrapper
    return func(self, *args, **kwargs)
           ^^^^^^^^^^^^^^^^^^^^^^^^^^^
  File "/home/airflow/.local/lib/python3.12/site-packages/airflow/operators/python.py", line 235, in execute
    return_value = self.execute_callable()
                   ^^^^^^^^^^^^^^^^^^^^^^^
  File "/home/airflow/.local/lib/python3.12/site-packages/airflow/operators/python.py", line 252, in execute_callable
    return self.python_callable(*self.op_args, **self.op_kwargs)
           ^^^^^^^^^^^^^^^^^^^^^^^^^^^^^^^^^^^^^^^^^^^^^^^^^^^^^
  File "/opt/airflow/dags/minio_to_snowflake.py", line 67, in extract_from_minio
    lines = data["body"].read().decode('utf-8').splitlines()
            ~~~~^^^^^^^^
KeyError: 'body'
[2026-02-18T19:25:04.497+0000] {taskinstance.py:1206} INFO - Marking task as UP_FOR_RETRY. dag_id=spotify_minio_to_snowflake_bronze, task_id=extract_data, run_id=manual__2026-02-18T19:25:00.992471+00:00, execution_date=20260218T192500, start_date=20260218T192504, end_date=20260218T192504
[2026-02-18T19:25:04.507+0000] {standard_task_runner.py:110} ERROR - Failed to execute job 6 for task extract_data ('body'; 137)
[2026-02-18T19:25:04.518+0000] {local_task_job_runner.py:243} INFO - Task exited with return code 1
[2026-02-18T19:25:04.535+0000] {taskinstance.py:3503} INFO - 0 downstream tasks scheduled from follow-on schedule check
[2026-02-18T19:25:04.538+0000] {local_task_job_runner.py:222} INFO - ::endgroup::
