[2026-02-18T19:27:13.004+0000] {local_task_job_runner.py:120} INFO - ::group::Pre task execution logs
[2026-02-18T19:27:13.116+0000] {taskinstance.py:2076} INFO - Dependencies all met for dep_context=non-requeueable deps ti=<TaskInstance: spotify_minio_to_snowflake_bronze.extract_data manual__2026-02-18T19:25:00.992471+00:00 [queued]>
[2026-02-18T19:27:13.124+0000] {taskinstance.py:2076} INFO - Dependencies all met for dep_context=requeueable deps ti=<TaskInstance: spotify_minio_to_snowflake_bronze.extract_data manual__2026-02-18T19:25:00.992471+00:00 [queued]>
[2026-02-18T19:27:13.124+0000] {taskinstance.py:2306} INFO - Starting attempt 3 of 4
[2026-02-18T19:27:13.136+0000] {taskinstance.py:2330} INFO - Executing <Task(PythonOperator): extract_data> on 2026-02-18 19:25:00.992471+00:00
[2026-02-18T19:27:13.141+0000] {standard_task_runner.py:64} INFO - Started process 194 to run task
[2026-02-18T19:27:13.143+0000] {standard_task_runner.py:90} INFO - Running: ['airflow', 'tasks', 'run', 'spotify_minio_to_snowflake_bronze', 'extract_data', 'manual__2026-02-18T19:25:00.992471+00:00', '--job-id', '10', '--raw', '--subdir', 'DAGS_FOLDER/minio_to_snowflake.py', '--cfg-path', '/tmp/tmpaary_74x']
[2026-02-18T19:27:13.145+0000] {standard_task_runner.py:91} INFO - Job 10: Subtask extract_data
[2026-02-18T19:27:13.213+0000] {task_command.py:426} INFO - Running <TaskInstance: spotify_minio_to_snowflake_bronze.extract_data manual__2026-02-18T19:25:00.992471+00:00 [running]> on host 5a7b4c34d34d
[2026-02-18T19:27:13.305+0000] {taskinstance.py:2648} INFO - Exporting env vars: AIRFLOW_CTX_DAG_OWNER='airflow' AIRFLOW_CTX_DAG_ID='spotify_minio_to_snowflake_bronze' AIRFLOW_CTX_TASK_ID='extract_data' AIRFLOW_CTX_EXECUTION_DATE='2026-02-18T19:25:00.992471+00:00' AIRFLOW_CTX_TRY_NUMBER='3' AIRFLOW_CTX_DAG_RUN_ID='manual__2026-02-18T19:25:00.992471+00:00'
[2026-02-18T19:27:13.306+0000] {taskinstance.py:430} INFO - ::endgroup::
[2026-02-18T19:27:13.462+0000] {taskinstance.py:441} INFO - ::group::Post task execution logs
[2026-02-18T19:27:13.463+0000] {taskinstance.py:2905} ERROR - Task failed with exception
Traceback (most recent call last):
  File "/home/airflow/.local/lib/python3.12/site-packages/airflow/models/taskinstance.py", line 465, in _execute_task
    result = _execute_callable(context=context, **execute_callable_kwargs)
             ^^^^^^^^^^^^^^^^^^^^^^^^^^^^^^^^^^^^^^^^^^^^^^^^^^^^^^^^^^^^^
  File "/home/airflow/.local/lib/python3.12/site-packages/airflow/models/taskinstance.py", line 432, in _execute_callable
    return execute_callable(context=context, **execute_callable_kwargs)
           ^^^^^^^^^^^^^^^^^^^^^^^^^^^^^^^^^^^^^^^^^^^^^^^^^^^^^^^^^^^^
  File "/home/airflow/.local/lib/python3.12/site-packages/airflow/models/baseoperator.py", line 401, in wrapper
    return func(self, *args, **kwargs)
           ^^^^^^^^^^^^^^^^^^^^^^^^^^^
  File "/home/airflow/.local/lib/python3.12/site-packages/airflow/operators/python.py", line 235, in execute
    return_value = self.execute_callable()
                   ^^^^^^^^^^^^^^^^^^^^^^^
  File "/home/airflow/.local/lib/python3.12/site-packages/airflow/operators/python.py", line 252, in execute_callable
    return self.python_callable(*self.op_args, **self.op_kwargs)
           ^^^^^^^^^^^^^^^^^^^^^^^^^^^^^^^^^^^^^^^^^^^^^^^^^^^^^
  File "/opt/airflow/dags/minio_to_snowflake.py", line 79, in extract_from_minio
    json.dumps(all_events, f)
TypeError: dumps() takes 1 positional argument but 2 were given
[2026-02-18T19:27:13.481+0000] {taskinstance.py:1206} INFO - Marking task as UP_FOR_RETRY. dag_id=spotify_minio_to_snowflake_bronze, task_id=extract_data, run_id=manual__2026-02-18T19:25:00.992471+00:00, execution_date=20260218T192500, start_date=20260218T192713, end_date=20260218T192713
[2026-02-18T19:27:13.493+0000] {standard_task_runner.py:110} ERROR - Failed to execute job 10 for task extract_data (dumps() takes 1 positional argument but 2 were given; 194)
[2026-02-18T19:27:13.520+0000] {local_task_job_runner.py:243} INFO - Task exited with return code 1
[2026-02-18T19:27:13.546+0000] {taskinstance.py:3503} INFO - 0 downstream tasks scheduled from follow-on schedule check
[2026-02-18T19:27:13.550+0000] {local_task_job_runner.py:222} INFO - ::endgroup::
