[2026-02-20T11:00:43.625+0000] {processor.py:161} INFO - Started process (PID=29) to work on /opt/airflow/dags/minio_to_snowflake.py
[2026-02-20T11:00:43.627+0000] {processor.py:830} INFO - Processing file /opt/airflow/dags/minio_to_snowflake.py for tasks to queue
[2026-02-20T11:00:43.630+0000] {logging_mixin.py:188} INFO - [2026-02-20T11:00:43.630+0000] {dagbag.py:545} INFO - Filling up the DagBag from /opt/airflow/dags/minio_to_snowflake.py
[2026-02-20T11:00:47.409+0000] {processor.py:840} INFO - DAG(s) 'spotify_minio_to_snowflake_bronze' retrieved from /opt/airflow/dags/minio_to_snowflake.py
[2026-02-20T11:00:47.722+0000] {logging_mixin.py:188} INFO - [2026-02-20T11:00:47.721+0000] {dag.py:3089} INFO - Sync 1 DAGs
[2026-02-20T11:00:47.750+0000] {logging_mixin.py:188} INFO - [2026-02-20T11:00:47.749+0000] {dag.py:3947} INFO - Setting next_dagrun for spotify_minio_to_snowflake_bronze to 2026-02-20 10:00:00+00:00, run_after=2026-02-20 11:00:00+00:00
[2026-02-20T11:00:47.777+0000] {processor.py:183} INFO - Processing /opt/airflow/dags/minio_to_snowflake.py took 4.161 seconds
[2026-02-20T11:01:17.908+0000] {processor.py:161} INFO - Started process (PID=47) to work on /opt/airflow/dags/minio_to_snowflake.py
[2026-02-20T11:01:17.910+0000] {processor.py:830} INFO - Processing file /opt/airflow/dags/minio_to_snowflake.py for tasks to queue
[2026-02-20T11:01:17.913+0000] {logging_mixin.py:188} INFO - [2026-02-20T11:01:17.913+0000] {dagbag.py:545} INFO - Filling up the DagBag from /opt/airflow/dags/minio_to_snowflake.py
[2026-02-20T11:01:18.863+0000] {processor.py:840} INFO - DAG(s) 'spotify_minio_to_snowflake_bronze' retrieved from /opt/airflow/dags/minio_to_snowflake.py
[2026-02-20T11:01:18.892+0000] {logging_mixin.py:188} INFO - [2026-02-20T11:01:18.892+0000] {dag.py:3089} INFO - Sync 1 DAGs
[2026-02-20T11:01:18.915+0000] {logging_mixin.py:188} INFO - [2026-02-20T11:01:18.914+0000] {dag.py:3947} INFO - Setting next_dagrun for spotify_minio_to_snowflake_bronze to 2026-02-20 11:00:00+00:00, run_after=2026-02-20 12:00:00+00:00
[2026-02-20T11:01:18.934+0000] {processor.py:183} INFO - Processing /opt/airflow/dags/minio_to_snowflake.py took 1.034 seconds
[2026-02-20T11:01:49.086+0000] {processor.py:161} INFO - Started process (PID=50) to work on /opt/airflow/dags/minio_to_snowflake.py
[2026-02-20T11:01:49.088+0000] {processor.py:830} INFO - Processing file /opt/airflow/dags/minio_to_snowflake.py for tasks to queue
[2026-02-20T11:01:49.091+0000] {logging_mixin.py:188} INFO - [2026-02-20T11:01:49.090+0000] {dagbag.py:545} INFO - Filling up the DagBag from /opt/airflow/dags/minio_to_snowflake.py
[2026-02-20T11:01:49.980+0000] {processor.py:840} INFO - DAG(s) 'spotify_minio_to_snowflake_bronze' retrieved from /opt/airflow/dags/minio_to_snowflake.py
[2026-02-20T11:01:50.008+0000] {logging_mixin.py:188} INFO - [2026-02-20T11:01:50.008+0000] {dag.py:3089} INFO - Sync 1 DAGs
[2026-02-20T11:01:50.031+0000] {logging_mixin.py:188} INFO - [2026-02-20T11:01:50.031+0000] {dag.py:3947} INFO - Setting next_dagrun for spotify_minio_to_snowflake_bronze to 2026-02-20 11:00:00+00:00, run_after=2026-02-20 12:00:00+00:00
[2026-02-20T11:01:50.050+0000] {processor.py:183} INFO - Processing /opt/airflow/dags/minio_to_snowflake.py took 0.971 seconds
[2026-02-20T11:02:20.261+0000] {processor.py:161} INFO - Started process (PID=53) to work on /opt/airflow/dags/minio_to_snowflake.py
[2026-02-20T11:02:20.263+0000] {processor.py:830} INFO - Processing file /opt/airflow/dags/minio_to_snowflake.py for tasks to queue
[2026-02-20T11:02:20.266+0000] {logging_mixin.py:188} INFO - [2026-02-20T11:02:20.265+0000] {dagbag.py:545} INFO - Filling up the DagBag from /opt/airflow/dags/minio_to_snowflake.py
[2026-02-20T11:02:21.110+0000] {processor.py:840} INFO - DAG(s) 'spotify_minio_to_snowflake_bronze' retrieved from /opt/airflow/dags/minio_to_snowflake.py
[2026-02-20T11:02:21.140+0000] {logging_mixin.py:188} INFO - [2026-02-20T11:02:21.139+0000] {dag.py:3089} INFO - Sync 1 DAGs
[2026-02-20T11:02:21.160+0000] {logging_mixin.py:188} INFO - [2026-02-20T11:02:21.160+0000] {dag.py:3947} INFO - Setting next_dagrun for spotify_minio_to_snowflake_bronze to 2026-02-20 11:00:00+00:00, run_after=2026-02-20 12:00:00+00:00
[2026-02-20T11:02:21.180+0000] {processor.py:183} INFO - Processing /opt/airflow/dags/minio_to_snowflake.py took 0.926 seconds
[2026-02-20T11:02:51.392+0000] {processor.py:161} INFO - Started process (PID=56) to work on /opt/airflow/dags/minio_to_snowflake.py
[2026-02-20T11:02:51.394+0000] {processor.py:830} INFO - Processing file /opt/airflow/dags/minio_to_snowflake.py for tasks to queue
[2026-02-20T11:02:51.397+0000] {logging_mixin.py:188} INFO - [2026-02-20T11:02:51.396+0000] {dagbag.py:545} INFO - Filling up the DagBag from /opt/airflow/dags/minio_to_snowflake.py
[2026-02-20T11:02:52.251+0000] {processor.py:840} INFO - DAG(s) 'spotify_minio_to_snowflake_bronze' retrieved from /opt/airflow/dags/minio_to_snowflake.py
[2026-02-20T11:02:52.280+0000] {logging_mixin.py:188} INFO - [2026-02-20T11:02:52.279+0000] {dag.py:3089} INFO - Sync 1 DAGs
[2026-02-20T11:02:52.303+0000] {logging_mixin.py:188} INFO - [2026-02-20T11:02:52.302+0000] {dag.py:3947} INFO - Setting next_dagrun for spotify_minio_to_snowflake_bronze to 2026-02-20 11:00:00+00:00, run_after=2026-02-20 12:00:00+00:00
[2026-02-20T11:02:52.320+0000] {processor.py:183} INFO - Processing /opt/airflow/dags/minio_to_snowflake.py took 0.935 seconds
[2026-02-20T11:03:22.570+0000] {processor.py:161} INFO - Started process (PID=59) to work on /opt/airflow/dags/minio_to_snowflake.py
[2026-02-20T11:03:22.568+0000] {processor.py:830} INFO - Processing file /opt/airflow/dags/minio_to_snowflake.py for tasks to queue
[2026-02-20T11:03:22.572+0000] {logging_mixin.py:188} INFO - [2026-02-20T11:03:22.571+0000] {dagbag.py:545} INFO - Filling up the DagBag from /opt/airflow/dags/minio_to_snowflake.py
[2026-02-20T11:03:23.687+0000] {processor.py:840} INFO - DAG(s) 'spotify_minio_to_snowflake_bronze' retrieved from /opt/airflow/dags/minio_to_snowflake.py
[2026-02-20T11:03:23.717+0000] {logging_mixin.py:188} INFO - [2026-02-20T11:03:23.716+0000] {dag.py:3089} INFO - Sync 1 DAGs
[2026-02-20T11:03:23.740+0000] {logging_mixin.py:188} INFO - [2026-02-20T11:03:23.740+0000] {dag.py:3947} INFO - Setting next_dagrun for spotify_minio_to_snowflake_bronze to 2026-02-20 11:00:00+00:00, run_after=2026-02-20 12:00:00+00:00
[2026-02-20T11:03:23.769+0000] {processor.py:183} INFO - Processing /opt/airflow/dags/minio_to_snowflake.py took 1.216 seconds
[2026-02-20T11:03:53.968+0000] {processor.py:161} INFO - Started process (PID=62) to work on /opt/airflow/dags/minio_to_snowflake.py
[2026-02-20T11:03:53.970+0000] {processor.py:830} INFO - Processing file /opt/airflow/dags/minio_to_snowflake.py for tasks to queue
[2026-02-20T11:03:53.972+0000] {logging_mixin.py:188} INFO - [2026-02-20T11:03:53.972+0000] {dagbag.py:545} INFO - Filling up the DagBag from /opt/airflow/dags/minio_to_snowflake.py
[2026-02-20T11:03:54.851+0000] {processor.py:840} INFO - DAG(s) 'spotify_minio_to_snowflake_bronze' retrieved from /opt/airflow/dags/minio_to_snowflake.py
[2026-02-20T11:03:54.881+0000] {logging_mixin.py:188} INFO - [2026-02-20T11:03:54.881+0000] {dag.py:3089} INFO - Sync 1 DAGs
[2026-02-20T11:03:54.904+0000] {logging_mixin.py:188} INFO - [2026-02-20T11:03:54.904+0000] {dag.py:3947} INFO - Setting next_dagrun for spotify_minio_to_snowflake_bronze to 2026-02-20 11:00:00+00:00, run_after=2026-02-20 12:00:00+00:00
[2026-02-20T11:03:54.923+0000] {processor.py:183} INFO - Processing /opt/airflow/dags/minio_to_snowflake.py took 0.962 seconds
[2026-02-20T11:04:25.134+0000] {processor.py:161} INFO - Started process (PID=65) to work on /opt/airflow/dags/minio_to_snowflake.py
[2026-02-20T11:04:25.135+0000] {processor.py:830} INFO - Processing file /opt/airflow/dags/minio_to_snowflake.py for tasks to queue
[2026-02-20T11:04:25.138+0000] {logging_mixin.py:188} INFO - [2026-02-20T11:04:25.137+0000] {dagbag.py:545} INFO - Filling up the DagBag from /opt/airflow/dags/minio_to_snowflake.py
[2026-02-20T11:04:26.032+0000] {processor.py:840} INFO - DAG(s) 'spotify_minio_to_snowflake_bronze' retrieved from /opt/airflow/dags/minio_to_snowflake.py
[2026-02-20T11:04:26.060+0000] {logging_mixin.py:188} INFO - [2026-02-20T11:04:26.060+0000] {dag.py:3089} INFO - Sync 1 DAGs
[2026-02-20T11:04:26.082+0000] {logging_mixin.py:188} INFO - [2026-02-20T11:04:26.081+0000] {dag.py:3947} INFO - Setting next_dagrun for spotify_minio_to_snowflake_bronze to 2026-02-20 11:00:00+00:00, run_after=2026-02-20 12:00:00+00:00
[2026-02-20T11:04:26.101+0000] {processor.py:183} INFO - Processing /opt/airflow/dags/minio_to_snowflake.py took 0.975 seconds
[2026-02-20T11:04:56.291+0000] {processor.py:161} INFO - Started process (PID=68) to work on /opt/airflow/dags/minio_to_snowflake.py
[2026-02-20T11:04:56.293+0000] {processor.py:830} INFO - Processing file /opt/airflow/dags/minio_to_snowflake.py for tasks to queue
[2026-02-20T11:04:56.295+0000] {logging_mixin.py:188} INFO - [2026-02-20T11:04:56.295+0000] {dagbag.py:545} INFO - Filling up the DagBag from /opt/airflow/dags/minio_to_snowflake.py
[2026-02-20T11:04:57.201+0000] {processor.py:840} INFO - DAG(s) 'spotify_minio_to_snowflake_bronze' retrieved from /opt/airflow/dags/minio_to_snowflake.py
[2026-02-20T11:04:57.230+0000] {logging_mixin.py:188} INFO - [2026-02-20T11:04:57.229+0000] {dag.py:3089} INFO - Sync 1 DAGs
[2026-02-20T11:04:57.252+0000] {logging_mixin.py:188} INFO - [2026-02-20T11:04:57.252+0000] {dag.py:3947} INFO - Setting next_dagrun for spotify_minio_to_snowflake_bronze to 2026-02-20 11:00:00+00:00, run_after=2026-02-20 12:00:00+00:00
[2026-02-20T11:04:57.271+0000] {processor.py:183} INFO - Processing /opt/airflow/dags/minio_to_snowflake.py took 0.989 seconds
[2026-02-20T11:05:27.465+0000] {processor.py:161} INFO - Started process (PID=71) to work on /opt/airflow/dags/minio_to_snowflake.py
[2026-02-20T11:05:27.466+0000] {processor.py:830} INFO - Processing file /opt/airflow/dags/minio_to_snowflake.py for tasks to queue
[2026-02-20T11:05:27.468+0000] {logging_mixin.py:188} INFO - [2026-02-20T11:05:27.468+0000] {dagbag.py:545} INFO - Filling up the DagBag from /opt/airflow/dags/minio_to_snowflake.py
[2026-02-20T11:05:28.321+0000] {processor.py:840} INFO - DAG(s) 'spotify_minio_to_snowflake_bronze' retrieved from /opt/airflow/dags/minio_to_snowflake.py
[2026-02-20T11:05:28.348+0000] {logging_mixin.py:188} INFO - [2026-02-20T11:05:28.348+0000] {dag.py:3089} INFO - Sync 1 DAGs
[2026-02-20T11:05:28.369+0000] {logging_mixin.py:188} INFO - [2026-02-20T11:05:28.369+0000] {dag.py:3947} INFO - Setting next_dagrun for spotify_minio_to_snowflake_bronze to 2026-02-20 11:00:00+00:00, run_after=2026-02-20 12:00:00+00:00
[2026-02-20T11:05:28.390+0000] {processor.py:183} INFO - Processing /opt/airflow/dags/minio_to_snowflake.py took 0.934 seconds
[2026-02-20T11:05:58.695+0000] {processor.py:161} INFO - Started process (PID=86) to work on /opt/airflow/dags/minio_to_snowflake.py
[2026-02-20T11:05:58.697+0000] {processor.py:830} INFO - Processing file /opt/airflow/dags/minio_to_snowflake.py for tasks to queue
[2026-02-20T11:05:58.701+0000] {logging_mixin.py:188} INFO - [2026-02-20T11:05:58.701+0000] {dagbag.py:545} INFO - Filling up the DagBag from /opt/airflow/dags/minio_to_snowflake.py
[2026-02-20T11:05:59.871+0000] {processor.py:840} INFO - DAG(s) 'spotify_minio_to_snowflake_bronze' retrieved from /opt/airflow/dags/minio_to_snowflake.py
[2026-02-20T11:05:59.913+0000] {logging_mixin.py:188} INFO - [2026-02-20T11:05:59.913+0000] {dag.py:3089} INFO - Sync 1 DAGs
[2026-02-20T11:05:59.948+0000] {logging_mixin.py:188} INFO - [2026-02-20T11:05:59.948+0000] {dag.py:3947} INFO - Setting next_dagrun for spotify_minio_to_snowflake_bronze to 2026-02-20 11:00:00+00:00, run_after=2026-02-20 12:00:00+00:00
[2026-02-20T11:05:59.975+0000] {processor.py:183} INFO - Processing /opt/airflow/dags/minio_to_snowflake.py took 1.290 seconds
[2026-02-20T11:06:30.179+0000] {processor.py:161} INFO - Started process (PID=92) to work on /opt/airflow/dags/minio_to_snowflake.py
[2026-02-20T11:06:30.180+0000] {processor.py:830} INFO - Processing file /opt/airflow/dags/minio_to_snowflake.py for tasks to queue
[2026-02-20T11:06:30.182+0000] {logging_mixin.py:188} INFO - [2026-02-20T11:06:30.182+0000] {dagbag.py:545} INFO - Filling up the DagBag from /opt/airflow/dags/minio_to_snowflake.py
[2026-02-20T11:06:31.081+0000] {processor.py:840} INFO - DAG(s) 'spotify_minio_to_snowflake_bronze' retrieved from /opt/airflow/dags/minio_to_snowflake.py
[2026-02-20T11:06:31.110+0000] {logging_mixin.py:188} INFO - [2026-02-20T11:06:31.110+0000] {dag.py:3089} INFO - Sync 1 DAGs
[2026-02-20T11:06:31.132+0000] {logging_mixin.py:188} INFO - [2026-02-20T11:06:31.131+0000] {dag.py:3947} INFO - Setting next_dagrun for spotify_minio_to_snowflake_bronze to 2026-02-20 11:00:00+00:00, run_after=2026-02-20 12:00:00+00:00
[2026-02-20T11:06:31.150+0000] {processor.py:183} INFO - Processing /opt/airflow/dags/minio_to_snowflake.py took 0.978 seconds
[2026-02-20T11:07:01.350+0000] {processor.py:161} INFO - Started process (PID=95) to work on /opt/airflow/dags/minio_to_snowflake.py
[2026-02-20T11:07:01.352+0000] {processor.py:830} INFO - Processing file /opt/airflow/dags/minio_to_snowflake.py for tasks to queue
[2026-02-20T11:07:01.354+0000] {logging_mixin.py:188} INFO - [2026-02-20T11:07:01.353+0000] {dagbag.py:545} INFO - Filling up the DagBag from /opt/airflow/dags/minio_to_snowflake.py
[2026-02-20T11:07:02.248+0000] {processor.py:840} INFO - DAG(s) 'spotify_minio_to_snowflake_bronze' retrieved from /opt/airflow/dags/minio_to_snowflake.py
[2026-02-20T11:07:02.278+0000] {logging_mixin.py:188} INFO - [2026-02-20T11:07:02.278+0000] {dag.py:3089} INFO - Sync 1 DAGs
[2026-02-20T11:07:02.305+0000] {logging_mixin.py:188} INFO - [2026-02-20T11:07:02.305+0000] {dag.py:3947} INFO - Setting next_dagrun for spotify_minio_to_snowflake_bronze to 2026-02-20 11:00:00+00:00, run_after=2026-02-20 12:00:00+00:00
[2026-02-20T11:07:02.330+0000] {processor.py:183} INFO - Processing /opt/airflow/dags/minio_to_snowflake.py took 0.986 seconds
[2026-02-20T11:07:32.544+0000] {processor.py:161} INFO - Started process (PID=98) to work on /opt/airflow/dags/minio_to_snowflake.py
[2026-02-20T11:07:32.545+0000] {processor.py:830} INFO - Processing file /opt/airflow/dags/minio_to_snowflake.py for tasks to queue
[2026-02-20T11:07:32.548+0000] {logging_mixin.py:188} INFO - [2026-02-20T11:07:32.548+0000] {dagbag.py:545} INFO - Filling up the DagBag from /opt/airflow/dags/minio_to_snowflake.py
[2026-02-20T11:07:33.416+0000] {processor.py:840} INFO - DAG(s) 'spotify_minio_to_snowflake_bronze' retrieved from /opt/airflow/dags/minio_to_snowflake.py
[2026-02-20T11:07:33.451+0000] {logging_mixin.py:188} INFO - [2026-02-20T11:07:33.451+0000] {dag.py:3089} INFO - Sync 1 DAGs
[2026-02-20T11:07:33.475+0000] {logging_mixin.py:188} INFO - [2026-02-20T11:07:33.474+0000] {dag.py:3947} INFO - Setting next_dagrun for spotify_minio_to_snowflake_bronze to 2026-02-20 11:00:00+00:00, run_after=2026-02-20 12:00:00+00:00
[2026-02-20T11:07:33.493+0000] {processor.py:183} INFO - Processing /opt/airflow/dags/minio_to_snowflake.py took 0.956 seconds
[2026-02-20T11:08:03.711+0000] {processor.py:161} INFO - Started process (PID=101) to work on /opt/airflow/dags/minio_to_snowflake.py
[2026-02-20T11:08:03.712+0000] {processor.py:830} INFO - Processing file /opt/airflow/dags/minio_to_snowflake.py for tasks to queue
[2026-02-20T11:08:03.715+0000] {logging_mixin.py:188} INFO - [2026-02-20T11:08:03.715+0000] {dagbag.py:545} INFO - Filling up the DagBag from /opt/airflow/dags/minio_to_snowflake.py
[2026-02-20T11:08:04.713+0000] {processor.py:840} INFO - DAG(s) 'spotify_minio_to_snowflake_bronze' retrieved from /opt/airflow/dags/minio_to_snowflake.py
[2026-02-20T11:08:04.760+0000] {logging_mixin.py:188} INFO - [2026-02-20T11:08:04.760+0000] {dag.py:3089} INFO - Sync 1 DAGs
[2026-02-20T11:08:04.793+0000] {logging_mixin.py:188} INFO - [2026-02-20T11:08:04.793+0000] {dag.py:3947} INFO - Setting next_dagrun for spotify_minio_to_snowflake_bronze to 2026-02-20 11:00:00+00:00, run_after=2026-02-20 12:00:00+00:00
[2026-02-20T11:08:04.822+0000] {processor.py:183} INFO - Processing /opt/airflow/dags/minio_to_snowflake.py took 1.118 seconds
[2026-02-20T11:08:34.907+0000] {processor.py:161} INFO - Started process (PID=104) to work on /opt/airflow/dags/minio_to_snowflake.py
[2026-02-20T11:08:34.909+0000] {processor.py:830} INFO - Processing file /opt/airflow/dags/minio_to_snowflake.py for tasks to queue
[2026-02-20T11:08:34.912+0000] {logging_mixin.py:188} INFO - [2026-02-20T11:08:34.911+0000] {dagbag.py:545} INFO - Filling up the DagBag from /opt/airflow/dags/minio_to_snowflake.py
[2026-02-20T11:08:35.766+0000] {processor.py:840} INFO - DAG(s) 'spotify_minio_to_snowflake_bronze' retrieved from /opt/airflow/dags/minio_to_snowflake.py
[2026-02-20T11:08:35.797+0000] {logging_mixin.py:188} INFO - [2026-02-20T11:08:35.796+0000] {dag.py:3089} INFO - Sync 1 DAGs
[2026-02-20T11:08:35.821+0000] {logging_mixin.py:188} INFO - [2026-02-20T11:08:35.821+0000] {dag.py:3947} INFO - Setting next_dagrun for spotify_minio_to_snowflake_bronze to 2026-02-20 11:00:00+00:00, run_after=2026-02-20 12:00:00+00:00
[2026-02-20T11:08:35.841+0000] {processor.py:183} INFO - Processing /opt/airflow/dags/minio_to_snowflake.py took 0.941 seconds
[2026-02-20T11:09:06.064+0000] {processor.py:161} INFO - Started process (PID=107) to work on /opt/airflow/dags/minio_to_snowflake.py
[2026-02-20T11:09:06.065+0000] {processor.py:830} INFO - Processing file /opt/airflow/dags/minio_to_snowflake.py for tasks to queue
[2026-02-20T11:09:06.068+0000] {logging_mixin.py:188} INFO - [2026-02-20T11:09:06.067+0000] {dagbag.py:545} INFO - Filling up the DagBag from /opt/airflow/dags/minio_to_snowflake.py
[2026-02-20T11:09:06.992+0000] {processor.py:840} INFO - DAG(s) 'spotify_minio_to_snowflake_bronze' retrieved from /opt/airflow/dags/minio_to_snowflake.py
[2026-02-20T11:09:07.025+0000] {logging_mixin.py:188} INFO - [2026-02-20T11:09:07.024+0000] {dag.py:3089} INFO - Sync 1 DAGs
[2026-02-20T11:09:07.047+0000] {logging_mixin.py:188} INFO - [2026-02-20T11:09:07.047+0000] {dag.py:3947} INFO - Setting next_dagrun for spotify_minio_to_snowflake_bronze to 2026-02-20 11:00:00+00:00, run_after=2026-02-20 12:00:00+00:00
[2026-02-20T11:09:07.069+0000] {processor.py:183} INFO - Processing /opt/airflow/dags/minio_to_snowflake.py took 1.012 seconds
[2026-02-20T11:09:37.250+0000] {processor.py:161} INFO - Started process (PID=110) to work on /opt/airflow/dags/minio_to_snowflake.py
[2026-02-20T11:09:37.251+0000] {processor.py:830} INFO - Processing file /opt/airflow/dags/minio_to_snowflake.py for tasks to queue
[2026-02-20T11:09:37.253+0000] {logging_mixin.py:188} INFO - [2026-02-20T11:09:37.253+0000] {dagbag.py:545} INFO - Filling up the DagBag from /opt/airflow/dags/minio_to_snowflake.py
[2026-02-20T11:09:38.112+0000] {processor.py:840} INFO - DAG(s) 'spotify_minio_to_snowflake_bronze' retrieved from /opt/airflow/dags/minio_to_snowflake.py
[2026-02-20T11:09:38.145+0000] {logging_mixin.py:188} INFO - [2026-02-20T11:09:38.145+0000] {dag.py:3089} INFO - Sync 1 DAGs
[2026-02-20T11:09:38.170+0000] {logging_mixin.py:188} INFO - [2026-02-20T11:09:38.170+0000] {dag.py:3947} INFO - Setting next_dagrun for spotify_minio_to_snowflake_bronze to 2026-02-20 11:00:00+00:00, run_after=2026-02-20 12:00:00+00:00
[2026-02-20T11:09:38.195+0000] {processor.py:183} INFO - Processing /opt/airflow/dags/minio_to_snowflake.py took 0.952 seconds
[2026-02-20T11:10:08.423+0000] {processor.py:161} INFO - Started process (PID=113) to work on /opt/airflow/dags/minio_to_snowflake.py
[2026-02-20T11:10:08.424+0000] {processor.py:830} INFO - Processing file /opt/airflow/dags/minio_to_snowflake.py for tasks to queue
[2026-02-20T11:10:08.426+0000] {logging_mixin.py:188} INFO - [2026-02-20T11:10:08.426+0000] {dagbag.py:545} INFO - Filling up the DagBag from /opt/airflow/dags/minio_to_snowflake.py
[2026-02-20T11:10:09.361+0000] {processor.py:840} INFO - DAG(s) 'spotify_minio_to_snowflake_bronze' retrieved from /opt/airflow/dags/minio_to_snowflake.py
[2026-02-20T11:10:09.398+0000] {logging_mixin.py:188} INFO - [2026-02-20T11:10:09.397+0000] {dag.py:3089} INFO - Sync 1 DAGs
[2026-02-20T11:10:09.422+0000] {logging_mixin.py:188} INFO - [2026-02-20T11:10:09.422+0000] {dag.py:3947} INFO - Setting next_dagrun for spotify_minio_to_snowflake_bronze to 2026-02-20 11:00:00+00:00, run_after=2026-02-20 12:00:00+00:00
[2026-02-20T11:10:09.448+0000] {processor.py:183} INFO - Processing /opt/airflow/dags/minio_to_snowflake.py took 1.033 seconds
[2026-02-20T11:10:39.614+0000] {processor.py:161} INFO - Started process (PID=116) to work on /opt/airflow/dags/minio_to_snowflake.py
[2026-02-20T11:10:39.616+0000] {processor.py:830} INFO - Processing file /opt/airflow/dags/minio_to_snowflake.py for tasks to queue
[2026-02-20T11:10:39.618+0000] {logging_mixin.py:188} INFO - [2026-02-20T11:10:39.618+0000] {dagbag.py:545} INFO - Filling up the DagBag from /opt/airflow/dags/minio_to_snowflake.py
[2026-02-20T11:10:40.454+0000] {processor.py:840} INFO - DAG(s) 'spotify_minio_to_snowflake_bronze' retrieved from /opt/airflow/dags/minio_to_snowflake.py
[2026-02-20T11:10:40.483+0000] {logging_mixin.py:188} INFO - [2026-02-20T11:10:40.482+0000] {dag.py:3089} INFO - Sync 1 DAGs
[2026-02-20T11:10:40.505+0000] {logging_mixin.py:188} INFO - [2026-02-20T11:10:40.505+0000] {dag.py:3947} INFO - Setting next_dagrun for spotify_minio_to_snowflake_bronze to 2026-02-20 11:00:00+00:00, run_after=2026-02-20 12:00:00+00:00
[2026-02-20T11:10:40.526+0000] {processor.py:183} INFO - Processing /opt/airflow/dags/minio_to_snowflake.py took 0.918 seconds
[2026-02-20T11:11:10.797+0000] {processor.py:161} INFO - Started process (PID=119) to work on /opt/airflow/dags/minio_to_snowflake.py
[2026-02-20T11:11:10.798+0000] {processor.py:830} INFO - Processing file /opt/airflow/dags/minio_to_snowflake.py for tasks to queue
[2026-02-20T11:11:10.800+0000] {logging_mixin.py:188} INFO - [2026-02-20T11:11:10.799+0000] {dagbag.py:545} INFO - Filling up the DagBag from /opt/airflow/dags/minio_to_snowflake.py
[2026-02-20T11:11:11.904+0000] {processor.py:840} INFO - DAG(s) 'spotify_minio_to_snowflake_bronze' retrieved from /opt/airflow/dags/minio_to_snowflake.py
[2026-02-20T11:11:11.937+0000] {logging_mixin.py:188} INFO - [2026-02-20T11:11:11.936+0000] {dag.py:3089} INFO - Sync 1 DAGs
[2026-02-20T11:11:11.965+0000] {logging_mixin.py:188} INFO - [2026-02-20T11:11:11.964+0000] {dag.py:3947} INFO - Setting next_dagrun for spotify_minio_to_snowflake_bronze to 2026-02-20 11:00:00+00:00, run_after=2026-02-20 12:00:00+00:00
[2026-02-20T11:11:11.989+0000] {processor.py:183} INFO - Processing /opt/airflow/dags/minio_to_snowflake.py took 1.198 seconds
[2026-02-20T11:11:42.183+0000] {processor.py:161} INFO - Started process (PID=122) to work on /opt/airflow/dags/minio_to_snowflake.py
[2026-02-20T11:11:42.184+0000] {processor.py:830} INFO - Processing file /opt/airflow/dags/minio_to_snowflake.py for tasks to queue
[2026-02-20T11:11:42.187+0000] {logging_mixin.py:188} INFO - [2026-02-20T11:11:42.186+0000] {dagbag.py:545} INFO - Filling up the DagBag from /opt/airflow/dags/minio_to_snowflake.py
[2026-02-20T11:11:43.127+0000] {processor.py:840} INFO - DAG(s) 'spotify_minio_to_snowflake_bronze' retrieved from /opt/airflow/dags/minio_to_snowflake.py
[2026-02-20T11:11:43.154+0000] {logging_mixin.py:188} INFO - [2026-02-20T11:11:43.154+0000] {dag.py:3089} INFO - Sync 1 DAGs
[2026-02-20T11:11:43.175+0000] {logging_mixin.py:188} INFO - [2026-02-20T11:11:43.175+0000] {dag.py:3947} INFO - Setting next_dagrun for spotify_minio_to_snowflake_bronze to 2026-02-20 11:00:00+00:00, run_after=2026-02-20 12:00:00+00:00
[2026-02-20T11:11:43.195+0000] {processor.py:183} INFO - Processing /opt/airflow/dags/minio_to_snowflake.py took 1.019 seconds
[2026-02-20T11:12:13.370+0000] {processor.py:161} INFO - Started process (PID=125) to work on /opt/airflow/dags/minio_to_snowflake.py
[2026-02-20T11:12:13.372+0000] {processor.py:830} INFO - Processing file /opt/airflow/dags/minio_to_snowflake.py for tasks to queue
[2026-02-20T11:12:13.374+0000] {logging_mixin.py:188} INFO - [2026-02-20T11:12:13.374+0000] {dagbag.py:545} INFO - Filling up the DagBag from /opt/airflow/dags/minio_to_snowflake.py
[2026-02-20T11:12:14.349+0000] {processor.py:840} INFO - DAG(s) 'spotify_minio_to_snowflake_bronze' retrieved from /opt/airflow/dags/minio_to_snowflake.py
[2026-02-20T11:12:14.390+0000] {logging_mixin.py:188} INFO - [2026-02-20T11:12:14.389+0000] {dag.py:3089} INFO - Sync 1 DAGs
[2026-02-20T11:12:14.418+0000] {logging_mixin.py:188} INFO - [2026-02-20T11:12:14.418+0000] {dag.py:3947} INFO - Setting next_dagrun for spotify_minio_to_snowflake_bronze to 2026-02-20 11:00:00+00:00, run_after=2026-02-20 12:00:00+00:00
[2026-02-20T11:12:14.441+0000] {processor.py:183} INFO - Processing /opt/airflow/dags/minio_to_snowflake.py took 1.078 seconds
[2026-02-20T11:12:44.557+0000] {processor.py:161} INFO - Started process (PID=128) to work on /opt/airflow/dags/minio_to_snowflake.py
[2026-02-20T11:12:44.558+0000] {processor.py:830} INFO - Processing file /opt/airflow/dags/minio_to_snowflake.py for tasks to queue
[2026-02-20T11:12:44.561+0000] {logging_mixin.py:188} INFO - [2026-02-20T11:12:44.561+0000] {dagbag.py:545} INFO - Filling up the DagBag from /opt/airflow/dags/minio_to_snowflake.py
[2026-02-20T11:12:45.462+0000] {processor.py:840} INFO - DAG(s) 'spotify_minio_to_snowflake_bronze' retrieved from /opt/airflow/dags/minio_to_snowflake.py
[2026-02-20T11:12:45.497+0000] {logging_mixin.py:188} INFO - [2026-02-20T11:12:45.497+0000] {dag.py:3089} INFO - Sync 1 DAGs
[2026-02-20T11:12:45.527+0000] {logging_mixin.py:188} INFO - [2026-02-20T11:12:45.527+0000] {dag.py:3947} INFO - Setting next_dagrun for spotify_minio_to_snowflake_bronze to 2026-02-20 11:00:00+00:00, run_after=2026-02-20 12:00:00+00:00
[2026-02-20T11:12:45.551+0000] {processor.py:183} INFO - Processing /opt/airflow/dags/minio_to_snowflake.py took 1.001 seconds
[2026-02-20T11:13:15.752+0000] {processor.py:161} INFO - Started process (PID=131) to work on /opt/airflow/dags/minio_to_snowflake.py
[2026-02-20T11:13:15.753+0000] {processor.py:830} INFO - Processing file /opt/airflow/dags/minio_to_snowflake.py for tasks to queue
[2026-02-20T11:13:15.756+0000] {logging_mixin.py:188} INFO - [2026-02-20T11:13:15.756+0000] {dagbag.py:545} INFO - Filling up the DagBag from /opt/airflow/dags/minio_to_snowflake.py
[2026-02-20T11:13:16.978+0000] {processor.py:840} INFO - DAG(s) 'spotify_minio_to_snowflake_bronze' retrieved from /opt/airflow/dags/minio_to_snowflake.py
[2026-02-20T11:13:17.019+0000] {logging_mixin.py:188} INFO - [2026-02-20T11:13:17.018+0000] {dag.py:3089} INFO - Sync 1 DAGs
[2026-02-20T11:13:17.049+0000] {logging_mixin.py:188} INFO - [2026-02-20T11:13:17.048+0000] {dag.py:3947} INFO - Setting next_dagrun for spotify_minio_to_snowflake_bronze to 2026-02-20 11:00:00+00:00, run_after=2026-02-20 12:00:00+00:00
[2026-02-20T11:13:17.074+0000] {processor.py:183} INFO - Processing /opt/airflow/dags/minio_to_snowflake.py took 1.330 seconds
[2026-02-20T11:13:47.156+0000] {processor.py:161} INFO - Started process (PID=134) to work on /opt/airflow/dags/minio_to_snowflake.py
[2026-02-20T11:13:47.157+0000] {processor.py:830} INFO - Processing file /opt/airflow/dags/minio_to_snowflake.py for tasks to queue
[2026-02-20T11:13:47.160+0000] {logging_mixin.py:188} INFO - [2026-02-20T11:13:47.160+0000] {dagbag.py:545} INFO - Filling up the DagBag from /opt/airflow/dags/minio_to_snowflake.py
[2026-02-20T11:13:48.023+0000] {processor.py:840} INFO - DAG(s) 'spotify_minio_to_snowflake_bronze' retrieved from /opt/airflow/dags/minio_to_snowflake.py
[2026-02-20T11:13:48.054+0000] {logging_mixin.py:188} INFO - [2026-02-20T11:13:48.054+0000] {dag.py:3089} INFO - Sync 1 DAGs
[2026-02-20T11:13:48.076+0000] {logging_mixin.py:188} INFO - [2026-02-20T11:13:48.076+0000] {dag.py:3947} INFO - Setting next_dagrun for spotify_minio_to_snowflake_bronze to 2026-02-20 11:00:00+00:00, run_after=2026-02-20 12:00:00+00:00
[2026-02-20T11:13:48.097+0000] {processor.py:183} INFO - Processing /opt/airflow/dags/minio_to_snowflake.py took 0.949 seconds
[2026-02-20T11:14:18.319+0000] {processor.py:161} INFO - Started process (PID=137) to work on /opt/airflow/dags/minio_to_snowflake.py
[2026-02-20T11:14:18.320+0000] {processor.py:830} INFO - Processing file /opt/airflow/dags/minio_to_snowflake.py for tasks to queue
[2026-02-20T11:14:18.322+0000] {logging_mixin.py:188} INFO - [2026-02-20T11:14:18.322+0000] {dagbag.py:545} INFO - Filling up the DagBag from /opt/airflow/dags/minio_to_snowflake.py
[2026-02-20T11:14:19.221+0000] {processor.py:840} INFO - DAG(s) 'spotify_minio_to_snowflake_bronze' retrieved from /opt/airflow/dags/minio_to_snowflake.py
[2026-02-20T11:14:19.254+0000] {logging_mixin.py:188} INFO - [2026-02-20T11:14:19.254+0000] {dag.py:3089} INFO - Sync 1 DAGs
[2026-02-20T11:14:19.278+0000] {logging_mixin.py:188} INFO - [2026-02-20T11:14:19.278+0000] {dag.py:3947} INFO - Setting next_dagrun for spotify_minio_to_snowflake_bronze to 2026-02-20 11:00:00+00:00, run_after=2026-02-20 12:00:00+00:00
[2026-02-20T11:14:19.302+0000] {processor.py:183} INFO - Processing /opt/airflow/dags/minio_to_snowflake.py took 0.990 seconds
[2026-02-20T11:14:49.507+0000] {processor.py:161} INFO - Started process (PID=140) to work on /opt/airflow/dags/minio_to_snowflake.py
[2026-02-20T11:14:49.508+0000] {processor.py:830} INFO - Processing file /opt/airflow/dags/minio_to_snowflake.py for tasks to queue
[2026-02-20T11:14:49.511+0000] {logging_mixin.py:188} INFO - [2026-02-20T11:14:49.510+0000] {dagbag.py:545} INFO - Filling up the DagBag from /opt/airflow/dags/minio_to_snowflake.py
[2026-02-20T11:14:50.471+0000] {processor.py:840} INFO - DAG(s) 'spotify_minio_to_snowflake_bronze' retrieved from /opt/airflow/dags/minio_to_snowflake.py
[2026-02-20T11:14:50.502+0000] {logging_mixin.py:188} INFO - [2026-02-20T11:14:50.501+0000] {dag.py:3089} INFO - Sync 1 DAGs
[2026-02-20T11:14:50.525+0000] {logging_mixin.py:188} INFO - [2026-02-20T11:14:50.525+0000] {dag.py:3947} INFO - Setting next_dagrun for spotify_minio_to_snowflake_bronze to 2026-02-20 11:00:00+00:00, run_after=2026-02-20 12:00:00+00:00
[2026-02-20T11:14:50.548+0000] {processor.py:183} INFO - Processing /opt/airflow/dags/minio_to_snowflake.py took 1.047 seconds
[2026-02-20T11:15:20.698+0000] {processor.py:161} INFO - Started process (PID=143) to work on /opt/airflow/dags/minio_to_snowflake.py
[2026-02-20T11:15:20.699+0000] {processor.py:830} INFO - Processing file /opt/airflow/dags/minio_to_snowflake.py for tasks to queue
[2026-02-20T11:15:20.701+0000] {logging_mixin.py:188} INFO - [2026-02-20T11:15:20.701+0000] {dagbag.py:545} INFO - Filling up the DagBag from /opt/airflow/dags/minio_to_snowflake.py
[2026-02-20T11:15:21.719+0000] {processor.py:840} INFO - DAG(s) 'spotify_minio_to_snowflake_bronze' retrieved from /opt/airflow/dags/minio_to_snowflake.py
[2026-02-20T11:15:21.776+0000] {logging_mixin.py:188} INFO - [2026-02-20T11:15:21.775+0000] {dag.py:3089} INFO - Sync 1 DAGs
[2026-02-20T11:15:21.818+0000] {logging_mixin.py:188} INFO - [2026-02-20T11:15:21.818+0000] {dag.py:3947} INFO - Setting next_dagrun for spotify_minio_to_snowflake_bronze to 2026-02-20 11:00:00+00:00, run_after=2026-02-20 12:00:00+00:00
[2026-02-20T11:15:21.854+0000] {processor.py:183} INFO - Processing /opt/airflow/dags/minio_to_snowflake.py took 1.163 seconds
[2026-02-20T11:15:51.963+0000] {processor.py:161} INFO - Started process (PID=146) to work on /opt/airflow/dags/minio_to_snowflake.py
[2026-02-20T11:15:51.964+0000] {processor.py:830} INFO - Processing file /opt/airflow/dags/minio_to_snowflake.py for tasks to queue
[2026-02-20T11:15:51.966+0000] {logging_mixin.py:188} INFO - [2026-02-20T11:15:51.966+0000] {dagbag.py:545} INFO - Filling up the DagBag from /opt/airflow/dags/minio_to_snowflake.py
[2026-02-20T11:15:52.826+0000] {processor.py:840} INFO - DAG(s) 'spotify_minio_to_snowflake_bronze' retrieved from /opt/airflow/dags/minio_to_snowflake.py
[2026-02-20T11:15:52.856+0000] {logging_mixin.py:188} INFO - [2026-02-20T11:15:52.856+0000] {dag.py:3089} INFO - Sync 1 DAGs
[2026-02-20T11:15:52.878+0000] {logging_mixin.py:188} INFO - [2026-02-20T11:15:52.878+0000] {dag.py:3947} INFO - Setting next_dagrun for spotify_minio_to_snowflake_bronze to 2026-02-20 11:00:00+00:00, run_after=2026-02-20 12:00:00+00:00
[2026-02-20T11:15:52.898+0000] {processor.py:183} INFO - Processing /opt/airflow/dags/minio_to_snowflake.py took 0.943 seconds
[2026-02-20T11:16:23.136+0000] {processor.py:161} INFO - Started process (PID=149) to work on /opt/airflow/dags/minio_to_snowflake.py
[2026-02-20T11:16:23.137+0000] {processor.py:830} INFO - Processing file /opt/airflow/dags/minio_to_snowflake.py for tasks to queue
[2026-02-20T11:16:23.140+0000] {logging_mixin.py:188} INFO - [2026-02-20T11:16:23.139+0000] {dagbag.py:545} INFO - Filling up the DagBag from /opt/airflow/dags/minio_to_snowflake.py
[2026-02-20T11:16:24.231+0000] {processor.py:840} INFO - DAG(s) 'spotify_minio_to_snowflake_bronze' retrieved from /opt/airflow/dags/minio_to_snowflake.py
[2026-02-20T11:16:24.265+0000] {logging_mixin.py:188} INFO - [2026-02-20T11:16:24.265+0000] {dag.py:3089} INFO - Sync 1 DAGs
[2026-02-20T11:16:24.297+0000] {logging_mixin.py:188} INFO - [2026-02-20T11:16:24.296+0000] {dag.py:3947} INFO - Setting next_dagrun for spotify_minio_to_snowflake_bronze to 2026-02-20 11:00:00+00:00, run_after=2026-02-20 12:00:00+00:00
[2026-02-20T11:16:24.325+0000] {processor.py:183} INFO - Processing /opt/airflow/dags/minio_to_snowflake.py took 1.199 seconds
[2026-02-20T11:16:54.385+0000] {processor.py:161} INFO - Started process (PID=152) to work on /opt/airflow/dags/minio_to_snowflake.py
[2026-02-20T11:16:54.386+0000] {processor.py:830} INFO - Processing file /opt/airflow/dags/minio_to_snowflake.py for tasks to queue
[2026-02-20T11:16:54.388+0000] {logging_mixin.py:188} INFO - [2026-02-20T11:16:54.388+0000] {dagbag.py:545} INFO - Filling up the DagBag from /opt/airflow/dags/minio_to_snowflake.py
[2026-02-20T11:16:55.288+0000] {processor.py:840} INFO - DAG(s) 'spotify_minio_to_snowflake_bronze' retrieved from /opt/airflow/dags/minio_to_snowflake.py
[2026-02-20T11:16:55.330+0000] {logging_mixin.py:188} INFO - [2026-02-20T11:16:55.330+0000] {dag.py:3089} INFO - Sync 1 DAGs
[2026-02-20T11:16:55.364+0000] {logging_mixin.py:188} INFO - [2026-02-20T11:16:55.364+0000] {dag.py:3947} INFO - Setting next_dagrun for spotify_minio_to_snowflake_bronze to 2026-02-20 11:00:00+00:00, run_after=2026-02-20 12:00:00+00:00
[2026-02-20T11:16:55.396+0000] {processor.py:183} INFO - Processing /opt/airflow/dags/minio_to_snowflake.py took 1.018 seconds
[2026-02-20T11:17:25.572+0000] {processor.py:161} INFO - Started process (PID=155) to work on /opt/airflow/dags/minio_to_snowflake.py
[2026-02-20T11:17:25.574+0000] {processor.py:830} INFO - Processing file /opt/airflow/dags/minio_to_snowflake.py for tasks to queue
[2026-02-20T11:17:25.577+0000] {logging_mixin.py:188} INFO - [2026-02-20T11:17:25.576+0000] {dagbag.py:545} INFO - Filling up the DagBag from /opt/airflow/dags/minio_to_snowflake.py
[2026-02-20T11:17:26.548+0000] {processor.py:840} INFO - DAG(s) 'spotify_minio_to_snowflake_bronze' retrieved from /opt/airflow/dags/minio_to_snowflake.py
[2026-02-20T11:17:26.581+0000] {logging_mixin.py:188} INFO - [2026-02-20T11:17:26.581+0000] {dag.py:3089} INFO - Sync 1 DAGs
[2026-02-20T11:17:26.615+0000] {logging_mixin.py:188} INFO - [2026-02-20T11:17:26.615+0000] {dag.py:3947} INFO - Setting next_dagrun for spotify_minio_to_snowflake_bronze to 2026-02-20 11:00:00+00:00, run_after=2026-02-20 12:00:00+00:00
[2026-02-20T11:17:26.637+0000] {processor.py:183} INFO - Processing /opt/airflow/dags/minio_to_snowflake.py took 1.073 seconds
[2026-02-20T11:17:56.776+0000] {processor.py:161} INFO - Started process (PID=158) to work on /opt/airflow/dags/minio_to_snowflake.py
[2026-02-20T11:17:56.778+0000] {processor.py:830} INFO - Processing file /opt/airflow/dags/minio_to_snowflake.py for tasks to queue
[2026-02-20T11:17:56.781+0000] {logging_mixin.py:188} INFO - [2026-02-20T11:17:56.781+0000] {dagbag.py:545} INFO - Filling up the DagBag from /opt/airflow/dags/minio_to_snowflake.py
[2026-02-20T11:17:57.668+0000] {processor.py:840} INFO - DAG(s) 'spotify_minio_to_snowflake_bronze' retrieved from /opt/airflow/dags/minio_to_snowflake.py
[2026-02-20T11:17:57.698+0000] {logging_mixin.py:188} INFO - [2026-02-20T11:17:57.697+0000] {dag.py:3089} INFO - Sync 1 DAGs
[2026-02-20T11:17:57.726+0000] {logging_mixin.py:188} INFO - [2026-02-20T11:17:57.725+0000] {dag.py:3947} INFO - Setting next_dagrun for spotify_minio_to_snowflake_bronze to 2026-02-20 11:00:00+00:00, run_after=2026-02-20 12:00:00+00:00
[2026-02-20T11:17:57.748+0000] {processor.py:183} INFO - Processing /opt/airflow/dags/minio_to_snowflake.py took 0.984 seconds
[2026-02-20T11:18:27.933+0000] {processor.py:161} INFO - Started process (PID=161) to work on /opt/airflow/dags/minio_to_snowflake.py
[2026-02-20T11:18:27.934+0000] {processor.py:830} INFO - Processing file /opt/airflow/dags/minio_to_snowflake.py for tasks to queue
[2026-02-20T11:18:27.937+0000] {logging_mixin.py:188} INFO - [2026-02-20T11:18:27.937+0000] {dagbag.py:545} INFO - Filling up the DagBag from /opt/airflow/dags/minio_to_snowflake.py
[2026-02-20T11:18:28.882+0000] {processor.py:840} INFO - DAG(s) 'spotify_minio_to_snowflake_bronze' retrieved from /opt/airflow/dags/minio_to_snowflake.py
[2026-02-20T11:18:28.912+0000] {logging_mixin.py:188} INFO - [2026-02-20T11:18:28.912+0000] {dag.py:3089} INFO - Sync 1 DAGs
[2026-02-20T11:18:28.936+0000] {logging_mixin.py:188} INFO - [2026-02-20T11:18:28.936+0000] {dag.py:3947} INFO - Setting next_dagrun for spotify_minio_to_snowflake_bronze to 2026-02-20 11:00:00+00:00, run_after=2026-02-20 12:00:00+00:00
[2026-02-20T11:18:28.959+0000] {processor.py:183} INFO - Processing /opt/airflow/dags/minio_to_snowflake.py took 1.036 seconds
[2026-02-20T11:18:59.129+0000] {processor.py:161} INFO - Started process (PID=164) to work on /opt/airflow/dags/minio_to_snowflake.py
[2026-02-20T11:18:59.130+0000] {processor.py:830} INFO - Processing file /opt/airflow/dags/minio_to_snowflake.py for tasks to queue
[2026-02-20T11:18:59.133+0000] {logging_mixin.py:188} INFO - [2026-02-20T11:18:59.133+0000] {dagbag.py:545} INFO - Filling up the DagBag from /opt/airflow/dags/minio_to_snowflake.py
[2026-02-20T11:18:59.950+0000] {processor.py:840} INFO - DAG(s) 'spotify_minio_to_snowflake_bronze' retrieved from /opt/airflow/dags/minio_to_snowflake.py
[2026-02-20T11:18:59.977+0000] {logging_mixin.py:188} INFO - [2026-02-20T11:18:59.977+0000] {dag.py:3089} INFO - Sync 1 DAGs
[2026-02-20T11:18:59.999+0000] {logging_mixin.py:188} INFO - [2026-02-20T11:18:59.999+0000] {dag.py:3947} INFO - Setting next_dagrun for spotify_minio_to_snowflake_bronze to 2026-02-20 11:00:00+00:00, run_after=2026-02-20 12:00:00+00:00
[2026-02-20T11:19:00.021+0000] {processor.py:183} INFO - Processing /opt/airflow/dags/minio_to_snowflake.py took 0.900 seconds
[2026-02-20T11:19:30.239+0000] {processor.py:161} INFO - Started process (PID=167) to work on /opt/airflow/dags/minio_to_snowflake.py
[2026-02-20T11:19:30.241+0000] {processor.py:830} INFO - Processing file /opt/airflow/dags/minio_to_snowflake.py for tasks to queue
[2026-02-20T11:19:30.244+0000] {logging_mixin.py:188} INFO - [2026-02-20T11:19:30.244+0000] {dagbag.py:545} INFO - Filling up the DagBag from /opt/airflow/dags/minio_to_snowflake.py
[2026-02-20T11:19:31.588+0000] {processor.py:840} INFO - DAG(s) 'spotify_minio_to_snowflake_bronze' retrieved from /opt/airflow/dags/minio_to_snowflake.py
[2026-02-20T11:19:31.629+0000] {logging_mixin.py:188} INFO - [2026-02-20T11:19:31.629+0000] {dag.py:3089} INFO - Sync 1 DAGs
[2026-02-20T11:19:31.656+0000] {logging_mixin.py:188} INFO - [2026-02-20T11:19:31.655+0000] {dag.py:3947} INFO - Setting next_dagrun for spotify_minio_to_snowflake_bronze to 2026-02-20 11:00:00+00:00, run_after=2026-02-20 12:00:00+00:00
[2026-02-20T11:19:31.677+0000] {processor.py:183} INFO - Processing /opt/airflow/dags/minio_to_snowflake.py took 1.450 seconds
[2026-02-20T11:20:01.879+0000] {processor.py:161} INFO - Started process (PID=170) to work on /opt/airflow/dags/minio_to_snowflake.py
[2026-02-20T11:20:01.880+0000] {processor.py:830} INFO - Processing file /opt/airflow/dags/minio_to_snowflake.py for tasks to queue
[2026-02-20T11:20:01.883+0000] {logging_mixin.py:188} INFO - [2026-02-20T11:20:01.882+0000] {dagbag.py:545} INFO - Filling up the DagBag from /opt/airflow/dags/minio_to_snowflake.py
[2026-02-20T11:20:02.713+0000] {processor.py:840} INFO - DAG(s) 'spotify_minio_to_snowflake_bronze' retrieved from /opt/airflow/dags/minio_to_snowflake.py
[2026-02-20T11:20:02.740+0000] {logging_mixin.py:188} INFO - [2026-02-20T11:20:02.740+0000] {dag.py:3089} INFO - Sync 1 DAGs
[2026-02-20T11:20:02.762+0000] {logging_mixin.py:188} INFO - [2026-02-20T11:20:02.761+0000] {dag.py:3947} INFO - Setting next_dagrun for spotify_minio_to_snowflake_bronze to 2026-02-20 11:00:00+00:00, run_after=2026-02-20 12:00:00+00:00
[2026-02-20T11:20:02.781+0000] {processor.py:183} INFO - Processing /opt/airflow/dags/minio_to_snowflake.py took 0.914 seconds
[2026-02-20T11:20:32.981+0000] {processor.py:161} INFO - Started process (PID=173) to work on /opt/airflow/dags/minio_to_snowflake.py
[2026-02-20T11:20:32.982+0000] {processor.py:830} INFO - Processing file /opt/airflow/dags/minio_to_snowflake.py for tasks to queue
[2026-02-20T11:20:32.985+0000] {logging_mixin.py:188} INFO - [2026-02-20T11:20:32.985+0000] {dagbag.py:545} INFO - Filling up the DagBag from /opt/airflow/dags/minio_to_snowflake.py
[2026-02-20T11:20:33.862+0000] {processor.py:840} INFO - DAG(s) 'spotify_minio_to_snowflake_bronze' retrieved from /opt/airflow/dags/minio_to_snowflake.py
[2026-02-20T11:20:33.890+0000] {logging_mixin.py:188} INFO - [2026-02-20T11:20:33.890+0000] {dag.py:3089} INFO - Sync 1 DAGs
[2026-02-20T11:20:33.911+0000] {logging_mixin.py:188} INFO - [2026-02-20T11:20:33.911+0000] {dag.py:3947} INFO - Setting next_dagrun for spotify_minio_to_snowflake_bronze to 2026-02-20 11:00:00+00:00, run_after=2026-02-20 12:00:00+00:00
[2026-02-20T11:20:33.931+0000] {processor.py:183} INFO - Processing /opt/airflow/dags/minio_to_snowflake.py took 0.959 seconds
[2026-02-20T11:21:04.162+0000] {processor.py:161} INFO - Started process (PID=176) to work on /opt/airflow/dags/minio_to_snowflake.py
[2026-02-20T11:21:04.164+0000] {processor.py:830} INFO - Processing file /opt/airflow/dags/minio_to_snowflake.py for tasks to queue
[2026-02-20T11:21:04.166+0000] {logging_mixin.py:188} INFO - [2026-02-20T11:21:04.166+0000] {dagbag.py:545} INFO - Filling up the DagBag from /opt/airflow/dags/minio_to_snowflake.py
[2026-02-20T11:21:05.012+0000] {processor.py:840} INFO - DAG(s) 'spotify_minio_to_snowflake_bronze' retrieved from /opt/airflow/dags/minio_to_snowflake.py
[2026-02-20T11:21:05.042+0000] {logging_mixin.py:188} INFO - [2026-02-20T11:21:05.041+0000] {dag.py:3089} INFO - Sync 1 DAGs
[2026-02-20T11:21:05.065+0000] {logging_mixin.py:188} INFO - [2026-02-20T11:21:05.065+0000] {dag.py:3947} INFO - Setting next_dagrun for spotify_minio_to_snowflake_bronze to 2026-02-20 11:00:00+00:00, run_after=2026-02-20 12:00:00+00:00
[2026-02-20T11:21:05.084+0000] {processor.py:183} INFO - Processing /opt/airflow/dags/minio_to_snowflake.py took 0.930 seconds
[2026-02-20T11:21:35.277+0000] {processor.py:161} INFO - Started process (PID=179) to work on /opt/airflow/dags/minio_to_snowflake.py
[2026-02-20T11:21:35.279+0000] {processor.py:830} INFO - Processing file /opt/airflow/dags/minio_to_snowflake.py for tasks to queue
[2026-02-20T11:21:35.282+0000] {logging_mixin.py:188} INFO - [2026-02-20T11:21:35.281+0000] {dagbag.py:545} INFO - Filling up the DagBag from /opt/airflow/dags/minio_to_snowflake.py
[2026-02-20T11:21:37.082+0000] {processor.py:840} INFO - DAG(s) 'spotify_minio_to_snowflake_bronze' retrieved from /opt/airflow/dags/minio_to_snowflake.py
[2026-02-20T11:21:37.147+0000] {logging_mixin.py:188} INFO - [2026-02-20T11:21:37.146+0000] {dag.py:3089} INFO - Sync 1 DAGs
[2026-02-20T11:21:37.188+0000] {logging_mixin.py:188} INFO - [2026-02-20T11:21:37.188+0000] {dag.py:3947} INFO - Setting next_dagrun for spotify_minio_to_snowflake_bronze to 2026-02-20 11:00:00+00:00, run_after=2026-02-20 12:00:00+00:00
[2026-02-20T11:21:37.209+0000] {processor.py:183} INFO - Processing /opt/airflow/dags/minio_to_snowflake.py took 1.940 seconds
[2026-02-20T17:20:16.559+0000] {processor.py:161} INFO - Started process (PID=29) to work on /opt/airflow/dags/minio_to_snowflake.py
[2026-02-20T17:20:16.563+0000] {processor.py:830} INFO - Processing file /opt/airflow/dags/minio_to_snowflake.py for tasks to queue
[2026-02-20T17:20:16.569+0000] {logging_mixin.py:188} INFO - [2026-02-20T17:20:16.568+0000] {dagbag.py:545} INFO - Filling up the DagBag from /opt/airflow/dags/minio_to_snowflake.py
[2026-02-20T17:20:18.365+0000] {processor.py:840} INFO - DAG(s) 'spotify_minio_to_snowflake_bronze' retrieved from /opt/airflow/dags/minio_to_snowflake.py
[2026-02-20T17:20:18.420+0000] {logging_mixin.py:188} INFO - [2026-02-20T17:20:18.419+0000] {dag.py:3089} INFO - Sync 1 DAGs
[2026-02-20T17:20:18.448+0000] {logging_mixin.py:188} INFO - [2026-02-20T17:20:18.447+0000] {dag.py:3947} INFO - Setting next_dagrun for spotify_minio_to_snowflake_bronze to 2026-02-20 16:00:00+00:00, run_after=2026-02-20 17:00:00+00:00
[2026-02-20T17:20:18.475+0000] {processor.py:183} INFO - Processing /opt/airflow/dags/minio_to_snowflake.py took 1.934 seconds
[2026-02-20T17:21:11.658+0000] {processor.py:161} INFO - Started process (PID=29) to work on /opt/airflow/dags/minio_to_snowflake.py
[2026-02-20T17:21:11.660+0000] {processor.py:830} INFO - Processing file /opt/airflow/dags/minio_to_snowflake.py for tasks to queue
[2026-02-20T17:21:11.663+0000] {logging_mixin.py:188} INFO - [2026-02-20T17:21:11.662+0000] {dagbag.py:545} INFO - Filling up the DagBag from /opt/airflow/dags/minio_to_snowflake.py
[2026-02-20T17:21:15.503+0000] {processor.py:840} INFO - DAG(s) 'spotify_minio_to_snowflake_bronze' retrieved from /opt/airflow/dags/minio_to_snowflake.py
[2026-02-20T17:21:15.815+0000] {logging_mixin.py:188} INFO - [2026-02-20T17:21:15.814+0000] {dag.py:3089} INFO - Sync 1 DAGs
[2026-02-20T17:21:15.841+0000] {logging_mixin.py:188} INFO - [2026-02-20T17:21:15.841+0000] {dag.py:3947} INFO - Setting next_dagrun for spotify_minio_to_snowflake_bronze to 2026-02-20 16:00:00+00:00, run_after=2026-02-20 17:00:00+00:00
[2026-02-20T17:21:15.877+0000] {processor.py:183} INFO - Processing /opt/airflow/dags/minio_to_snowflake.py took 4.227 seconds
[2026-02-20T17:21:46.179+0000] {processor.py:161} INFO - Started process (PID=47) to work on /opt/airflow/dags/minio_to_snowflake.py
[2026-02-20T17:21:46.184+0000] {processor.py:830} INFO - Processing file /opt/airflow/dags/minio_to_snowflake.py for tasks to queue
[2026-02-20T17:21:46.194+0000] {logging_mixin.py:188} INFO - [2026-02-20T17:21:46.193+0000] {dagbag.py:545} INFO - Filling up the DagBag from /opt/airflow/dags/minio_to_snowflake.py
[2026-02-20T17:21:47.288+0000] {processor.py:840} INFO - DAG(s) 'spotify_minio_to_snowflake_bronze' retrieved from /opt/airflow/dags/minio_to_snowflake.py
[2026-02-20T17:21:47.320+0000] {logging_mixin.py:188} INFO - [2026-02-20T17:21:47.319+0000] {dag.py:3089} INFO - Sync 1 DAGs
[2026-02-20T17:21:47.343+0000] {logging_mixin.py:188} INFO - [2026-02-20T17:21:47.343+0000] {dag.py:3947} INFO - Setting next_dagrun for spotify_minio_to_snowflake_bronze to 2026-02-20 17:00:00+00:00, run_after=2026-02-20 18:00:00+00:00
[2026-02-20T17:21:47.366+0000] {processor.py:183} INFO - Processing /opt/airflow/dags/minio_to_snowflake.py took 1.220 seconds
[2026-02-20T17:22:17.738+0000] {processor.py:161} INFO - Started process (PID=50) to work on /opt/airflow/dags/minio_to_snowflake.py
[2026-02-20T17:22:17.744+0000] {processor.py:830} INFO - Processing file /opt/airflow/dags/minio_to_snowflake.py for tasks to queue
[2026-02-20T17:22:17.754+0000] {logging_mixin.py:188} INFO - [2026-02-20T17:22:17.752+0000] {dagbag.py:545} INFO - Filling up the DagBag from /opt/airflow/dags/minio_to_snowflake.py
[2026-02-20T17:22:18.664+0000] {processor.py:840} INFO - DAG(s) 'spotify_minio_to_snowflake_bronze' retrieved from /opt/airflow/dags/minio_to_snowflake.py
[2026-02-20T17:22:18.690+0000] {logging_mixin.py:188} INFO - [2026-02-20T17:22:18.689+0000] {dag.py:3089} INFO - Sync 1 DAGs
[2026-02-20T17:22:18.712+0000] {logging_mixin.py:188} INFO - [2026-02-20T17:22:18.711+0000] {dag.py:3947} INFO - Setting next_dagrun for spotify_minio_to_snowflake_bronze to 2026-02-20 17:00:00+00:00, run_after=2026-02-20 18:00:00+00:00
[2026-02-20T17:22:18.734+0000] {processor.py:183} INFO - Processing /opt/airflow/dags/minio_to_snowflake.py took 1.034 seconds
[2026-02-20T17:22:48.998+0000] {processor.py:161} INFO - Started process (PID=53) to work on /opt/airflow/dags/minio_to_snowflake.py
[2026-02-20T17:22:49.000+0000] {processor.py:830} INFO - Processing file /opt/airflow/dags/minio_to_snowflake.py for tasks to queue
[2026-02-20T17:22:49.004+0000] {logging_mixin.py:188} INFO - [2026-02-20T17:22:49.003+0000] {dagbag.py:545} INFO - Filling up the DagBag from /opt/airflow/dags/minio_to_snowflake.py
[2026-02-20T17:22:50.056+0000] {processor.py:840} INFO - DAG(s) 'spotify_minio_to_snowflake_bronze' retrieved from /opt/airflow/dags/minio_to_snowflake.py
[2026-02-20T17:22:50.087+0000] {logging_mixin.py:188} INFO - [2026-02-20T17:22:50.087+0000] {dag.py:3089} INFO - Sync 1 DAGs
[2026-02-20T17:22:50.111+0000] {logging_mixin.py:188} INFO - [2026-02-20T17:22:50.111+0000] {dag.py:3947} INFO - Setting next_dagrun for spotify_minio_to_snowflake_bronze to 2026-02-20 17:00:00+00:00, run_after=2026-02-20 18:00:00+00:00
[2026-02-20T17:22:50.134+0000] {processor.py:183} INFO - Processing /opt/airflow/dags/minio_to_snowflake.py took 1.150 seconds
[2026-02-20T17:23:20.518+0000] {processor.py:161} INFO - Started process (PID=56) to work on /opt/airflow/dags/minio_to_snowflake.py
[2026-02-20T17:23:20.520+0000] {processor.py:830} INFO - Processing file /opt/airflow/dags/minio_to_snowflake.py for tasks to queue
[2026-02-20T17:23:20.524+0000] {logging_mixin.py:188} INFO - [2026-02-20T17:23:20.523+0000] {dagbag.py:545} INFO - Filling up the DagBag from /opt/airflow/dags/minio_to_snowflake.py
[2026-02-20T17:23:21.422+0000] {processor.py:840} INFO - DAG(s) 'spotify_minio_to_snowflake_bronze' retrieved from /opt/airflow/dags/minio_to_snowflake.py
[2026-02-20T17:23:21.490+0000] {logging_mixin.py:188} INFO - [2026-02-20T17:23:21.489+0000] {dag.py:3089} INFO - Sync 1 DAGs
[2026-02-20T17:23:21.543+0000] {logging_mixin.py:188} INFO - [2026-02-20T17:23:21.543+0000] {dag.py:3947} INFO - Setting next_dagrun for spotify_minio_to_snowflake_bronze to 2026-02-20 17:00:00+00:00, run_after=2026-02-20 18:00:00+00:00
[2026-02-20T17:23:21.591+0000] {processor.py:183} INFO - Processing /opt/airflow/dags/minio_to_snowflake.py took 1.091 seconds
[2026-02-20T17:23:51.904+0000] {processor.py:161} INFO - Started process (PID=59) to work on /opt/airflow/dags/minio_to_snowflake.py
[2026-02-20T17:23:51.905+0000] {processor.py:830} INFO - Processing file /opt/airflow/dags/minio_to_snowflake.py for tasks to queue
[2026-02-20T17:23:51.907+0000] {logging_mixin.py:188} INFO - [2026-02-20T17:23:51.907+0000] {dagbag.py:545} INFO - Filling up the DagBag from /opt/airflow/dags/minio_to_snowflake.py
[2026-02-20T17:23:52.746+0000] {processor.py:840} INFO - DAG(s) 'spotify_minio_to_snowflake_bronze' retrieved from /opt/airflow/dags/minio_to_snowflake.py
[2026-02-20T17:23:52.769+0000] {logging_mixin.py:188} INFO - [2026-02-20T17:23:52.769+0000] {dag.py:3089} INFO - Sync 1 DAGs
[2026-02-20T17:23:52.786+0000] {logging_mixin.py:188} INFO - [2026-02-20T17:23:52.785+0000] {dag.py:3947} INFO - Setting next_dagrun for spotify_minio_to_snowflake_bronze to 2026-02-20 17:00:00+00:00, run_after=2026-02-20 18:00:00+00:00
[2026-02-20T17:23:52.805+0000] {processor.py:183} INFO - Processing /opt/airflow/dags/minio_to_snowflake.py took 0.910 seconds
[2026-02-20T17:24:23.246+0000] {processor.py:161} INFO - Started process (PID=62) to work on /opt/airflow/dags/minio_to_snowflake.py
[2026-02-20T17:24:23.248+0000] {processor.py:830} INFO - Processing file /opt/airflow/dags/minio_to_snowflake.py for tasks to queue
[2026-02-20T17:24:23.250+0000] {logging_mixin.py:188} INFO - [2026-02-20T17:24:23.250+0000] {dagbag.py:545} INFO - Filling up the DagBag from /opt/airflow/dags/minio_to_snowflake.py
[2026-02-20T17:24:24.152+0000] {processor.py:840} INFO - DAG(s) 'spotify_minio_to_snowflake_bronze' retrieved from /opt/airflow/dags/minio_to_snowflake.py
[2026-02-20T17:24:24.185+0000] {logging_mixin.py:188} INFO - [2026-02-20T17:24:24.185+0000] {dag.py:3089} INFO - Sync 1 DAGs
[2026-02-20T17:24:24.211+0000] {logging_mixin.py:188} INFO - [2026-02-20T17:24:24.211+0000] {dag.py:3947} INFO - Setting next_dagrun for spotify_minio_to_snowflake_bronze to 2026-02-20 17:00:00+00:00, run_after=2026-02-20 18:00:00+00:00
[2026-02-20T17:24:24.233+0000] {processor.py:183} INFO - Processing /opt/airflow/dags/minio_to_snowflake.py took 0.995 seconds
[2026-02-20T17:24:54.669+0000] {processor.py:161} INFO - Started process (PID=65) to work on /opt/airflow/dags/minio_to_snowflake.py
[2026-02-20T17:24:54.674+0000] {processor.py:830} INFO - Processing file /opt/airflow/dags/minio_to_snowflake.py for tasks to queue
[2026-02-20T17:24:54.682+0000] {logging_mixin.py:188} INFO - [2026-02-20T17:24:54.680+0000] {dagbag.py:545} INFO - Filling up the DagBag from /opt/airflow/dags/minio_to_snowflake.py
[2026-02-20T17:24:55.675+0000] {processor.py:840} INFO - DAG(s) 'spotify_minio_to_snowflake_bronze' retrieved from /opt/airflow/dags/minio_to_snowflake.py
[2026-02-20T17:24:55.699+0000] {logging_mixin.py:188} INFO - [2026-02-20T17:24:55.699+0000] {dag.py:3089} INFO - Sync 1 DAGs
[2026-02-20T17:24:55.720+0000] {logging_mixin.py:188} INFO - [2026-02-20T17:24:55.720+0000] {dag.py:3947} INFO - Setting next_dagrun for spotify_minio_to_snowflake_bronze to 2026-02-20 17:00:00+00:00, run_after=2026-02-20 18:00:00+00:00
[2026-02-20T17:24:55.739+0000] {processor.py:183} INFO - Processing /opt/airflow/dags/minio_to_snowflake.py took 1.098 seconds
[2026-02-20T17:25:26.167+0000] {processor.py:161} INFO - Started process (PID=68) to work on /opt/airflow/dags/minio_to_snowflake.py
[2026-02-20T17:25:26.172+0000] {processor.py:830} INFO - Processing file /opt/airflow/dags/minio_to_snowflake.py for tasks to queue
[2026-02-20T17:25:26.181+0000] {logging_mixin.py:188} INFO - [2026-02-20T17:25:26.180+0000] {dagbag.py:545} INFO - Filling up the DagBag from /opt/airflow/dags/minio_to_snowflake.py
[2026-02-20T17:25:27.605+0000] {processor.py:840} INFO - DAG(s) 'spotify_minio_to_snowflake_bronze' retrieved from /opt/airflow/dags/minio_to_snowflake.py
[2026-02-20T17:25:27.643+0000] {logging_mixin.py:188} INFO - [2026-02-20T17:25:27.642+0000] {dag.py:3089} INFO - Sync 1 DAGs
[2026-02-20T17:25:27.675+0000] {logging_mixin.py:188} INFO - [2026-02-20T17:25:27.675+0000] {dag.py:3947} INFO - Setting next_dagrun for spotify_minio_to_snowflake_bronze to 2026-02-20 17:00:00+00:00, run_after=2026-02-20 18:00:00+00:00
[2026-02-20T17:25:27.693+0000] {processor.py:183} INFO - Processing /opt/airflow/dags/minio_to_snowflake.py took 1.555 seconds
[2026-02-20T17:25:58.102+0000] {processor.py:161} INFO - Started process (PID=86) to work on /opt/airflow/dags/minio_to_snowflake.py
[2026-02-20T17:25:58.103+0000] {processor.py:830} INFO - Processing file /opt/airflow/dags/minio_to_snowflake.py for tasks to queue
[2026-02-20T17:25:58.106+0000] {logging_mixin.py:188} INFO - [2026-02-20T17:25:58.105+0000] {dagbag.py:545} INFO - Filling up the DagBag from /opt/airflow/dags/minio_to_snowflake.py
[2026-02-20T17:25:59.379+0000] {processor.py:840} INFO - DAG(s) 'spotify_minio_to_snowflake_bronze' retrieved from /opt/airflow/dags/minio_to_snowflake.py
[2026-02-20T17:25:59.418+0000] {logging_mixin.py:188} INFO - [2026-02-20T17:25:59.417+0000] {dag.py:3089} INFO - Sync 1 DAGs
[2026-02-20T17:25:59.447+0000] {logging_mixin.py:188} INFO - [2026-02-20T17:25:59.447+0000] {dag.py:3947} INFO - Setting next_dagrun for spotify_minio_to_snowflake_bronze to 2026-02-20 17:00:00+00:00, run_after=2026-02-20 18:00:00+00:00
[2026-02-20T17:25:59.466+0000] {processor.py:183} INFO - Processing /opt/airflow/dags/minio_to_snowflake.py took 1.371 seconds
[2026-02-20T17:26:29.844+0000] {processor.py:161} INFO - Started process (PID=104) to work on /opt/airflow/dags/minio_to_snowflake.py
[2026-02-20T17:26:29.847+0000] {processor.py:830} INFO - Processing file /opt/airflow/dags/minio_to_snowflake.py for tasks to queue
[2026-02-20T17:26:29.853+0000] {logging_mixin.py:188} INFO - [2026-02-20T17:26:29.852+0000] {dagbag.py:545} INFO - Filling up the DagBag from /opt/airflow/dags/minio_to_snowflake.py
[2026-02-20T17:26:30.964+0000] {processor.py:840} INFO - DAG(s) 'spotify_minio_to_snowflake_bronze' retrieved from /opt/airflow/dags/minio_to_snowflake.py
[2026-02-20T17:26:30.994+0000] {logging_mixin.py:188} INFO - [2026-02-20T17:26:30.993+0000] {dag.py:3089} INFO - Sync 1 DAGs
[2026-02-20T17:26:31.020+0000] {logging_mixin.py:188} INFO - [2026-02-20T17:26:31.020+0000] {dag.py:3947} INFO - Setting next_dagrun for spotify_minio_to_snowflake_bronze to 2026-02-20 17:00:00+00:00, run_after=2026-02-20 18:00:00+00:00
[2026-02-20T17:26:31.043+0000] {processor.py:183} INFO - Processing /opt/airflow/dags/minio_to_snowflake.py took 1.207 seconds
[2026-02-20T17:27:01.307+0000] {processor.py:161} INFO - Started process (PID=107) to work on /opt/airflow/dags/minio_to_snowflake.py
[2026-02-20T17:27:01.312+0000] {processor.py:830} INFO - Processing file /opt/airflow/dags/minio_to_snowflake.py for tasks to queue
[2026-02-20T17:27:01.323+0000] {logging_mixin.py:188} INFO - [2026-02-20T17:27:01.321+0000] {dagbag.py:545} INFO - Filling up the DagBag from /opt/airflow/dags/minio_to_snowflake.py
[2026-02-20T17:27:02.277+0000] {processor.py:840} INFO - DAG(s) 'spotify_minio_to_snowflake_bronze' retrieved from /opt/airflow/dags/minio_to_snowflake.py
[2026-02-20T17:27:02.299+0000] {logging_mixin.py:188} INFO - [2026-02-20T17:27:02.299+0000] {dag.py:3089} INFO - Sync 1 DAGs
[2026-02-20T17:27:02.317+0000] {logging_mixin.py:188} INFO - [2026-02-20T17:27:02.317+0000] {dag.py:3947} INFO - Setting next_dagrun for spotify_minio_to_snowflake_bronze to 2026-02-20 17:00:00+00:00, run_after=2026-02-20 18:00:00+00:00
[2026-02-20T17:27:02.337+0000] {processor.py:183} INFO - Processing /opt/airflow/dags/minio_to_snowflake.py took 1.068 seconds
[2026-02-20T17:27:32.742+0000] {processor.py:161} INFO - Started process (PID=110) to work on /opt/airflow/dags/minio_to_snowflake.py
[2026-02-20T17:27:32.747+0000] {processor.py:830} INFO - Processing file /opt/airflow/dags/minio_to_snowflake.py for tasks to queue
[2026-02-20T17:27:32.759+0000] {logging_mixin.py:188} INFO - [2026-02-20T17:27:32.757+0000] {dagbag.py:545} INFO - Filling up the DagBag from /opt/airflow/dags/minio_to_snowflake.py
[2026-02-20T17:27:33.625+0000] {processor.py:840} INFO - DAG(s) 'spotify_minio_to_snowflake_bronze' retrieved from /opt/airflow/dags/minio_to_snowflake.py
[2026-02-20T17:27:33.668+0000] {logging_mixin.py:188} INFO - [2026-02-20T17:27:33.667+0000] {dag.py:3089} INFO - Sync 1 DAGs
[2026-02-20T17:27:33.720+0000] {logging_mixin.py:188} INFO - [2026-02-20T17:27:33.719+0000] {dag.py:3947} INFO - Setting next_dagrun for spotify_minio_to_snowflake_bronze to 2026-02-20 17:00:00+00:00, run_after=2026-02-20 18:00:00+00:00
[2026-02-20T17:27:33.744+0000] {processor.py:183} INFO - Processing /opt/airflow/dags/minio_to_snowflake.py took 1.031 seconds
[2026-02-20T17:28:04.092+0000] {processor.py:161} INFO - Started process (PID=113) to work on /opt/airflow/dags/minio_to_snowflake.py
[2026-02-20T17:28:04.093+0000] {processor.py:830} INFO - Processing file /opt/airflow/dags/minio_to_snowflake.py for tasks to queue
[2026-02-20T17:28:04.096+0000] {logging_mixin.py:188} INFO - [2026-02-20T17:28:04.096+0000] {dagbag.py:545} INFO - Filling up the DagBag from /opt/airflow/dags/minio_to_snowflake.py
[2026-02-20T17:28:05.330+0000] {processor.py:840} INFO - DAG(s) 'spotify_minio_to_snowflake_bronze' retrieved from /opt/airflow/dags/minio_to_snowflake.py
[2026-02-20T17:28:05.369+0000] {logging_mixin.py:188} INFO - [2026-02-20T17:28:05.368+0000] {dag.py:3089} INFO - Sync 1 DAGs
[2026-02-20T17:28:05.399+0000] {logging_mixin.py:188} INFO - [2026-02-20T17:28:05.398+0000] {dag.py:3947} INFO - Setting next_dagrun for spotify_minio_to_snowflake_bronze to 2026-02-20 17:00:00+00:00, run_after=2026-02-20 18:00:00+00:00
[2026-02-20T17:28:05.431+0000] {processor.py:183} INFO - Processing /opt/airflow/dags/minio_to_snowflake.py took 1.347 seconds
[2026-02-20T17:28:35.956+0000] {processor.py:161} INFO - Started process (PID=116) to work on /opt/airflow/dags/minio_to_snowflake.py
[2026-02-20T17:28:35.961+0000] {processor.py:830} INFO - Processing file /opt/airflow/dags/minio_to_snowflake.py for tasks to queue
[2026-02-20T17:28:35.971+0000] {logging_mixin.py:188} INFO - [2026-02-20T17:28:35.969+0000] {dagbag.py:545} INFO - Filling up the DagBag from /opt/airflow/dags/minio_to_snowflake.py
[2026-02-20T17:28:36.908+0000] {processor.py:840} INFO - DAG(s) 'spotify_minio_to_snowflake_bronze' retrieved from /opt/airflow/dags/minio_to_snowflake.py
[2026-02-20T17:28:36.934+0000] {logging_mixin.py:188} INFO - [2026-02-20T17:28:36.934+0000] {dag.py:3089} INFO - Sync 1 DAGs
[2026-02-20T17:28:36.957+0000] {logging_mixin.py:188} INFO - [2026-02-20T17:28:36.957+0000] {dag.py:3947} INFO - Setting next_dagrun for spotify_minio_to_snowflake_bronze to 2026-02-20 17:00:00+00:00, run_after=2026-02-20 18:00:00+00:00
[2026-02-20T17:28:36.981+0000] {processor.py:183} INFO - Processing /opt/airflow/dags/minio_to_snowflake.py took 1.061 seconds
[2026-02-20T17:29:07.332+0000] {processor.py:161} INFO - Started process (PID=119) to work on /opt/airflow/dags/minio_to_snowflake.py
[2026-02-20T17:29:07.336+0000] {processor.py:830} INFO - Processing file /opt/airflow/dags/minio_to_snowflake.py for tasks to queue
[2026-02-20T17:29:07.345+0000] {logging_mixin.py:188} INFO - [2026-02-20T17:29:07.344+0000] {dagbag.py:545} INFO - Filling up the DagBag from /opt/airflow/dags/minio_to_snowflake.py
[2026-02-20T17:29:08.609+0000] {processor.py:840} INFO - DAG(s) 'spotify_minio_to_snowflake_bronze' retrieved from /opt/airflow/dags/minio_to_snowflake.py
[2026-02-20T17:29:08.648+0000] {logging_mixin.py:188} INFO - [2026-02-20T17:29:08.648+0000] {dag.py:3089} INFO - Sync 1 DAGs
[2026-02-20T17:29:08.679+0000] {logging_mixin.py:188} INFO - [2026-02-20T17:29:08.679+0000] {dag.py:3947} INFO - Setting next_dagrun for spotify_minio_to_snowflake_bronze to 2026-02-20 17:00:00+00:00, run_after=2026-02-20 18:00:00+00:00
[2026-02-20T17:29:08.704+0000] {processor.py:183} INFO - Processing /opt/airflow/dags/minio_to_snowflake.py took 1.400 seconds
[2026-02-20T17:29:39.256+0000] {processor.py:161} INFO - Started process (PID=122) to work on /opt/airflow/dags/minio_to_snowflake.py
[2026-02-20T17:29:39.260+0000] {processor.py:830} INFO - Processing file /opt/airflow/dags/minio_to_snowflake.py for tasks to queue
[2026-02-20T17:29:39.270+0000] {logging_mixin.py:188} INFO - [2026-02-20T17:29:39.268+0000] {dagbag.py:545} INFO - Filling up the DagBag from /opt/airflow/dags/minio_to_snowflake.py
[2026-02-20T17:29:40.573+0000] {processor.py:840} INFO - DAG(s) 'spotify_minio_to_snowflake_bronze' retrieved from /opt/airflow/dags/minio_to_snowflake.py
[2026-02-20T17:29:40.609+0000] {logging_mixin.py:188} INFO - [2026-02-20T17:29:40.608+0000] {dag.py:3089} INFO - Sync 1 DAGs
[2026-02-20T17:29:40.635+0000] {logging_mixin.py:188} INFO - [2026-02-20T17:29:40.635+0000] {dag.py:3947} INFO - Setting next_dagrun for spotify_minio_to_snowflake_bronze to 2026-02-20 17:00:00+00:00, run_after=2026-02-20 18:00:00+00:00
[2026-02-20T17:29:40.659+0000] {processor.py:183} INFO - Processing /opt/airflow/dags/minio_to_snowflake.py took 1.433 seconds
[2026-02-20T17:30:11.154+0000] {processor.py:161} INFO - Started process (PID=125) to work on /opt/airflow/dags/minio_to_snowflake.py
[2026-02-20T17:30:11.157+0000] {processor.py:830} INFO - Processing file /opt/airflow/dags/minio_to_snowflake.py for tasks to queue
[2026-02-20T17:30:11.163+0000] {logging_mixin.py:188} INFO - [2026-02-20T17:30:11.162+0000] {dagbag.py:545} INFO - Filling up the DagBag from /opt/airflow/dags/minio_to_snowflake.py
[2026-02-20T17:30:12.183+0000] {processor.py:840} INFO - DAG(s) 'spotify_minio_to_snowflake_bronze' retrieved from /opt/airflow/dags/minio_to_snowflake.py
[2026-02-20T17:30:12.233+0000] {logging_mixin.py:188} INFO - [2026-02-20T17:30:12.233+0000] {dag.py:3089} INFO - Sync 1 DAGs
[2026-02-20T17:30:12.282+0000] {logging_mixin.py:188} INFO - [2026-02-20T17:30:12.282+0000] {dag.py:3947} INFO - Setting next_dagrun for spotify_minio_to_snowflake_bronze to 2026-02-20 17:00:00+00:00, run_after=2026-02-20 18:00:00+00:00
[2026-02-20T17:30:12.323+0000] {processor.py:183} INFO - Processing /opt/airflow/dags/minio_to_snowflake.py took 1.189 seconds
[2026-02-20T17:30:42.518+0000] {processor.py:161} INFO - Started process (PID=128) to work on /opt/airflow/dags/minio_to_snowflake.py
[2026-02-20T17:30:42.523+0000] {processor.py:830} INFO - Processing file /opt/airflow/dags/minio_to_snowflake.py for tasks to queue
[2026-02-20T17:30:42.531+0000] {logging_mixin.py:188} INFO - [2026-02-20T17:30:42.529+0000] {dagbag.py:545} INFO - Filling up the DagBag from /opt/airflow/dags/minio_to_snowflake.py
[2026-02-20T17:30:43.459+0000] {processor.py:840} INFO - DAG(s) 'spotify_minio_to_snowflake_bronze' retrieved from /opt/airflow/dags/minio_to_snowflake.py
[2026-02-20T17:30:43.492+0000] {logging_mixin.py:188} INFO - [2026-02-20T17:30:43.491+0000] {dag.py:3089} INFO - Sync 1 DAGs
[2026-02-20T17:30:43.521+0000] {logging_mixin.py:188} INFO - [2026-02-20T17:30:43.521+0000] {dag.py:3947} INFO - Setting next_dagrun for spotify_minio_to_snowflake_bronze to 2026-02-20 17:00:00+00:00, run_after=2026-02-20 18:00:00+00:00
[2026-02-20T17:30:43.551+0000] {processor.py:183} INFO - Processing /opt/airflow/dags/minio_to_snowflake.py took 1.061 seconds
[2026-02-20T17:31:14.122+0000] {processor.py:161} INFO - Started process (PID=131) to work on /opt/airflow/dags/minio_to_snowflake.py
[2026-02-20T17:31:14.127+0000] {processor.py:830} INFO - Processing file /opt/airflow/dags/minio_to_snowflake.py for tasks to queue
[2026-02-20T17:31:14.136+0000] {logging_mixin.py:188} INFO - [2026-02-20T17:31:14.134+0000] {dagbag.py:545} INFO - Filling up the DagBag from /opt/airflow/dags/minio_to_snowflake.py
[2026-02-20T17:31:15.132+0000] {processor.py:840} INFO - DAG(s) 'spotify_minio_to_snowflake_bronze' retrieved from /opt/airflow/dags/minio_to_snowflake.py
[2026-02-20T17:31:15.158+0000] {logging_mixin.py:188} INFO - [2026-02-20T17:31:15.157+0000] {dag.py:3089} INFO - Sync 1 DAGs
[2026-02-20T17:31:15.179+0000] {logging_mixin.py:188} INFO - [2026-02-20T17:31:15.179+0000] {dag.py:3947} INFO - Setting next_dagrun for spotify_minio_to_snowflake_bronze to 2026-02-20 17:00:00+00:00, run_after=2026-02-20 18:00:00+00:00
[2026-02-20T17:31:15.201+0000] {processor.py:183} INFO - Processing /opt/airflow/dags/minio_to_snowflake.py took 1.105 seconds
[2026-02-20T17:31:45.571+0000] {processor.py:161} INFO - Started process (PID=134) to work on /opt/airflow/dags/minio_to_snowflake.py
[2026-02-20T17:31:45.576+0000] {processor.py:830} INFO - Processing file /opt/airflow/dags/minio_to_snowflake.py for tasks to queue
[2026-02-20T17:31:45.586+0000] {logging_mixin.py:188} INFO - [2026-02-20T17:31:45.584+0000] {dagbag.py:545} INFO - Filling up the DagBag from /opt/airflow/dags/minio_to_snowflake.py
[2026-02-20T17:31:46.712+0000] {processor.py:840} INFO - DAG(s) 'spotify_minio_to_snowflake_bronze' retrieved from /opt/airflow/dags/minio_to_snowflake.py
[2026-02-20T17:31:46.740+0000] {logging_mixin.py:188} INFO - [2026-02-20T17:31:46.740+0000] {dag.py:3089} INFO - Sync 1 DAGs
[2026-02-20T17:31:46.760+0000] {logging_mixin.py:188} INFO - [2026-02-20T17:31:46.760+0000] {dag.py:3947} INFO - Setting next_dagrun for spotify_minio_to_snowflake_bronze to 2026-02-20 17:00:00+00:00, run_after=2026-02-20 18:00:00+00:00
[2026-02-20T17:31:46.780+0000] {processor.py:183} INFO - Processing /opt/airflow/dags/minio_to_snowflake.py took 1.236 seconds
[2026-02-20T17:32:17.066+0000] {processor.py:161} INFO - Started process (PID=137) to work on /opt/airflow/dags/minio_to_snowflake.py
[2026-02-20T17:32:17.070+0000] {processor.py:830} INFO - Processing file /opt/airflow/dags/minio_to_snowflake.py for tasks to queue
[2026-02-20T17:32:17.079+0000] {logging_mixin.py:188} INFO - [2026-02-20T17:32:17.078+0000] {dagbag.py:545} INFO - Filling up the DagBag from /opt/airflow/dags/minio_to_snowflake.py
[2026-02-20T17:32:18.663+0000] {processor.py:840} INFO - DAG(s) 'spotify_minio_to_snowflake_bronze' retrieved from /opt/airflow/dags/minio_to_snowflake.py
[2026-02-20T17:32:18.693+0000] {logging_mixin.py:188} INFO - [2026-02-20T17:32:18.693+0000] {dag.py:3089} INFO - Sync 1 DAGs
[2026-02-20T17:32:18.714+0000] {logging_mixin.py:188} INFO - [2026-02-20T17:32:18.714+0000] {dag.py:3947} INFO - Setting next_dagrun for spotify_minio_to_snowflake_bronze to 2026-02-20 17:00:00+00:00, run_after=2026-02-20 18:00:00+00:00
[2026-02-20T17:32:18.732+0000] {processor.py:183} INFO - Processing /opt/airflow/dags/minio_to_snowflake.py took 1.695 seconds
[2026-02-20T17:32:49.241+0000] {processor.py:161} INFO - Started process (PID=140) to work on /opt/airflow/dags/minio_to_snowflake.py
[2026-02-20T17:32:49.246+0000] {processor.py:830} INFO - Processing file /opt/airflow/dags/minio_to_snowflake.py for tasks to queue
[2026-02-20T17:32:49.261+0000] {logging_mixin.py:188} INFO - [2026-02-20T17:32:49.259+0000] {dagbag.py:545} INFO - Filling up the DagBag from /opt/airflow/dags/minio_to_snowflake.py
[2026-02-20T17:32:50.592+0000] {processor.py:840} INFO - DAG(s) 'spotify_minio_to_snowflake_bronze' retrieved from /opt/airflow/dags/minio_to_snowflake.py
[2026-02-20T17:32:50.699+0000] {logging_mixin.py:188} INFO - [2026-02-20T17:32:50.698+0000] {dag.py:3089} INFO - Sync 1 DAGs
[2026-02-20T17:32:50.791+0000] {logging_mixin.py:188} INFO - [2026-02-20T17:32:50.790+0000] {dag.py:3947} INFO - Setting next_dagrun for spotify_minio_to_snowflake_bronze to 2026-02-20 17:00:00+00:00, run_after=2026-02-20 18:00:00+00:00
[2026-02-20T17:32:50.873+0000] {processor.py:183} INFO - Processing /opt/airflow/dags/minio_to_snowflake.py took 1.669 seconds
[2026-02-20T17:33:21.376+0000] {processor.py:161} INFO - Started process (PID=143) to work on /opt/airflow/dags/minio_to_snowflake.py
[2026-02-20T17:33:21.378+0000] {processor.py:830} INFO - Processing file /opt/airflow/dags/minio_to_snowflake.py for tasks to queue
[2026-02-20T17:33:21.383+0000] {logging_mixin.py:188} INFO - [2026-02-20T17:33:21.382+0000] {dagbag.py:545} INFO - Filling up the DagBag from /opt/airflow/dags/minio_to_snowflake.py
[2026-02-20T17:33:22.396+0000] {processor.py:840} INFO - DAG(s) 'spotify_minio_to_snowflake_bronze' retrieved from /opt/airflow/dags/minio_to_snowflake.py
[2026-02-20T17:33:22.438+0000] {logging_mixin.py:188} INFO - [2026-02-20T17:33:22.438+0000] {dag.py:3089} INFO - Sync 1 DAGs
[2026-02-20T17:33:22.475+0000] {logging_mixin.py:188} INFO - [2026-02-20T17:33:22.474+0000] {dag.py:3947} INFO - Setting next_dagrun for spotify_minio_to_snowflake_bronze to 2026-02-20 17:00:00+00:00, run_after=2026-02-20 18:00:00+00:00
[2026-02-20T17:33:22.503+0000] {processor.py:183} INFO - Processing /opt/airflow/dags/minio_to_snowflake.py took 1.146 seconds
[2026-02-20T17:33:52.885+0000] {processor.py:161} INFO - Started process (PID=146) to work on /opt/airflow/dags/minio_to_snowflake.py
[2026-02-20T17:33:52.891+0000] {processor.py:830} INFO - Processing file /opt/airflow/dags/minio_to_snowflake.py for tasks to queue
[2026-02-20T17:33:52.903+0000] {logging_mixin.py:188} INFO - [2026-02-20T17:33:52.901+0000] {dagbag.py:545} INFO - Filling up the DagBag from /opt/airflow/dags/minio_to_snowflake.py
[2026-02-20T17:33:54.378+0000] {processor.py:840} INFO - DAG(s) 'spotify_minio_to_snowflake_bronze' retrieved from /opt/airflow/dags/minio_to_snowflake.py
[2026-02-20T17:33:54.408+0000] {logging_mixin.py:188} INFO - [2026-02-20T17:33:54.407+0000] {dag.py:3089} INFO - Sync 1 DAGs
[2026-02-20T17:33:54.429+0000] {logging_mixin.py:188} INFO - [2026-02-20T17:33:54.429+0000] {dag.py:3947} INFO - Setting next_dagrun for spotify_minio_to_snowflake_bronze to 2026-02-20 17:00:00+00:00, run_after=2026-02-20 18:00:00+00:00
[2026-02-20T17:33:54.449+0000] {processor.py:183} INFO - Processing /opt/airflow/dags/minio_to_snowflake.py took 1.604 seconds
[2026-02-20T17:34:24.957+0000] {processor.py:161} INFO - Started process (PID=149) to work on /opt/airflow/dags/minio_to_snowflake.py
[2026-02-20T17:34:24.958+0000] {processor.py:830} INFO - Processing file /opt/airflow/dags/minio_to_snowflake.py for tasks to queue
[2026-02-20T17:34:24.960+0000] {logging_mixin.py:188} INFO - [2026-02-20T17:34:24.959+0000] {dagbag.py:545} INFO - Filling up the DagBag from /opt/airflow/dags/minio_to_snowflake.py
[2026-02-20T17:34:26.051+0000] {processor.py:840} INFO - DAG(s) 'spotify_minio_to_snowflake_bronze' retrieved from /opt/airflow/dags/minio_to_snowflake.py
[2026-02-20T17:34:26.076+0000] {logging_mixin.py:188} INFO - [2026-02-20T17:34:26.076+0000] {dag.py:3089} INFO - Sync 1 DAGs
[2026-02-20T17:34:26.096+0000] {logging_mixin.py:188} INFO - [2026-02-20T17:34:26.096+0000] {dag.py:3947} INFO - Setting next_dagrun for spotify_minio_to_snowflake_bronze to 2026-02-20 17:00:00+00:00, run_after=2026-02-20 18:00:00+00:00
[2026-02-20T17:34:26.116+0000] {processor.py:183} INFO - Processing /opt/airflow/dags/minio_to_snowflake.py took 1.165 seconds
[2026-02-20T17:34:56.427+0000] {processor.py:161} INFO - Started process (PID=152) to work on /opt/airflow/dags/minio_to_snowflake.py
[2026-02-20T17:34:56.432+0000] {processor.py:830} INFO - Processing file /opt/airflow/dags/minio_to_snowflake.py for tasks to queue
[2026-02-20T17:34:56.443+0000] {logging_mixin.py:188} INFO - [2026-02-20T17:34:56.441+0000] {dagbag.py:545} INFO - Filling up the DagBag from /opt/airflow/dags/minio_to_snowflake.py
[2026-02-20T17:34:57.651+0000] {processor.py:840} INFO - DAG(s) 'spotify_minio_to_snowflake_bronze' retrieved from /opt/airflow/dags/minio_to_snowflake.py
[2026-02-20T17:34:57.679+0000] {logging_mixin.py:188} INFO - [2026-02-20T17:34:57.678+0000] {dag.py:3089} INFO - Sync 1 DAGs
[2026-02-20T17:34:57.702+0000] {logging_mixin.py:188} INFO - [2026-02-20T17:34:57.701+0000] {dag.py:3947} INFO - Setting next_dagrun for spotify_minio_to_snowflake_bronze to 2026-02-20 17:00:00+00:00, run_after=2026-02-20 18:00:00+00:00
[2026-02-20T17:34:57.730+0000] {processor.py:183} INFO - Processing /opt/airflow/dags/minio_to_snowflake.py took 1.333 seconds
[2026-02-20T17:35:28.015+0000] {processor.py:161} INFO - Started process (PID=155) to work on /opt/airflow/dags/minio_to_snowflake.py
[2026-02-20T17:35:28.019+0000] {processor.py:830} INFO - Processing file /opt/airflow/dags/minio_to_snowflake.py for tasks to queue
[2026-02-20T17:35:28.028+0000] {logging_mixin.py:188} INFO - [2026-02-20T17:35:28.026+0000] {dagbag.py:545} INFO - Filling up the DagBag from /opt/airflow/dags/minio_to_snowflake.py
[2026-02-20T17:35:29.681+0000] {processor.py:840} INFO - DAG(s) 'spotify_minio_to_snowflake_bronze' retrieved from /opt/airflow/dags/minio_to_snowflake.py
[2026-02-20T17:35:29.705+0000] {logging_mixin.py:188} INFO - [2026-02-20T17:35:29.705+0000] {dag.py:3089} INFO - Sync 1 DAGs
[2026-02-20T17:35:29.725+0000] {logging_mixin.py:188} INFO - [2026-02-20T17:35:29.725+0000] {dag.py:3947} INFO - Setting next_dagrun for spotify_minio_to_snowflake_bronze to 2026-02-20 17:00:00+00:00, run_after=2026-02-20 18:00:00+00:00
[2026-02-20T17:35:29.743+0000] {processor.py:183} INFO - Processing /opt/airflow/dags/minio_to_snowflake.py took 1.756 seconds
[2026-02-20T17:36:00.241+0000] {processor.py:161} INFO - Started process (PID=158) to work on /opt/airflow/dags/minio_to_snowflake.py
[2026-02-20T17:36:00.246+0000] {processor.py:830} INFO - Processing file /opt/airflow/dags/minio_to_snowflake.py for tasks to queue
[2026-02-20T17:36:00.254+0000] {logging_mixin.py:188} INFO - [2026-02-20T17:36:00.253+0000] {dagbag.py:545} INFO - Filling up the DagBag from /opt/airflow/dags/minio_to_snowflake.py
[2026-02-20T17:36:01.199+0000] {processor.py:840} INFO - DAG(s) 'spotify_minio_to_snowflake_bronze' retrieved from /opt/airflow/dags/minio_to_snowflake.py
[2026-02-20T17:36:01.225+0000] {logging_mixin.py:188} INFO - [2026-02-20T17:36:01.225+0000] {dag.py:3089} INFO - Sync 1 DAGs
[2026-02-20T17:36:01.244+0000] {logging_mixin.py:188} INFO - [2026-02-20T17:36:01.244+0000] {dag.py:3947} INFO - Setting next_dagrun for spotify_minio_to_snowflake_bronze to 2026-02-20 17:00:00+00:00, run_after=2026-02-20 18:00:00+00:00
[2026-02-20T17:36:01.262+0000] {processor.py:183} INFO - Processing /opt/airflow/dags/minio_to_snowflake.py took 1.052 seconds
[2026-02-20T17:36:31.618+0000] {processor.py:161} INFO - Started process (PID=161) to work on /opt/airflow/dags/minio_to_snowflake.py
[2026-02-20T17:36:31.619+0000] {processor.py:830} INFO - Processing file /opt/airflow/dags/minio_to_snowflake.py for tasks to queue
[2026-02-20T17:36:31.622+0000] {logging_mixin.py:188} INFO - [2026-02-20T17:36:31.621+0000] {dagbag.py:545} INFO - Filling up the DagBag from /opt/airflow/dags/minio_to_snowflake.py
[2026-02-20T17:36:32.508+0000] {processor.py:840} INFO - DAG(s) 'spotify_minio_to_snowflake_bronze' retrieved from /opt/airflow/dags/minio_to_snowflake.py
[2026-02-20T17:36:32.532+0000] {logging_mixin.py:188} INFO - [2026-02-20T17:36:32.531+0000] {dag.py:3089} INFO - Sync 1 DAGs
[2026-02-20T17:36:32.549+0000] {logging_mixin.py:188} INFO - [2026-02-20T17:36:32.549+0000] {dag.py:3947} INFO - Setting next_dagrun for spotify_minio_to_snowflake_bronze to 2026-02-20 17:00:00+00:00, run_after=2026-02-20 18:00:00+00:00
[2026-02-20T17:36:32.568+0000] {processor.py:183} INFO - Processing /opt/airflow/dags/minio_to_snowflake.py took 0.958 seconds
