[2026-02-19T19:10:33.729+0000] {local_task_job_runner.py:120} INFO - ::group::Pre task execution logs
[2026-02-19T19:10:33.757+0000] {taskinstance.py:2076} INFO - Dependencies all met for dep_context=non-requeueable deps ti=<TaskInstance: spotify_minio_to_snowflake_bronze.load_data manual__2026-02-19T19:10:24.629142+00:00 [queued]>
[2026-02-19T19:10:33.765+0000] {taskinstance.py:2076} INFO - Dependencies all met for dep_context=requeueable deps ti=<TaskInstance: spotify_minio_to_snowflake_bronze.load_data manual__2026-02-19T19:10:24.629142+00:00 [queued]>
[2026-02-19T19:10:33.765+0000] {taskinstance.py:2306} INFO - Starting attempt 1 of 2
[2026-02-19T19:10:33.776+0000] {taskinstance.py:2330} INFO - Executing <Task(PythonOperator): load_data> on 2026-02-19 19:10:24.629142+00:00
[2026-02-19T19:10:33.784+0000] {standard_task_runner.py:90} INFO - Running: ['airflow', 'tasks', 'run', 'spotify_minio_to_snowflake_bronze', 'load_data', 'manual__2026-02-19T19:10:24.629142+00:00', '--job-id', '15', '--raw', '--subdir', 'DAGS_FOLDER/minio_to_snowflake.py', '--cfg-path', '/tmp/tmpt2cj8v9b']
[2026-02-19T19:10:33.788+0000] {standard_task_runner.py:91} INFO - Job 15: Subtask load_data
[2026-02-19T19:10:33.789+0000] {logging_mixin.py:188} WARNING - /home/airflow/.local/lib/python3.12/site-packages/airflow/task/task_runner/standard_task_runner.py:62 DeprecationWarning: This process (pid=89) is multi-threaded, use of fork() may lead to deadlocks in the child.
[2026-02-19T19:10:33.789+0000] {standard_task_runner.py:64} INFO - Started process 103 to run task
[2026-02-19T19:10:33.868+0000] {task_command.py:426} INFO - Running <TaskInstance: spotify_minio_to_snowflake_bronze.load_data manual__2026-02-19T19:10:24.629142+00:00 [running]> on host fdce163c0245
[2026-02-19T19:10:33.977+0000] {taskinstance.py:2648} INFO - Exporting env vars: AIRFLOW_CTX_DAG_OWNER='airflow' AIRFLOW_CTX_DAG_ID='spotify_minio_to_snowflake_bronze' AIRFLOW_CTX_TASK_ID='load_data' AIRFLOW_CTX_EXECUTION_DATE='2026-02-19T19:10:24.629142+00:00' AIRFLOW_CTX_TRY_NUMBER='1' AIRFLOW_CTX_DAG_RUN_ID='manual__2026-02-19T19:10:24.629142+00:00'
[2026-02-19T19:10:33.979+0000] {taskinstance.py:430} INFO - ::endgroup::
[2026-02-19T19:10:34.014+0000] {taskinstance.py:441} INFO - ::group::Post task execution logs
[2026-02-19T19:10:34.017+0000] {taskinstance.py:2905} ERROR - Task failed with exception
Traceback (most recent call last):
  File "/home/airflow/.local/lib/python3.12/site-packages/airflow/models/taskinstance.py", line 465, in _execute_task
    result = _execute_callable(context=context, **execute_callable_kwargs)
             ^^^^^^^^^^^^^^^^^^^^^^^^^^^^^^^^^^^^^^^^^^^^^^^^^^^^^^^^^^^^^
  File "/home/airflow/.local/lib/python3.12/site-packages/airflow/models/taskinstance.py", line 432, in _execute_callable
    return execute_callable(context=context, **execute_callable_kwargs)
           ^^^^^^^^^^^^^^^^^^^^^^^^^^^^^^^^^^^^^^^^^^^^^^^^^^^^^^^^^^^^
  File "/home/airflow/.local/lib/python3.12/site-packages/airflow/models/baseoperator.py", line 401, in wrapper
    return func(self, *args, **kwargs)
           ^^^^^^^^^^^^^^^^^^^^^^^^^^^
  File "/home/airflow/.local/lib/python3.12/site-packages/airflow/operators/python.py", line 235, in execute
    return_value = self.execute_callable()
                   ^^^^^^^^^^^^^^^^^^^^^^^
  File "/home/airflow/.local/lib/python3.12/site-packages/airflow/operators/python.py", line 252, in execute_callable
    return self.python_callable(*self.op_args, **self.op_kwargs)
           ^^^^^^^^^^^^^^^^^^^^^^^^^^^^^^^^^^^^^^^^^^^^^^^^^^^^^
  File "/opt/airflow/dags/minio_to_snowflake.py", line 96, in load_to_snowflake
    events = json.loads(f)
             ^^^^^^^^^^^^^
  File "/usr/local/lib/python3.12/json/__init__.py", line 339, in loads
    raise TypeError(f'the JSON object must be str, bytes or bytearray, '
TypeError: the JSON object must be str, bytes or bytearray, not TextIOWrapper
[2026-02-19T19:10:34.039+0000] {taskinstance.py:1206} INFO - Marking task as UP_FOR_RETRY. dag_id=spotify_minio_to_snowflake_bronze, task_id=load_data, run_id=manual__2026-02-19T19:10:24.629142+00:00, execution_date=20260219T191024, start_date=20260219T191033, end_date=20260219T191034
[2026-02-19T19:10:34.052+0000] {standard_task_runner.py:110} ERROR - Failed to execute job 15 for task load_data (the JSON object must be str, bytes or bytearray, not TextIOWrapper; 103)
[2026-02-19T19:10:34.085+0000] {local_task_job_runner.py:243} INFO - Task exited with return code 1
[2026-02-19T19:10:34.104+0000] {taskinstance.py:3503} INFO - 0 downstream tasks scheduled from follow-on schedule check
[2026-02-19T19:10:34.106+0000] {local_task_job_runner.py:222} INFO - ::endgroup::
